    {
      "stageNumber": 4,
      "title": "Lateral Movement & Discovery",
      "description": "Armed with domain admin credentials, the attacker moves laterally across the network using Pass the Hash and PsExec. Multiple servers are compromised including the file server, application server, and the domain controller. Active Directory enumeration reveals the full scope of the target environment.",
      "unlockCondition": "AFTER_PREVIOUS",
      "logs": [
        {
          "logType": "WINDOWS_EVENT",
          "summary": "Windows Event 4624 \u2014 Successful network logon (Type 3) on SRV-FS01 using NTLM authentication as admin.rjohnson from source 10.0.1.25 (WS-EXEC01). NTLM usage for a domain admin connecting to a file server is highly suspicious \u2014 Kerberos should be the normal authentication protocol.",
          "rawLog": {
            "EventID": 4624,
            "Source": "Microsoft-Windows-Security-Auditing",
            "TimeCreated": "2025-10-14T10:22:18Z",
            "Computer": "SRV-FS01.corpsec.local",
            "SubjectUserSid": "S-1-0-0",
            "SubjectUserName": "-",
            "SubjectDomainName": "-",
            "SubjectLogonId": "0x0",
            "TargetUserSid": "S-1-5-21-3842939050-3880317879-2865463114-1201",
            "TargetUserName": "admin.rjohnson",
            "TargetDomainName": "CORPSEC",
            "TargetLogonId": "0x5A8C12",
            "LogonType": 3,
            "LogonProcessName": "NtLmSsp",
            "AuthenticationPackageName": "NTLM",
            "WorkstationName": "WS-EXEC01",
            "LogonGuid": "{00000000-0000-0000-0000-000000000000}",
            "TransmittedServices": "-",
            "LmPackageName": "NTLM V2",
            "KeyLength": 128,
            "IpAddress": "10.0.1.25",
            "IpPort": 49802,
            "ImpersonationLevel": "%%1833"
          },
          "severity": "HIGH",
          "hostname": "SRV-FS01",
          "username": "admin.rjohnson",
          "sourceIp": "10.0.1.25",
          "destIp": "10.0.3.10",
          "eventId": "4624",
          "timestamp": "2025-10-14T10:22:18Z",
          "isEvidence": true,
          "evidenceTag": "lateral-movement-fs01",
          "sortOrder": 1
        },
        {
          "logType": "WINDOWS_EVENT",
          "summary": "Windows Event 7045 \u2014 New service installed on SRV-FS01: PSEXESVC. PsExec installs this service on remote systems to enable command execution. Service binary path points to the ADMIN$ share, confirming remote execution via PsExec.",
          "rawLog": {
            "EventID": 7045,
            "Source": "Service Control Manager",
            "TimeCreated": "2025-10-14T10:22:22Z",
            "Computer": "SRV-FS01.corpsec.local",
            "ServiceName": "PSEXESVC",
            "ImagePath": "%SystemRoot%\\PSEXESVC.exe",
            "ServiceType": "user mode service",
            "StartType": "demand start",
            "AccountName": "LocalSystem",
            "ServiceSid": "S-1-5-80-0"
          },
          "severity": "HIGH",
          "hostname": "SRV-FS01",
          "username": "admin.rjohnson",
          "eventId": "7045",
          "timestamp": "2025-10-14T10:22:22Z",
          "isEvidence": true,
          "evidenceTag": "psexec-service-fs01",
          "sortOrder": 2
        },
        {
          "logType": "NETWORK_FLOW",
          "summary": "Network Flow \u2014 Significant SMB traffic spike (port 445) from WS-EXEC01 (10.0.1.25) to multiple internal servers: SRV-FS01 (10.0.3.10), SRV-APP02 (10.0.3.25), and SRV-DC01 (10.0.2.5). Total transfer volume: 4.2 MB in 15 minutes, far exceeding the CFO workstation's normal SMB baseline.",
          "rawLog": {
            "timestamp": "2025-10-14T10:45:00Z",
            "flowSummary": "SMB traffic spike from 10.0.1.25 to multiple internal servers",
            "srcIp": "10.0.1.25",
            "srcHostname": "WS-EXEC01",
            "protocol": "TCP",
            "dstPort": 445,
            "observationWindow": "10:22:15 - 10:45:00",
            "destinations": [
              {
                "dstIp": "10.0.3.10",
                "dstHostname": "SRV-FS01",
                "connectionCount": 47,
                "bytesOut": 1892352,
                "bytesIn": 856064
              },
              {
                "dstIp": "10.0.3.25",
                "dstHostname": "SRV-APP02",
                "connectionCount": 23,
                "bytesOut": 524288,
                "bytesIn": 262144
              },
              {
                "dstIp": "10.0.2.5",
                "dstHostname": "SRV-DC01",
                "connectionCount": 31,
                "bytesOut": 458752,
                "bytesIn": 393216
              }
            ],
            "totalConnections": 101,
            "totalBytesOut": 2875392,
            "totalBytesIn": 1511424,
            "baselineConnections": 5,
            "baselineDeviation": "1920%",
            "action": "ALLOW"
          },
          "severity": "HIGH",
          "hostname": "WS-EXEC01",
          "sourceIp": "10.0.1.25",
          "timestamp": "2025-10-14T10:45:00Z",
          "isEvidence": true,
          "evidenceTag": "smb-traffic-spike",
          "sortOrder": 3
        },
        {
          "logType": "WINDOWS_EVENT",
          "summary": "Windows Event 4624 \u2014 Successful network logon (Type 3) on domain controller SRV-DC01 using NTLM authentication as admin.rjohnson from source 10.0.1.25. Domain admin NTLM logon to a DC is a critical indicator \u2014 this gives the attacker full control of the Active Directory domain.",
          "rawLog": {
            "EventID": 4624,
            "Source": "Microsoft-Windows-Security-Auditing",
            "TimeCreated": "2025-10-14T10:35:42Z",
            "Computer": "SRV-DC01.corpsec.local",
            "SubjectUserSid": "S-1-0-0",
            "SubjectUserName": "-",
            "SubjectDomainName": "-",
            "SubjectLogonId": "0x0",
            "TargetUserSid": "S-1-5-21-3842939050-3880317879-2865463114-1201",
            "TargetUserName": "admin.rjohnson",
            "TargetDomainName": "CORPSEC",
            "TargetLogonId": "0x7B2D44",
            "LogonType": 3,
            "LogonProcessName": "NtLmSsp",
            "AuthenticationPackageName": "NTLM",
            "WorkstationName": "WS-EXEC01",
            "LogonGuid": "{00000000-0000-0000-0000-000000000000}",
            "TransmittedServices": "-",
            "LmPackageName": "NTLM V2",
            "KeyLength": 128,
            "IpAddress": "10.0.1.25",
            "IpPort": 49891,
            "ImpersonationLevel": "%%1833"
          },
          "severity": "CRITICAL",
          "hostname": "SRV-DC01",
          "username": "admin.rjohnson",
          "sourceIp": "10.0.1.25",
          "destIp": "10.0.2.5",
          "eventId": "4624",
          "timestamp": "2025-10-14T10:35:42Z",
          "isEvidence": true,
          "evidenceTag": "dc-compromise",
          "sortOrder": 4
        },
        {
          "logType": "SYSMON",
          "summary": "Sysmon Event 1 \u2014 Process creation on SRV-DC01: cmd.exe spawned net.exe with command 'net group \"Domain Admins\" /domain'. The attacker is enumerating the Domain Admins group to identify additional privileged accounts for persistence.",
          "rawLog": {
            "EventID": 1,
            "Source": "Microsoft-Windows-Sysmon",
            "UtcTime": "2025-10-14T10:36:15Z",
            "ProcessGuid": "{e5f6a7b8-c9d0-1234-efab-234567890123}",
            "ProcessId": 5892,
            "Image": "C:\\Windows\\System32\\net.exe",
            "CommandLine": "net group \"Domain Admins\" /domain",
            "CurrentDirectory": "C:\\Windows\\System32\\",
            "User": "CORPSEC\\admin.rjohnson",
            "LogonGuid": "{e5f6a7b8-0001-0002-0003-000000000002}",
            "LogonId": "0x7B2D44",
            "IntegrityLevel": "High",
            "Hashes": "SHA256=aab8b84b6fd512d78986d34d1c7d8e2d6f0ee6c3a86577b5213e1b06c14e8c9d",
            "ParentProcessGuid": "{e5f6a7b8-c9d0-1234-efab-234567890122}",
            "ParentProcessId": 5780,
            "ParentImage": "C:\\Windows\\System32\\cmd.exe",
            "ParentCommandLine": "cmd.exe /c \"net group \"Domain Admins\" /domain && net group \"Enterprise Admins\" /domain && nltest /dclist:corpsec.local\""
          },
          "severity": "HIGH",
          "hostname": "SRV-DC01",
          "username": "admin.rjohnson",
          "processName": "net.exe",
          "eventId": "1",
          "timestamp": "2025-10-14T10:36:15Z",
          "isEvidence": true,
          "evidenceTag": "ad-enumeration",
          "sortOrder": 5
        },
        {
          "logType": "EDR_ALERT",
          "summary": "EDR Alert (CRITICAL) \u2014 Lateral movement indicators detected. Domain admin account 'admin.rjohnson' authenticated via NTLM from WS-EXEC01 to 3 internal servers within 13 minutes. PsExec service installed on SRV-FS01. AD enumeration commands executed on SRV-DC01.",
          "rawLog": {
            "alertId": "EDR-2025-18759",
            "severity": "CRITICAL",
            "timestamp": "2025-10-14T10:45:05Z",
            "hostname": "Multiple",
            "username": "admin.rjohnson",
            "alertType": "Lateral Movement Campaign Detected",
            "detectionRule": "LATERAL_MOVEMENT_NTLM_MULTI_HOST",
            "mitreTactic": "Lateral Movement",
            "mitreTechnique": "T1021.002",
            "riskScore": 96,
            "sourceHost": "WS-EXEC01 (10.0.1.25)",
            "targetHosts": [
              {
                "hostname": "SRV-FS01",
                "ip": "10.0.3.10",
                "authType": "NTLM",
                "timestamp": "2025-10-14T10:22:18Z",
                "tools": ["PsExec"]
              },
              {
                "hostname": "SRV-APP02",
                "ip": "10.0.3.25",
                "authType": "NTLM",
                "timestamp": "2025-10-14T10:28:33Z",
                "tools": ["WMI"]
              },
              {
                "hostname": "SRV-DC01",
                "ip": "10.0.2.5",
                "authType": "NTLM",
                "timestamp": "2025-10-14T10:35:42Z",
                "tools": ["PsExec", "net.exe", "nltest.exe"]
              }
            ],
            "timeWindow": "13 minutes",
            "recommendation": "CRITICAL: Isolate all affected hosts. Domain controller compromise suspected. Initiate full IR plan."
          },
          "severity": "CRITICAL",
          "hostname": "WS-EXEC01",
          "username": "admin.rjohnson",
          "sourceIp": "10.0.1.25",
          "timestamp": "2025-10-14T10:45:05Z",
          "isEvidence": true,
          "evidenceTag": "edr-lateral-movement-campaign",
          "sortOrder": 6
        },
        {
          "logType": "WINDOWS_EVENT",
          "summary": "Windows Event 7045 \u2014 New service installed on SRV-APP02: PSEXESVC. A second PsExec service installation on a different server confirms the attacker is systematically spreading across the network using the compromised domain admin credentials.",
          "rawLog": {
            "EventID": 7045,
            "Source": "Service Control Manager",
            "TimeCreated": "2025-10-14T10:28:36Z",
            "Computer": "SRV-APP02.corpsec.local",
            "ServiceName": "PSEXESVC",
            "ImagePath": "%SystemRoot%\\PSEXESVC.exe",
            "ServiceType": "user mode service",
            "StartType": "demand start",
            "AccountName": "LocalSystem",
            "ServiceSid": "S-1-5-80-0"
          },
          "severity": "HIGH",
          "hostname": "SRV-APP02",
          "username": "admin.rjohnson",
          "eventId": "7045",
          "timestamp": "2025-10-14T10:28:36Z",
          "isEvidence": true,
          "evidenceTag": "psexec-service-app02",
          "sortOrder": 7
        }
      ],
      "hints": [
        {
          "content": "Pay attention to the authentication protocol in the Event 4624 logs. 'AuthenticationPackageName: NTLM' for a domain admin accessing servers is suspicious \u2014 in a healthy Active Directory environment, Kerberos would be used. NTLM authentication often indicates Pass the Hash.",
          "pointsPenalty": 3,
          "sortOrder": 1
        },
        {
          "content": "The network flow log shows a 1,920% deviation from the baseline SMB traffic for WS-EXEC01. The CFO workstation normally generates about 5 SMB connections per observation window, but 101 were observed \u2014 a clear sign of automated lateral movement and file share enumeration.",
          "pointsPenalty": 3,
          "sortOrder": 2
        },
        {
          "content": "The attacker's sequence on SRV-DC01 reveals their objectives: 'net group Domain Admins /domain' lists domain admin accounts, 'net group Enterprise Admins /domain' lists enterprise admins, and 'nltest /dclist:corpsec.local' enumerates all domain controllers. This is reconnaissance for persistent domain access.",
          "pointsPenalty": 5,
          "sortOrder": 3
        }
      ]
    },
    {
      "stageNumber": 5,
      "title": "Data Exfiltration & Impact \u2014 Double Extortion",
      "description": "The attacker executes their final objectives: sensitive financial data is compressed and exfiltrated to an external server, followed by ransomware deployment. Event logs are cleared to hamper forensic investigation. This is a classic 'double extortion' attack \u2014 data theft combined with encryption.",
      "unlockCondition": "AFTER_PREVIOUS",
      "logs": [
        {
          "logType": "SYSMON",
          "summary": "Sysmon Event 1 \u2014 Process creation on SRV-FS01: 7z.exe (7-Zip) compressing the Finance department's shared drive into an encrypted archive. The attacker is staging sensitive financial data for exfiltration.",
          "rawLog": {
            "EventID": 1,
            "Source": "Microsoft-Windows-Sysmon",
            "UtcTime": "2025-10-14T11:30:22Z",
            "ProcessGuid": "{f6a7b8c9-d0e1-2345-fabc-345678901234}",
            "ProcessId": 12480,
            "Image": "C:\\Windows\\Temp\\7z.exe",
            "CommandLine": "7z.exe a -p\"S1lkTyph00n!\" -mhe=on C:\\Windows\\Temp\\backup_q3.7z \"D:\\Finance\\Q3-Reports\\\" \"D:\\Finance\\Projections\\\" \"D:\\Finance\\M&A-Confidential\\\" \"D:\\Executive\\Board-Materials\\\"",
            "CurrentDirectory": "C:\\Windows\\Temp\\",
            "User": "CORPSEC\\admin.rjohnson",
            "LogonGuid": "{f6a7b8c9-0001-0002-0003-000000000003}",
            "LogonId": "0x5A8C12",
            "IntegrityLevel": "High",
            "Hashes": "SHA256=2c26b46b68ffc68ff99b453c1d30413413422d706483bfa0f98a5e886266e7ae",
            "ParentProcessGuid": "{f6a7b8c9-d0e1-2345-fabc-345678901233}",
            "ParentProcessId": 12100,
            "ParentImage": "C:\\Windows\\System32\\cmd.exe",
            "ParentCommandLine": "cmd.exe /c C:\\Windows\\Temp\\exfil.bat"
          },
          "severity": "CRITICAL",
          "hostname": "SRV-FS01",
          "username": "admin.rjohnson",
          "processName": "7z.exe",
          "eventId": "1",
          "timestamp": "2025-10-14T11:30:22Z",
          "isEvidence": true,
          "evidenceTag": "data-staging-compression",
          "sortOrder": 1
        },
        {
          "logType": "NETWORK_FLOW",
          "summary": "Network Flow \u2014 Large outbound data transfer from SRV-FS01 (10.0.3.10) to external IP 91.215.85.17 on port 443. Total outbound transfer: 847 MB over 22 minutes. This volume is extremely anomalous for a file server that should have no external communication.",
          "rawLog": {
            "timestamp": "2025-10-14T12:15:00Z",
            "flowSummary": "Large outbound transfer from SRV-FS01 to external IP",
            "srcIp": "10.0.3.10",
            "srcHostname": "SRV-FS01",
            "srcPort": 49922,
            "dstIp": "91.215.85.17",
            "dstPort": 443,
            "protocol": "TCP",
            "observationWindow": "11:53:00 - 12:15:00",
            "totalBytesOut": 888020992,
            "totalBytesIn": 2457600,
            "duration": 1320,
            "avgThroughput": "5.4 Mbps",
            "connectionCount": 1,
            "tlsVersion": "TLSv1.3",
            "ja3Hash": "cd028c3b7beb88a4c72d637cb1f4bc6e",
            "sniHostname": "storage-sync-cdn.cloudfront-api.com",
            "baselineExternalTraffic": "0 bytes (server has no normal external communication)",
            "action": "ALLOW"
          },
          "severity": "CRITICAL",
          "hostname": "SRV-FS01",
          "sourceIp": "10.0.3.10",
          "destIp": "91.215.85.17",
          "timestamp": "2025-10-14T12:15:00Z",
          "isEvidence": true,
          "evidenceTag": "data-exfiltration-transfer",
          "sortOrder": 2
        },
        {
          "logType": "PROXY",
          "summary": "Proxy Log \u2014 HTTPS POST connection from SRV-FS01 (10.0.3.10) to storage-sync-cdn.cloudfront-api.com (91.215.85.17) uploading large data payload. The domain impersonates a CloudFront CDN but resolves to a known attacker-controlled IP. Content-Type indicates binary file upload.",
          "rawLog": {
            "timestamp": "2025-10-14T11:53:15Z",
            "sourceIp": "10.0.3.10",
            "sourcePort": 49922,
            "destIp": "91.215.85.17",
            "destPort": 443,
            "method": "POST",
            "url": "https://storage-sync-cdn.cloudfront-api.com/api/v2/sync/upload",
            "httpVersion": "1.1",
            "statusCode": 200,
            "contentType": "application/octet-stream",
            "contentLength": 888020992,
            "userAgent": "Mozilla/5.0 (Windows NT 10.0; Win64; x64) AppleWebKit/537.36",
            "referer": "-",
            "action": "ALLOWED",
            "category": "Cloud Storage",
            "tlsVersion": "TLSv1.3",
            "sniHostname": "storage-sync-cdn.cloudfront-api.com",
            "hostname": "SRV-FS01",
            "username": "admin.rjohnson",
            "bytesOut": 888020992,
            "bytesIn": 2457600,
            "duration": 1320.5,
            "riskCategory": "Data Loss Prevention Alert"
          },
          "severity": "CRITICAL",
          "hostname": "SRV-FS01",
          "username": "admin.rjohnson",
          "sourceIp": "10.0.3.10",
          "destIp": "91.215.85.17",
          "timestamp": "2025-10-14T11:53:15Z",
          "isEvidence": true,
          "evidenceTag": "exfiltration-proxy-log",
          "sortOrder": 3
        },
        {
          "logType": "SYSMON",
          "summary": "Sysmon Event 1 \u2014 Process creation on SRV-FS01: vssadmin.exe executed to delete all Volume Shadow Copies. This is a ransomware preparation technique that prevents victims from restoring files from shadow copies after encryption.",
          "rawLog": {
            "EventID": 1,
            "Source": "Microsoft-Windows-Sysmon",
            "UtcTime": "2025-10-14T13:30:05Z",
            "ProcessGuid": "{a7b8c9d0-e1f2-3456-abcd-456789012345}",
            "ProcessId": 14220,
            "Image": "C:\\Windows\\System32\\vssadmin.exe",
            "CommandLine": "vssadmin.exe delete shadows /all /quiet",
            "CurrentDirectory": "C:\\Windows\\System32\\",
            "User": "CORPSEC\\admin.rjohnson",
            "LogonGuid": "{f6a7b8c9-0001-0002-0003-000000000003}",
            "LogonId": "0x5A8C12",
            "IntegrityLevel": "High",
            "Hashes": "SHA256=1b3d22c3f4e5d6a7b8c9d0e1f2a3b4c5d6e7f8a9b0c1d2e3f4a5b6c7d8e9f0a1",
            "ParentProcessGuid": "{a7b8c9d0-e1f2-3456-abcd-456789012344}",
            "ParentProcessId": 14100,
            "ParentImage": "C:\\Windows\\Temp\\encrypt.exe",
            "ParentCommandLine": "C:\\Windows\\Temp\\encrypt.exe --target D:\\ --ext .locked --note README_DECRYPT.txt"
          },
          "severity": "CRITICAL",
          "hostname": "SRV-FS01",
          "username": "admin.rjohnson",
          "processName": "vssadmin.exe",
          "eventId": "1",
          "timestamp": "2025-10-14T13:30:05Z",
          "isEvidence": true,
          "evidenceTag": "shadow-copy-deletion",
          "sortOrder": 4
        },
        {
          "logType": "EDR_ALERT",
          "summary": "EDR Alert (CRITICAL) \u2014 Ransomware behavior detected on SRV-FS01. Process encrypt.exe is performing mass file encryption across D:\\ drive. File extension being changed to .locked. Ransom note README_DECRYPT.txt being dropped in each directory. Over 15,000 files affected in 3 minutes.",
          "rawLog": {
            "alertId": "EDR-2025-18768",
            "severity": "CRITICAL",
            "timestamp": "2025-10-14T13:30:15Z",
            "hostname": "SRV-FS01",
            "username": "admin.rjohnson",
            "processName": "encrypt.exe",
            "processPath": "C:\\Windows\\Temp\\encrypt.exe",
            "commandLine": "C:\\Windows\\Temp\\encrypt.exe --target D:\\ --ext .locked --note README_DECRYPT.txt",
            "parentProcess": "cmd.exe",
            "alertType": "Ransomware - Mass File Encryption",
            "detectionRule": "RANSOMWARE_MASS_FILE_MODIFICATION",
            "mitreTactic": "Impact",
            "mitreTechnique": "T1486",
            "riskScore": 100,
            "action": "ALERT_ONLY",
            "impactMetrics": {
              "filesEncrypted": 15247,
              "directoriesAffected": 892,
              "encryptionRate": "84 files/second",
              "targetDrive": "D:\\",
              "newExtension": ".locked",
              "ransomNote": "README_DECRYPT.txt",
              "shadowCopiesDeleted": true,
              "timeElapsed": "3 minutes"
            },
            "encryptedDirectories": [
              "D:\\Finance\\",
              "D:\\Executive\\",
              "D:\\HR\\",
              "D:\\Legal\\",
              "D:\\Engineering\\"
            ],
            "recommendation": "EMERGENCY: Isolate SRV-FS01 IMMEDIATELY. Do NOT power off - preserve memory for forensics. Check backup integrity."
          },
          "severity": "CRITICAL",
          "hostname": "SRV-FS01",
          "username": "admin.rjohnson",
          "processName": "encrypt.exe",
          "timestamp": "2025-10-14T13:30:15Z",
          "isEvidence": true,
          "evidenceTag": "ransomware-encryption",
          "sortOrder": 5
        },
        {
          "logType": "WINDOWS_EVENT",
          "summary": "Windows Event 1102 \u2014 The Security event log was cleared on WS-EXEC01 by user admin.rjohnson. This is anti-forensics activity \u2014 the attacker is destroying evidence of their initial compromise activities on the original entry point.",
          "rawLog": {
            "EventID": 1102,
            "Source": "Microsoft-Windows-Eventlog",
            "TimeCreated": "2025-10-14T14:15:33Z",
            "Computer": "WS-EXEC01.corpsec.local",
            "SubjectUserSid": "S-1-5-21-3842939050-3880317879-2865463114-1201",
            "SubjectUserName": "admin.rjohnson",
            "SubjectDomainName": "CORPSEC",
            "SubjectLogonId": "0x3E7A1B",
            "Channel": "Security",
            "BackupPath": ""
          },
          "severity": "CRITICAL",
          "hostname": "WS-EXEC01",
          "username": "admin.rjohnson",
          "eventId": "1102",
          "timestamp": "2025-10-14T14:15:33Z",
          "isEvidence": true,
          "evidenceTag": "event-log-cleared",
          "sortOrder": 6
        },
        {
          "logType": "SIEM_ALERT",
          "summary": "SIEM Correlation Alert (CRITICAL) \u2014 Full APT kill chain detected across multiple hosts. The SIEM has correlated 47 events across 5 data sources spanning 5.5 hours. Attack progression: spearphishing -> macro execution -> C2 beaconing -> credential theft -> lateral movement -> data exfiltration -> ransomware deployment -> log clearing.",
          "rawLog": {
            "alertId": "SIEM-CORR-2025-4425",
            "ruleName": "APT Kill Chain - Full Lifecycle Correlation",
            "severity": "CRITICAL",
            "timestamp": "2025-10-14T14:15:40Z",
            "description": "Complete APT kill chain detected across CORPSEC environment. Threat actor gained initial access via spearphishing, established persistent C2, dumped credentials, moved laterally to 3 servers including domain controller, exfiltrated ~847MB of financial data, deployed ransomware on file server, and cleared event logs.",
            "correlatedEvents": 47,
            "timeWindow": "5 hours 30 minutes",
            "dataSources": ["Email Gateway", "Sysmon", "Windows Security", "EDR", "Network Flow", "Proxy", "DNS"],
            "killChainPhases": {
              "initialAccess": {
                "technique": "T1566.001 - Spearphishing Attachment",
                "target": "r.johnson@corpsec.local",
                "timestamp": "2025-10-14T08:45:11Z"
              },
              "execution": {
                "technique": "T1059.001 - PowerShell",
                "host": "WS-EXEC01",
                "timestamp": "2025-10-14T08:47:33Z"
              },
              "persistence": {
                "technique": "T1547.001 - Registry Run Keys",
                "host": "WS-EXEC01",
                "timestamp": "2025-10-14T08:48:05Z"
              },
              "credentialAccess": {
                "technique": "T1003.001 - LSASS Memory",
                "host": "WS-EXEC01",
                "compromisedAccount": "admin.rjohnson",
                "timestamp": "2025-10-14T10:12:48Z"
              },
              "lateralMovement": {
                "technique": "T1021.002 - SMB/Admin Shares",
                "hosts": ["SRV-FS01", "SRV-APP02", "SRV-DC01"],
                "timestamp": "2025-10-14T10:22:18Z"
              },
              "exfiltration": {
                "destination": "91.215.85.17",
                "dataVolume": "847 MB",
                "timestamp": "2025-10-14T11:53:15Z"
              },
              "impact": {
                "technique": "T1486 - Data Encrypted for Impact",
                "host": "SRV-FS01",
                "filesAffected": 15247,
                "timestamp": "2025-10-14T13:30:15Z"
              },
              "defenseEvasion": {
                "technique": "T1070.001 - Clear Windows Event Logs",
                "host": "WS-EXEC01",
                "timestamp": "2025-10-14T14:15:33Z"
              }
            },
            "affectedSystems": ["WS-EXEC01", "SRV-FS01", "SRV-APP02", "SRV-DC01"],
            "affectedAccounts": ["r.johnson", "admin.rjohnson"],
            "c2Infrastructure": ["185.191.32.44", "cdn-update.silktyphoon.xyz"],
            "exfilInfrastructure": ["91.215.85.17", "storage-sync-cdn.cloudfront-api.com"],
            "recommendation": "ACTIVATE FULL INCIDENT RESPONSE PLAN. Isolate all affected hosts. Block all identified IOCs at perimeter. Reset ALL domain credentials. Engage forensics team and legal counsel."
          },
          "severity": "CRITICAL",
          "hostname": "SIEM-01",
          "timestamp": "2025-10-14T14:15:40Z",
          "isEvidence": true,
          "evidenceTag": "siem-full-killchain-correlation",
          "sortOrder": 7
        }
      ],
      "hints": [
        {
          "content": "The 7z.exe command line reveals the attacker is targeting Finance, Executive, and M&A Confidential directories specifically. The -p flag sets an encryption password on the archive, and -mhe=on enables header encryption so you cannot even see the filenames inside without the password.",
          "pointsPenalty": 3,
          "sortOrder": 1
        },
        {
          "content": "The exfiltration destination uses domain impersonation: 'storage-sync-cdn.cloudfront-api.com' looks like an AWS CloudFront domain but actually resolves to 91.215.85.17, an attacker-controlled server. This is a common technique to evade proxy-based DLP that allows known cloud services.",
          "pointsPenalty": 3,
          "sortOrder": 2
        },
        {
          "content": "The ransomware parent process in the vssadmin log reveals the full encryption command: 'encrypt.exe --target D:\\ --ext .locked --note README_DECRYPT.txt'. Combined with shadow copy deletion and the earlier exfiltration, this confirms a double extortion operation: 'pay or we publish your data AND you lose access to it.'",
          "pointsPenalty": 5,
          "sortOrder": 3
        }
      ]
    }
  ],
  "checkpoints": [
    {
      "stageNumber": 1,
      "checkpointType": "MULTIPLE_CHOICE",
      "question": "What was the initial access vector used by the SilkTyphoon threat actor?",
      "options": [
        "Exploitation of a public-facing web application",
        "Spearphishing email with a macro-enabled Excel attachment",
        "Compromised VPN credentials from a third-party breach",
        "USB drive dropped in the parking lot (baiting)"
      ],
      "correctAnswer": "Spearphishing email with a macro-enabled Excel attachment",
      "points": 10,
      "category": "accuracy",
      "explanation": "The email gateway log shows a targeted phishing email was sent to CFO r.johnson with a malicious attachment named 'Q3-Financial-Report.xlsm' (a macro-enabled Excel file). When the CFO opened the document and enabled macros, EXCEL.EXE spawned powershell.exe, confirming this was a spearphishing attachment attack (MITRE ATT&CK T1566.001).",
      "sortOrder": 1
    },
    {
      "stageNumber": 1,
      "checkpointType": "EVIDENCE_SELECTION",
      "question": "Select ALL logs that prove the phishing email was malicious and connected to the SilkTyphoon C2 infrastructure. (Select all that apply)",
      "options": ["phishing-email-delivery", "macro-powershell-execution", "edr-macro-execution-alert", "c2-payload-download", "c2-domain-resolution", "c2-payload-proxy-log"],
      "correctAnswer": ["phishing-email-delivery", "macro-powershell-execution", "c2-domain-resolution", "c2-payload-proxy-log"],
      "points": 15,
      "category": "evidence",
      "explanation": "Four logs directly link the phishing email to SilkTyphoon C2: (1) The email gateway log shows the email originated from IP 185.191.32.44 (the C2 server IP visible in the Received headers and X-Orig-IP). (2) The Sysmon process creation log proves the macro was malicious \u2014 EXCEL.EXE spawned PowerShell with an encoded download command. (3) The DNS log shows cdn-update.silktyphoon.xyz resolving to 185.191.32.44, directly tying the C2 domain to the threat actor name. (4) The proxy log confirms the payload download from the SilkTyphoon domain. While the EDR alert and Sysmon network connection are also important evidence, the four selected logs form the definitive chain linking email -> execution -> C2 infrastructure.",
      "sortOrder": 2
    },
    {
      "stageNumber": 1,
      "checkpointType": "TRUE_FALSE",
      "question": "The phishing email passed all three email authentication checks (SPF, DKIM, and DMARC), making it indistinguishable from legitimate email.",
      "options": ["True", "False"],
      "correctAnswer": "False",
      "points": 10,
      "category": "investigation",
      "explanation": "While SPF and DKIM both passed, the DMARC check FAILED (dmarcResult: 'fail', dmarcAlignment: 'relaxed-fail'). DMARC alignment failure means the From domain did not align with the SPF or DKIM domains, indicating the email was likely spoofed. Additionally, the Return-Path header pointed to 'bounce-handler@bulletproof-host.net' (a bulletproof hosting provider) rather than the claimed sender domain, and the X-Orig-IP (185.191.32.44) is the known C2 server. A properly configured email gateway with DMARC enforcement set to 'reject' would have blocked this email.",
      "sortOrder": 3
    },
    {
      "stageNumber": 2,
      "checkpointType": "MULTIPLE_CHOICE",
      "question": "The attacker established TWO persistence mechanisms on WS-EXEC01. Why would an APT use multiple persistence methods simultaneously?",
      "options": [
        "It was an accident \u2014 the script ran twice",
        "Redundancy: if one mechanism is discovered and removed, the other maintains access",
        "Registry keys only work on Windows 10 and the attacker wasn't sure of the OS version",
        "Scheduled tasks are faster than registry keys for initial execution"
      ],
      "correctAnswer": "Redundancy: if one mechanism is discovered and removed, the other maintains access",
      "points": 10,
      "category": "accuracy",
      "explanation": "APT groups commonly install multiple persistence mechanisms as redundancy. If a defender discovers and removes the registry Run key ('WindowsSecurityUpdate'), the scheduled task ('MicrosoftEdgeUpdateCore') will re-execute the implant every 15 minutes. This resilience is a hallmark of sophisticated threat actors who expect some of their activity to be detected and plan accordingly.",
      "sortOrder": 4
    },
    {
      "stageNumber": 2,
      "checkpointType": "TRUE_FALSE",
      "question": "The process 'svchost32.exe' running from C:\\Users\\r.johnson\\AppData\\Local\\Temp\\ is a legitimate Windows system process.",
      "options": ["True", "False"],
      "correctAnswer": "False",
      "points": 10,
      "category": "investigation",
      "explanation": "This is NOT a legitimate Windows process. The real svchost.exe (no '32') runs from C:\\Windows\\System32\\ and is a critical Windows service host. The attacker named their implant 'svchost32.exe' to masquerade as the legitimate process (MITRE T1036 \u2014 Masquerading). Key red flags: (1) the '32' suffix is not used by any real Windows binary, (2) it's running from a user's AppData\\Local\\Temp directory instead of System32, (3) the EDR alert revealed the original PE filename is 'beacon_x64.exe' (a Cobalt Strike implant), and (4) the file is unsigned with high entropy (7.4), suggesting packed/encrypted content.",
      "sortOrder": 5
    },
    {
      "stageNumber": 2,
      "checkpointType": "SEVERITY_CLASSIFICATION",
      "question": "Classify the overall severity of the Stage 2 findings (payload installation, dual persistence mechanisms, and active C2 beaconing) for incident response prioritization.",
      "options": ["LOW \u2014 Monitor and investigate during business hours", "MEDIUM \u2014 Investigate within 4 hours", "HIGH \u2014 Investigate immediately, prepare for containment", "CRITICAL \u2014 Activate full incident response, begin containment now"],
      "correctAnswer": "HIGH \u2014 Investigate immediately, prepare for containment",
      "points": 15,
      "category": "response",
      "explanation": "At Stage 2, the attacker has a persistent implant with active C2 communication, but has not yet stolen credentials or moved laterally. The correct severity is HIGH: investigate immediately and prepare containment actions (isolate the host, block C2 IPs). It is not yet CRITICAL because the blast radius is limited to a single workstation. However, if Stage 2 is not contained, the attacker will escalate to credential theft and lateral movement, which WOULD be CRITICAL. This question tests the analyst's ability to calibrate severity based on current impact, not potential impact.",
      "sortOrder": 6
    },
    {
      "stageNumber": 3,
      "checkpointType": "MULTIPLE_CHOICE",
      "question": "What specific credential dumping technique did the attacker use to obtain the domain admin NTLM hash?",
      "options": [
        "Kerberoasting \u2014 requesting TGS tickets for service accounts",
        "LSASS memory dump using ProcDump followed by offline extraction",
        "DCSync attack against the domain controller",
        "Brute-force password spraying against the domain admin account"
      ],
      "correctAnswer": "LSASS memory dump using ProcDump followed by offline extraction",
      "points": 10,
      "category": "accuracy",
      "explanation": "The logs clearly show a two-step credential theft process: (1) Sysmon Event 10 shows svchost32.exe directly accessing LSASS memory with PROCESS_VM_READ permissions, and (2) Sysmon Event 1 shows procdump64.exe being launched with the command 'procdump64.exe -accepteula -ma lsass.exe debug.dmp' to create a full memory dump of LSASS. The NTLM hashes were then extracted from this dump file. This is MITRE ATT&CK T1003.001 (OS Credential Dumping: LSASS Memory).",
      "sortOrder": 7
    },
    {
      "stageNumber": 3,
      "checkpointType": "RECOMMENDED_ACTION",
      "question": "The SIEM correlation alert in Stage 3 recommends resetting the KRBTGT password twice. Why must it be reset TWICE, not just once?",
      "options": [
        "The first reset sometimes fails due to replication delays",
        "Active Directory keeps the current and previous KRBTGT password hashes; resetting twice invalidates both",
        "The second reset forces all domain controllers to synchronize immediately",
        "Twice is a general security best practice with no technical reason"
      ],
      "correctAnswer": "Active Directory keeps the current and previous KRBTGT password hashes; resetting twice invalidates both",
      "points": 15,
      "category": "response",
      "explanation": "Active Directory stores the current AND the previous KRBTGT password hash (the N and N-1 hashes). This is by design so that Kerberos tickets encrypted with the previous key remain valid during the rotation period. If an attacker has compromised the current KRBTGT hash, a single reset would only change the current hash \u2014 the attacker could still forge Golden Tickets using the now-previous hash. Resetting it twice ensures both the current and previous hashes are changed, completely invalidating any stolen KRBTGT material. Note: the two resets should be done with sufficient replication time between them (typically 12-24 hours) to avoid Kerberos authentication failures.",
      "sortOrder": 8
    },
    {
      "stageNumber": 3,
      "checkpointType": "EVIDENCE_SELECTION",
      "question": "Select ALL evidence items from Stage 3 that would be needed to prove credential compromise occurred and identify the stolen account. (Select all that apply)",
      "options": ["sedebugprivilege-assigned", "lsass-memory-access", "edr-credential-theft-alert", "procdump-lsass-dump", "pass-the-hash-attempt", "siem-credential-theft-chain"],
      "correctAnswer": ["lsass-memory-access", "edr-credential-theft-alert", "procdump-lsass-dump", "pass-the-hash-attempt"],
      "points": 15,
      "category": "evidence",
      "explanation": "Four evidence items are essential to prove credential compromise: (1) The Sysmon Event 10 (LSASS access) proves the malware read LSASS process memory. (2) The EDR alert identifies which credentials were cached and at risk, including the domain admin 'admin.rjohnson'. (3) The ProcDump execution proves a full LSASS dump was created for offline extraction. (4) The Event 4648 (explicit credential logon) proves the stolen admin.rjohnson hash was successfully used to authenticate to SRV-FS01. The SeDebugPrivilege assignment is a prerequisite but not direct proof of dumping. The SIEM correlation is a summary, not primary evidence.",
      "sortOrder": 9
    },
    {
      "stageNumber": 4,
      "checkpointType": "MULTIPLE_CHOICE",
      "question": "How can you tell from the Windows Event 4624 logs that the attacker used Pass the Hash rather than legitimate domain admin credentials?",
      "options": [
        "The EventID 4624 is only generated by Pass the Hash attacks",
        "The LogonType 3 is exclusive to NTLM relay attacks",
        "The AuthenticationPackageName is 'NTLM' instead of 'Kerberos', and LogonGuid is all zeros",
        "The source IP address belongs to a workstation instead of the domain controller"
      ],
      "correctAnswer": "The AuthenticationPackageName is 'NTLM' instead of 'Kerberos', and LogonGuid is all zeros",
      "points": 15,
      "category": "investigation",
      "explanation": "Pass the Hash attacks produce distinctive artifacts in Event 4624 logs: (1) AuthenticationPackageName shows 'NTLM' instead of 'Kerberos' \u2014 in a healthy AD environment, domain accounts should authenticate via Kerberos by default. (2) The LogonGuid is '{00000000-0000-0000-0000-000000000000}' (all zeros), which indicates the logon did not use a Kerberos ticket. When a legitimate domain admin authenticates normally, Kerberos provides a non-zero LogonGuid. While a workstation source IP is unusual, it alone does not prove Pass the Hash, as an admin could legitimately authenticate from any domain-joined workstation.",
      "sortOrder": 10
    },
    {
      "stageNumber": 4,
      "checkpointType": "RECOMMENDED_ACTION",
      "question": "Which containment action should be the HIGHEST priority upon discovering the attacker has compromised the domain controller (SRV-DC01)?",
      "options": [
        "Reset the CFO's (r.johnson) password immediately",
        "Block the C2 IP 185.191.32.44 at the perimeter firewall",
        "Disable the admin.rjohnson domain admin account and isolate all compromised hosts",
        "Shut down the file server SRV-FS01 to prevent data loss"
      ],
      "correctAnswer": "Disable the admin.rjohnson domain admin account and isolate all compromised hosts",
      "points": 15,
      "category": "response",
      "explanation": "When the domain controller is compromised with domain admin credentials, the highest priority is to disable the compromised account (admin.rjohnson) and isolate ALL affected hosts (WS-EXEC01, SRV-FS01, SRV-APP02, and SRV-DC01). This cuts off the attacker's ability to perform further actions across the domain. While blocking the C2 IP is important, the attacker already has domain admin access and can operate without C2 communication. Resetting only the CFO's password is insufficient because the domain admin credentials are the real threat. Shutting down the file server destroys volatile memory evidence needed for forensics.",
      "sortOrder": 11
    },
    {
      "stageNumber": 4,
      "checkpointType": "SHORT_ANSWER",
      "question": "List all four systems (by hostname) that the attacker accessed or compromised during the lateral movement phase, in chronological order of first access.",
      "options": [],
      "correctAnswer": "WS-EXEC01, SRV-FS01, SRV-APP02, SRV-DC01",
      "points": 10,
      "category": "investigation",
      "explanation": "The attacker's lateral movement path, in chronological order: (1) WS-EXEC01 (10.0.1.25) \u2014 the original compromised host/pivot point, (2) SRV-FS01 (10.0.3.10) \u2014 first lateral target at 10:22:18Z via PsExec, (3) SRV-APP02 (10.0.3.25) \u2014 second target at 10:28:33Z via WMI, (4) SRV-DC01 (10.0.2.5) \u2014 domain controller compromised at 10:35:42Z via PsExec. All connections originated from WS-EXEC01 using the stolen admin.rjohnson NTLM hash.",
      "sortOrder": 12
    },
    {
      "stageNumber": 5,
      "checkpointType": "SEVERITY_CLASSIFICATION",
      "question": "Given the full scope of Stage 5 \u2014 847 MB of financial data exfiltrated, ransomware encrypting 15,000+ files on the file server, and event logs cleared \u2014 classify the overall incident severity.",
      "options": ["HIGH \u2014 Significant impact to business operations", "CRITICAL \u2014 Severe impact requiring executive notification and external response", "CATASTROPHIC \u2014 Existential threat requiring board notification, legal counsel, and regulatory disclosure"],
      "correctAnswer": "CRITICAL \u2014 Severe impact requiring executive notification and external response",
      "points": 15,
      "category": "response",
      "explanation": "This incident is CRITICAL severity: (1) Data exfiltration of 847 MB of financial data including M&A Confidential materials creates regulatory, legal, and competitive exposure. (2) Ransomware encrypted 15,000+ files on the file server, disrupting business operations. (3) The domain controller was compromised, meaning the entire AD trust boundary is broken. (4) Event log clearing indicates intent to evade forensic investigation. This requires immediate executive notification, engagement of external incident response firms, legal counsel for breach notification requirements, and coordination with law enforcement. It is not 'catastrophic' (business-ending) if backups are intact and the environment can be rebuilt, but the data exfiltration component makes this a notifiable breach under most regulations.",
      "sortOrder": 13
    },
    {
      "stageNumber": 5,
      "checkpointType": "TRUE_FALSE",
      "question": "The attacker cleared the event logs on WS-EXEC01 (Event 1102), which means all forensic evidence from that host is permanently lost.",
      "options": ["True", "False"],
      "correctAnswer": "False",
      "points": 10,
      "category": "investigation",
      "explanation": "Event log clearing does NOT destroy all forensic evidence. Multiple alternative evidence sources survive: (1) The Event 1102 entry ITSELF is recorded, proving logs were cleared and by whom. (2) Sysmon logs are stored in a separate event log channel (Microsoft-Windows-Sysmon/Operational) and may not have been cleared. (3) The EDR agent maintains its own telemetry database independent of Windows event logs. (4) Network-level evidence (firewall, proxy, DNS, SIEM) is stored on separate infrastructure. (5) Memory forensics on the live host can recover artifacts. (6) The SIEM already ingested and correlated events before they were cleared. This is why defense-in-depth with multiple log sources and centralized log forwarding is critical.",
      "sortOrder": 14
    },
    {
      "stageNumber": 5,
      "checkpointType": "INCIDENT_REPORT",
      "question": "Write a concise executive incident summary covering: (1) Attack vector and initial compromise, (2) Scope of compromise (systems and accounts), (3) Data impact (exfiltration and encryption), (4) Top 3 immediate containment actions, and (5) Top 3 recovery recommendations.",
      "options": [],
      "correctAnswer": "Executive Incident Summary: On 2025-10-14, a targeted spearphishing email delivered a weaponized Excel document (Q3-Financial-Report.xlsm) to CFO r.johnson. The macro executed PowerShell, downloading a C2 implant from SilkTyphoon infrastructure (185.191.32.44 / cdn-update.silktyphoon.xyz). The attacker established persistence via registry Run key and scheduled task, then dumped credentials from LSASS to obtain domain admin (admin.rjohnson) NTLM hash. Using Pass the Hash, they compromised 4 systems: WS-EXEC01, SRV-FS01, SRV-APP02, and SRV-DC01. Approximately 847 MB of financial data (including M&A Confidential) was exfiltrated to 91.215.85.17 before ransomware encrypted 15,000+ files on SRV-FS01. Containment: (1) Isolate all compromised hosts, (2) Disable admin.rjohnson and reset all domain admin credentials, (3) Block C2 and exfil IPs at perimeter. Recovery: (1) Rebuild compromised systems from known-good images, (2) Reset KRBTGT password twice and all cached credentials, (3) Restore file server from verified backups.",
      "points": 20,
      "category": "report",
      "explanation": "An effective executive incident summary must be concise yet complete. It needs to cover the full attack lifecycle: how the attacker got in (spearphishing), what they compromised (4 systems, domain admin account), what data was affected (847 MB exfiltrated, 15K files encrypted), and the recommended response actions. The key distinction between a good and great summary is specificity: naming exact hostnames, account names, IP addresses, data volumes, and prioritized actions shows the analyst has full situational awareness of the incident.",
      "sortOrder": 15
    }
  ]
}