{
  "name": "Insider Threat \u2014 Data Exfiltration",
  "description": "Investigate a disgruntled R&D employee exfiltrating proprietary data through multiple channels after receiving a poor performance review. This intermediate scenario challenges analysts to identify behavioral anomalies, trace data collection and staging, detect exfiltration over web services, and uncover anti-forensic cover-up attempts.",
  "difficulty": "INTERMEDIATE",
  "category": "Insider Threat",
  "mitreAttackIds": ["T1078", "T1083", "T1005", "T1048", "T1074", "T1567"],
  "estimatedMinutes": 50,
  "isActive": true,
  "briefing": "## Insider Threat Investigation \u2014 Confidential\n\n**Classification:** CONFIDENTIAL \u2014 HR-RESTRICTED\n\n**Date:** 2025-07-23 08:15 UTC\n\n**Prepared by:** SOC Tier 2 Lead\n\n---\n\nYour UEBA system flagged an anomaly alert for an R&D employee who hasn't previously worked after hours. HR has confidentially informed the SOC that this employee, **Marcus Chen** (`m.chen@corp.local`), received a poor performance review last week and reacted negatively during the review meeting.\n\nInvestigate carefully \u2014 insider threat cases require special handling. You must:\n\n1. **Preserve chain of custody** \u2014 all evidence must be documented meticulously\n2. **Coordinate with HR and Legal** before any direct confrontation or device seizure\n3. **Operate discreetly** \u2014 do not alert the subject of the investigation\n4. **Determine scope** \u2014 identify exactly what data was accessed, collected, and potentially exfiltrated\n\n### What We Know\n- **Subject:** Marcus Chen, R&D Software Engineer (3 years tenure)\n- **Workstation:** `WS-RDEV03` (10.0.1.45)\n- **Normal work hours:** 08:00\u201317:30 UTC, Monday\u2013Friday\n- **Badge records:** Typically enters building between 07:45\u201308:15 UTC\n- **Last performance review:** 2025-07-15 \u2014 rated \"Below Expectations\"\n- **UEBA alert triggered:** 2025-07-22 at 23:14 UTC\n\n### Your Objectives\n- Determine whether this is a genuine insider threat or benign after-hours work\n- Identify all data sources accessed and any data exfiltrated\n- Document the full timeline of events\n- Recommend appropriate response actions\n\n> **REMINDER:** Insider threat investigations are legally sensitive. Do not access the employee's personal accounts or devices. Work only with corporate log data and coordinate with Legal before escalating.",
  "lessonContent": "## Insider Threat \u2014 Data Exfiltration: Lesson Content\n\n### 1. Understanding Insider Threats\n\nInsider threats represent one of the most challenging categories of security incidents because the adversary already has legitimate access to systems and data. Unlike external attackers who must breach perimeter defenses, insiders operate within the trusted zone, making detection significantly harder.\n\n#### Types of Insider Threats\n\n| Type | Description | Example |\n|------|-------------|--------|\n| **Malicious Insider** | Intentionally causes harm for personal gain, revenge, or ideology | Employee stealing trade secrets before joining a competitor |\n| **Negligent Insider** | Causes harm through carelessness or lack of awareness | Employee emailing sensitive files to personal account for convenience |\n| **Compromised Insider** | Legitimate credentials stolen by external actor | Phished employee whose account is used for lateral movement |\n| **Unwitting Insider** | Manipulated through social engineering | Employee tricked into installing malware by fake IT support |\n\n### 2. UEBA \u2014 User and Entity Behavior Analytics\n\nUEBA systems establish behavioral baselines for every user and entity (device, application, service account) and alert when deviations occur. This is critical for insider threat detection because signature-based tools often miss insiders who use legitimate tools and credentials.\n\n#### How UEBA Baselines Work\n\n1. **Data Collection:** UEBA ingests authentication logs, file access logs, network traffic, email activity, badge access, VPN connections, and endpoint telemetry.\n2. **Baseline Establishment:** Over weeks or months, the system learns each user's normal patterns:\n   - Typical login times and locations\n   - Normal file access volumes and directories\n   - Usual network traffic patterns\n   - Regular application usage\n3. **Anomaly Scoring:** When a user deviates from their baseline, the system assigns a risk score. Multiple small deviations compound into higher risk scores.\n4. **Alert Generation:** When a user's cumulative risk score exceeds a threshold, an alert fires.\n\n#### Key Behavioral Indicators of Insider Threats\n\n- **Temporal anomalies:** Working at unusual hours, especially after negative workplace events\n- **Access anomalies:** Accessing files or systems outside normal job scope\n- **Volume anomalies:** Downloading or copying unusually large amounts of data\n- **Resignation/termination signals:** Increased data access after giving notice or receiving poor reviews\n- **Circumvention behavior:** Using USB drives, personal cloud storage, or personal email to move corporate data\n- **Anti-forensic behavior:** Deleting files, clearing logs, using secure delete tools\n\n### 3. Normal vs. Abnormal Behavior Baselines\n\nEffective insider threat detection requires understanding what \"normal\" looks like. Here is an example baseline comparison:\n\n#### Marcus Chen \u2014 Baseline vs. Incident Activity\n\n| Metric | 90-Day Baseline | Incident Night |\n|--------|----------------|----------------|\n| Login time | 07:50\u201308:20 UTC | 23:02 UTC |\n| File shares accessed | `/dev/projects/`, `/dev/shared/` | `/finance/reports/`, `/rd/prototypes/`, `/exec/strategy/` |\n| Files accessed per session | 15\u201340 | 347 |\n| Data volume transferred | 50\u2013200 MB/day | 2.3 GB in 4 hours |\n| External uploads | 0 | 847 MB to Dropbox, 312 MB to Gmail |\n| USB device usage | None in 90 days | 1 USB insertion event |\n| After-hours VPN connections | 0 in 90 days | 1 |\n\nThis contrast is what makes the UEBA alert meaningful. Any single indicator might be explainable; the combination is what reveals the threat.\n\n### 4. Data Loss Prevention (DLP)\n\nDLP is a set of tools, processes, and policies designed to prevent unauthorized data exfiltration. In this scenario, several DLP controls were either absent or circumvented:\n\n#### DLP Control Categories\n\n**Network DLP:**\n- Monitors data in motion across the network\n- Inspects email attachments, web uploads, and file transfers\n- Can block or quarantine transfers matching sensitive data patterns\n- *In this scenario:* Proxy logs captured the Dropbox upload but did not block it\n\n**Endpoint DLP:**\n- Monitors data at rest and in use on endpoints\n- Controls USB device access, clipboard operations, screen capture, and print\n- *In this scenario:* USB insertion was detected by EDR but not blocked\n\n**Cloud DLP:**\n- Monitors data moving to cloud services\n- Integrates with CASB (Cloud Access Security Broker) to control shadow IT\n- *In this scenario:* No CASB was in place to block personal cloud storage uploads\n\n#### DLP Best Practices\n\n1. **Classify data** \u2014 You cannot protect what you haven't identified. Implement data classification labels (Public, Internal, Confidential, Restricted).\n2. **Apply policies based on classification** \u2014 Restricted data should never leave the corporate network without encryption and approval.\n3. **Monitor, then enforce** \u2014 Start DLP in monitor-only mode to reduce false positives before enabling blocking.\n4. **Cover all channels** \u2014 Email, web uploads, USB, Bluetooth, cloud sync, print, and clipboard.\n5. **Integrate with UEBA** \u2014 DLP alerts gain context when correlated with behavioral anomalies.\n\n### 5. Investigating Insider Threats \u2014 Legal and Procedural Considerations\n\nInsider threat investigations differ fundamentally from external incident response. Mishandling can expose the organization to legal liability, destroy evidence admissibility, or violate employee privacy rights.\n\n#### Key Principles\n\n**Chain of Custody:**\n- Every piece of evidence must be documented: who collected it, when, how, and where it was stored.\n- Use write-blockers for forensic disk imaging.\n- Hash all evidence files (SHA-256) and log the hashes.\n- Store evidence in a secured, access-controlled location.\n\n**Legal Coordination:**\n- **Before** taking any action that could affect the employee (device seizure, account suspension, monitoring escalation), consult Legal.\n- Understand your jurisdiction's employee monitoring laws. In many jurisdictions, employers can monitor corporate devices and networks, but personal devices and accounts are off-limits.\n- Preserve all evidence even if it appears exculpatory \u2014 selective evidence preservation can be challenged in court.\n\n**HR Involvement:**\n- HR should be involved from the beginning of a confirmed insider threat investigation.\n- HR can provide context: recent reviews, disciplinary actions, resignation notices, behavioral complaints.\n- HR manages the employee relationship \u2014 SOC should never directly confront the subject.\n- If termination is warranted, HR coordinates with IT for simultaneous access revocation.\n\n**Privacy Boundaries:**\n- Only examine corporate systems and data \u2014 never access personal email, personal cloud storage, or personal devices.\n- Document the scope of your investigation and stay within it.\n- If you discover evidence of illegal activity (e.g., selling trade secrets), immediately escalate to Legal and potentially law enforcement.\n\n#### Investigation Workflow\n\n1. **Detection** \u2014 UEBA alert, DLP alert, tip from HR/manager, or anomaly spotted during routine monitoring\n2. **Preliminary Assessment** \u2014 Review the alert in context. Is this a real anomaly or a false positive?\n3. **Scope Definition** \u2014 Define what you will investigate and document it. Get Legal approval.\n4. **Evidence Collection** \u2014 Gather logs, forensic images, and network captures. Maintain chain of custody.\n5. **Analysis** \u2014 Build a timeline. Correlate across data sources. Identify what was accessed and exfiltrated.\n6. **Findings Report** \u2014 Deliver a factual, evidence-based report to HR and Legal. Avoid speculation.\n7. **Remediation** \u2014 Revoke access, contain data exposure, and implement preventive controls.\n8. **Lessons Learned** \u2014 What controls failed? What should be improved?\n\n### 6. MITRE ATT&CK Techniques in This Scenario\n\n| Technique | ID | How It Appears |\n|-----------|----|----------------|\n| Valid Accounts | T1078 | Marcus uses his legitimate corporate credentials to VPN in and access file shares |\n| File and Directory Discovery | T1083 | Directory enumeration commands (`dir /s`) on sensitive file shares |\n| Data from Local System | T1005 | Accessing and collecting files from corporate file servers |\n| Data Staged | T1074 | Compressing collected files into archives before exfiltration |\n| Exfiltration Over Web Service | T1567 | Uploading data to Dropbox and sending via personal Gmail |\n| Exfiltration Over Alternative Protocol | T1048 | Using DNS and HTTPS to exfiltrate data outside normal business channels |\n\n### 7. Key Takeaways\n\n- **Insiders are hard to detect** because they use legitimate access. Behavioral analytics is your best tool.\n- **Context is everything** \u2014 a late-night login alone isn't malicious, but combined with mass file access, compression, and cloud uploads, it paints a clear picture.\n- **DLP must be layered** across network, endpoint, and cloud to be effective.\n- **Legal and HR must be partners** in every insider threat investigation.\n- **Chain of custody is non-negotiable** \u2014 sloppy evidence handling can invalidate an entire case.\n- **Timeliness matters** \u2014 the longer an insider has access after detection, the more damage they can do. But premature action without Legal approval can also cause harm.\n- **Document everything** \u2014 your investigation report may be used in civil litigation, criminal prosecution, or regulatory proceedings.",
  "stages": [
    {
      "stageNumber": 1,
      "title": "Behavioral Anomalies",
      "description": "Analyze UEBA and authentication alerts indicating unusual after-hours activity from an R&D employee. Determine whether the behavioral deviations are suspicious or benign.",
      "unlockCondition": "AFTER_PREVIOUS",
      "logs": [
        {
          "logType": "AUTH_LOG",
          "summary": "Badge access log shows Marcus Chen entering the building at 22:47 UTC, far outside his normal 07:45-08:15 arrival window.",
          "rawLog": {
            "log_source": "PhysicalAccessControl",
            "system": "Honeywell_ProWatch",
            "event_type": "BADGE_IN",
            "timestamp": "2025-07-22T22:47:33Z",
            "badge_id": "EMP-2847",
            "employee_name": "Chen, Marcus",
            "employee_id": "MCH-0294",
            "department": "Research & Development",
            "door_id": "MAIN-LOBBY-01",
            "door_name": "Main Lobby Entrance",
            "building": "HQ-Building-A",
            "floor": "1",
            "access_result": "GRANTED",
            "reader_type": "HID_PROX",
            "anti_passback": "CLEAN",
            "baseline_entry_time": "07:45-08:15",
            "deviation_hours": 14.5,
            "notes": "No other R&D personnel badged in within +/- 2 hours"
          },
          "severity": "LOW",
          "hostname": "PAC-SRV01",
          "username": "m.chen",
          "timestamp": "2025-07-22T22:47:33Z",
          "isEvidence": true,
          "evidenceTag": "AFTER_HOURS_BADGE_ACCESS",
          "sortOrder": 1
        },
        {
          "logType": "WINDOWS_EVENT",
          "summary": "VPN authentication successful for m.chen from home IP 73.162.45.112 at 23:02 UTC. This is the first after-hours VPN connection for this user in 90 days.",
          "rawLog": {
            "EventTime": "2025-07-22T23:02:14Z",
            "Hostname": "VPN-GW01",
            "EventType": "VPN_AUTH_SUCCESS",
            "SourceName": "Cisco_AnyConnect",
            "EventID": 722051,
            "EventCategory": "Authentication",
            "Message": "Group <Corp-VPN> User <m.chen@corp.local> IP <73.162.45.112> SVC Session started",
            "UserName": "m.chen@corp.local",
            "SourceAddress": "73.162.45.112",
            "AssignedIP": "10.200.0.88",
            "VPNGroup": "Corp-VPN",
            "AuthMethod": "Certificate+LDAP",
            "TunnelProtocol": "TLS/DTLS",
            "ClientVersion": "AnyConnect 4.10.07073",
            "ClientOS": "Windows 11",
            "DurationSec": 0,
            "BytesTx": 0,
            "BytesRx": 0,
            "SessionID": "VPN-22Jul2025-8834a",
            "MFAStatus": "Verified",
            "GeoIP": {
              "country": "US",
              "state": "California",
              "city": "San Jose",
              "isp": "Comcast Cable Communications"
            }
          },
          "severity": "MEDIUM",
          "hostname": "VPN-GW01",
          "username": "m.chen",
          "sourceIp": "73.162.45.112",
          "eventId": "722051",
          "timestamp": "2025-07-22T23:02:14Z",
          "isEvidence": true,
          "evidenceTag": "AFTER_HOURS_VPN_LOGIN",
          "sortOrder": 2
        },
        {
          "logType": "SIEM_ALERT",
          "summary": "UEBA system flagged m.chen with elevated risk score (82/100) due to login time deviation. The user's historical baseline shows zero after-hours logins in 90 days.",
          "rawLog": {
            "alert_id": "UEBA-2025-07-22-00419",
            "alert_source": "Exabeam_UEBA",
            "alert_type": "BEHAVIORAL_ANOMALY",
            "timestamp": "2025-07-22T23:14:07Z",
            "severity": "HIGH",
            "risk_score": 82,
            "risk_score_max": 100,
            "risk_score_previous": 12,
            "risk_score_delta": 70,
            "user": "m.chen@corp.local",
            "user_department": "Research & Development",
            "user_title": "Software Engineer II",
            "user_manager": "j.rodriguez@corp.local",
            "anomaly_factors": [
              {
                "factor": "LOGIN_TIME_DEVIATION",
                "description": "Login at 23:02 UTC is 14.8 hours outside normal window (07:50-08:20 UTC)",
                "weight": 35,
                "baseline_period": "90 days",
                "historical_after_hours_logins": 0
              },
              {
                "factor": "VPN_FROM_HOME_AFTER_HOURS",
                "description": "First after-hours VPN connection in observation period",
                "weight": 25,
                "baseline_period": "90 days",
                "historical_after_hours_vpn": 0
              },
              {
                "factor": "HR_RISK_FLAG",
                "description": "Employee flagged by HR with elevated risk indicator",
                "weight": 22,
                "hr_flag_date": "2025-07-16",
                "hr_flag_reason": "Poor performance review - negative reaction"
              }
            ],
            "recommended_actions": [
              "Initiate enhanced monitoring",
              "Notify SOC Tier 2 for investigation",
              "Coordinate with HR before any direct action"
            ],
            "correlated_events": 3,
            "session_id": "UEBA-SESSION-MCH-20250722"
          },
          "severity": "HIGH",
          "hostname": "SIEM-01",
          "username": "m.chen",
          "sourceIp": "73.162.45.112",
          "timestamp": "2025-07-22T23:14:07Z",
          "isEvidence": true,
          "evidenceTag": "UEBA_ANOMALY_ALERT",
          "sortOrder": 3
        },
        {
          "logType": "WINDOWS_EVENT",
          "summary": "Normal daytime login for m.chen at 08:03 UTC on the same day (2025-07-22) for baseline comparison. This represents typical behavior.",
          "rawLog": {
            "EventTime": "2025-07-22T08:03:22Z",
            "Hostname": "WS-RDEV03",
            "Keywords": "Audit Success",
            "EventType": "LOGON",
            "EventID": 4624,
            "SourceName": "Microsoft-Windows-Security-Auditing",
            "TaskCategory": "Logon",
            "Message": "An account was successfully logged on.",
            "SubjectUserSid": "S-1-5-18",
            "SubjectUserName": "WS-RDEV03$",
            "SubjectDomainName": "CORP",
            "TargetUserSid": "S-1-5-21-3842773048-1748281579-2839672354-11284",
            "TargetUserName": "m.chen",
            "TargetDomainName": "CORP",
            "LogonType": 2,
            "LogonTypeName": "Interactive",
            "LogonProcessName": "User32",
            "AuthenticationPackageName": "Negotiate",
            "WorkstationName": "WS-RDEV03",
            "LogonGuid": "{a3e4b7c1-2d8f-4e9a-b6c3-d5e7f8091a2b}",
            "IpAddress": "10.0.1.45",
            "IpPort": "0",
            "KeyLength": 0
          },
          "severity": "INFO",
          "hostname": "WS-RDEV03",
          "username": "m.chen",
          "sourceIp": "10.0.1.45",
          "eventId": "4624",
          "timestamp": "2025-07-22T08:03:22Z",
          "isEvidence": false,
          "sortOrder": 4
        },
        {
          "logType": "WINDOWS_EVENT",
          "summary": "Normal daytime logoff for m.chen at 17:24 UTC. Standard end-of-day pattern consistent with historical baseline.",
          "rawLog": {
            "EventTime": "2025-07-22T17:24:55Z",
            "Hostname": "WS-RDEV03",
            "Keywords": "Audit Success",
            "EventType": "LOGOFF",
            "EventID": 4634,
            "SourceName": "Microsoft-Windows-Security-Auditing",
            "TaskCategory": "Logoff",
            "Message": "An account was logged off.",
            "TargetUserSid": "S-1-5-21-3842773048-1748281579-2839672354-11284",
            "TargetUserName": "m.chen",
            "TargetDomainName": "CORP",
            "LogonType": 2,
            "TargetLogonId": "0x7a3b4c1"
          },
          "severity": "INFO",
          "hostname": "WS-RDEV03",
          "username": "m.chen",
          "eventId": "4634",
          "timestamp": "2025-07-22T17:24:55Z",
          "isEvidence": false,
          "sortOrder": 5
        },
        {
          "logType": "AUTH_LOG",
          "summary": "Network share authentication for m.chen to file server SRV-FS01 accessing \\\\SRV-FS01\\finance\\reports — a share outside his normal R&D access scope.",
          "rawLog": {
            "EventTime": "2025-07-22T23:18:42Z",
            "Hostname": "SRV-FS01",
            "Keywords": "Audit Success",
            "EventType": "LOGON",
            "EventID": 4624,
            "SourceName": "Microsoft-Windows-Security-Auditing",
            "TaskCategory": "Logon",
            "Message": "An account was successfully logged on.",
            "SubjectUserSid": "S-1-5-18",
            "SubjectUserName": "SRV-FS01$",
            "SubjectDomainName": "CORP",
            "TargetUserSid": "S-1-5-21-3842773048-1748281579-2839672354-11284",
            "TargetUserName": "m.chen",
            "TargetDomainName": "CORP",
            "LogonType": 3,
            "LogonTypeName": "Network",
            "AuthenticationPackageName": "Kerberos",
            "WorkstationName": "WS-RDEV03",
            "IpAddress": "10.200.0.88",
            "IpPort": "49672",
            "ShareName": "\\\\SRV-FS01\\finance\\reports",
            "SharePath": "D:\\Shares\\Finance\\Reports",
            "AccessMask": "0x12019F",
            "AccessList": "READ_CONTROL, SYNCHRONIZE, ReadData, ReadAttributes, ReadEA"
          },
          "severity": "MEDIUM",
          "hostname": "SRV-FS01",
          "username": "m.chen",
          "sourceIp": "10.200.0.88",
          "destIp": "10.0.3.10",
          "eventId": "4624",
          "timestamp": "2025-07-22T23:18:42Z",
          "isEvidence": true,
          "evidenceTag": "UNAUTHORIZED_SHARE_ACCESS",
          "sortOrder": 6
        }
      ],
      "hints": [
        {
          "content": "Compare the after-hours VPN login timestamp to the user's 90-day baseline of login times. How many standard deviations from normal is this login?",
          "pointsPenalty": 3,
          "sortOrder": 1
        },
        {
          "content": "Look at which file shares m.chen accessed. Does an R&D engineer normally need access to finance reports? Check the share name in the authentication log.",
          "pointsPenalty": 4,
          "sortOrder": 2
        },
        {
          "content": "The UEBA risk score jumped from 12 to 82 in a single session. Review each anomaly factor and its weight to understand what triggered the alert.",
          "pointsPenalty": 5,
          "sortOrder": 3
        }
      ]
    },
    {
      "stageNumber": 2,
      "title": "Data Discovery & Collection",
      "description": "The employee begins enumerating directories and collecting sensitive files from multiple departments. Identify the data discovery techniques and the scope of data accessed.",
      "unlockCondition": "AFTER_PREVIOUS",
      "logs": [
        {
          "logType": "SYSMON",
          "summary": "Sysmon Process Create event showing m.chen running recursive directory listing (dir /s /b) on the finance reports share, indicative of file and directory discovery (T1083).",
          "rawLog": {
            "EventID": 1,
            "EventType": "ProcessCreate",
            "UtcTime": "2025-07-22T23:19:58Z",
            "ProcessGuid": "{WS-RDEV03-6e7f8a9b-0001-0001-bc3d-4e5f6a7b8c9d}",
            "ProcessId": 8472,
            "Image": "C:\\Windows\\System32\\cmd.exe",
            "CommandLine": "cmd.exe /c dir \\\\SRV-FS01\\finance\\reports /s /b > C:\\Users\\m.chen\\AppData\\Local\\Temp\\finance_listing.txt",
            "CurrentDirectory": "C:\\Users\\m.chen\\Desktop\\",
            "User": "CORP\\m.chen",
            "LogonGuid": "{WS-RDEV03-6e7f8a9b-0002-0002-1234-567890abcdef}",
            "LogonId": "0x8b2c4d5",
            "TerminalSessionId": 1,
            "IntegrityLevel": "Medium",
            "Hashes": "SHA256=B99D61D874728EDC0918CA0EB10EAB93D381E7367E377406E65963366C874714",
            "ParentProcessGuid": "{WS-RDEV03-6e7f8a9b-0003-0003-abcd-ef0123456789}",
            "ParentProcessId": 5204,
            "ParentImage": "C:\\Windows\\explorer.exe",
            "ParentCommandLine": "C:\\Windows\\explorer.exe",
            "RuleName": "technique_id=T1083,technique_name=File and Directory Discovery",
            "SourceHostname": "WS-RDEV03",
            "SourceIp": "10.200.0.88"
          },
          "severity": "MEDIUM",
          "hostname": "WS-RDEV03",
          "username": "m.chen",
          "sourceIp": "10.200.0.88",
          "destIp": "10.0.3.10",
          "processName": "cmd.exe",
          "eventId": "1",
          "timestamp": "2025-07-22T23:19:58Z",
          "isEvidence": true,
          "evidenceTag": "DIRECTORY_ENUMERATION_FINANCE",
          "sortOrder": 1
        },
        {
          "logType": "SYSMON",
          "summary": "Second directory enumeration command targeting the R&D prototypes share and executive strategy documents. m.chen is systematically scanning multiple sensitive directories.",
          "rawLog": {
            "EventID": 1,
            "EventType": "ProcessCreate",
            "UtcTime": "2025-07-22T23:22:31Z",
            "ProcessGuid": "{WS-RDEV03-7f8a9b0c-0004-0004-de12-3456789abcde}",
            "ProcessId": 9116,
            "Image": "C:\\Windows\\System32\\cmd.exe",
            "CommandLine": "cmd.exe /c dir \\\\SRV-FS01\\rd\\prototypes /s /b > C:\\Users\\m.chen\\AppData\\Local\\Temp\\rd_proto_listing.txt && dir \\\\SRV-FS01\\exec\\strategy /s /b > C:\\Users\\m.chen\\AppData\\Local\\Temp\\exec_listing.txt",
            "CurrentDirectory": "C:\\Users\\m.chen\\Desktop\\",
            "User": "CORP\\m.chen",
            "LogonGuid": "{WS-RDEV03-6e7f8a9b-0002-0002-1234-567890abcdef}",
            "LogonId": "0x8b2c4d5",
            "TerminalSessionId": 1,
            "IntegrityLevel": "Medium",
            "Hashes": "SHA256=B99D61D874728EDC0918CA0EB10EAB93D381E7367E377406E65963366C874714",
            "ParentProcessGuid": "{WS-RDEV03-6e7f8a9b-0003-0003-abcd-ef0123456789}",
            "ParentProcessId": 5204,
            "ParentImage": "C:\\Windows\\explorer.exe",
            "ParentCommandLine": "C:\\Windows\\explorer.exe",
            "RuleName": "technique_id=T1083,technique_name=File and Directory Discovery",
            "SourceHostname": "WS-RDEV03",
            "SourceIp": "10.200.0.88"
          },
          "severity": "MEDIUM",
          "hostname": "WS-RDEV03",
          "username": "m.chen",
          "sourceIp": "10.200.0.88",
          "destIp": "10.0.3.10",
          "processName": "cmd.exe",
          "eventId": "1",
          "timestamp": "2025-07-22T23:22:31Z",
          "isEvidence": true,
          "evidenceTag": "DIRECTORY_ENUMERATION_RD_EXEC",
          "sortOrder": 2
        },
        {
          "logType": "WINDOWS_EVENT",
          "summary": "File server audit log showing 347 file access events from m.chen within a 45-minute window on the restricted prototypes folder. Normal daily average is 15-40 file accesses.",
          "rawLog": {
            "EventTime": "2025-07-22T23:48:15Z",
            "Hostname": "SRV-FS01",
            "Keywords": "Audit Success",
            "EventType": "OBJECT_ACCESS",
            "EventID": 4663,
            "SourceName": "Microsoft-Windows-Security-Auditing",
            "TaskCategory": "File System",
            "Message": "An attempt was made to access an object.",
            "SubjectUserSid": "S-1-5-21-3842773048-1748281579-2839672354-11284",
            "SubjectUserName": "m.chen",
            "SubjectDomainName": "CORP",
            "SubjectLogonId": "0x8b2c4d5",
            "ObjectServer": "Security",
            "ObjectType": "File",
            "ObjectName": "D:\\Shares\\RD\\Prototypes\\Project-Chimera\\design-specs-v4.2.docx",
            "HandleId": "0x1234",
            "AccessMask": "0x12019F",
            "AccessList": "ReadData, ReadAttributes",
            "ProcessName": "C:\\Windows\\explorer.exe",
            "ResourceAttributes": "S:AI",
            "_aggregation_note": "This is a representative event. Total of 347 file access events (EventID 4663) from m.chen between 23:18 and 00:03 UTC across shares: \\\\SRV-FS01\\rd\\prototypes (198 files), \\\\SRV-FS01\\finance\\reports (89 files), \\\\SRV-FS01\\exec\\strategy (60 files)",
            "_file_access_summary": {
              "total_files_accessed": 347,
              "time_window_minutes": 45,
              "shares_accessed": [
                {"share": "\\\\SRV-FS01\\rd\\prototypes", "files": 198, "data_size_mb": 1240},
                {"share": "\\\\SRV-FS01\\finance\\reports", "files": 89, "data_size_mb": 567},
                {"share": "\\\\SRV-FS01\\exec\\strategy", "files": 60, "data_size_mb": 498}
              ],
              "total_data_size_mb": 2305,
              "user_90day_avg_daily_files": 27,
              "deviation_factor": 12.8
            }
          },
          "severity": "HIGH",
          "hostname": "SRV-FS01",
          "username": "m.chen",
          "sourceIp": "10.200.0.88",
          "destIp": "10.0.3.10",
          "eventId": "4663",
          "timestamp": "2025-07-22T23:48:15Z",
          "isEvidence": true,
          "evidenceTag": "MASS_FILE_ACCESS",
          "sortOrder": 3
        },
        {
          "logType": "EDR_ALERT",
          "summary": "CrowdStrike Falcon alert on anomalous bulk file access pattern. 347 files accessed in 45 minutes from three different restricted shares triggers the mass data collection detection rule.",
          "rawLog": {
            "event_type": "DetectionSummaryEvent",
            "event_id": "CS-DET-2025-07-22-7742",
            "timestamp": "2025-07-22T23:52:03Z",
            "detect_name": "Anomalous Bulk File Access",
            "detect_description": "User accessed an abnormally high number of files across multiple restricted shares in a short time window, consistent with data collection for exfiltration.",
            "severity": "HIGH",
            "confidence": 85,
            "tactic": "Collection",
            "technique": "T1005 - Data from Local System",
            "host": {
              "hostname": "WS-RDEV03",
              "local_ip": "10.200.0.88",
              "mac_address": "00:1A:2B:3C:4D:5E",
              "os_version": "Windows 11 Enterprise 23H2",
              "ou": "OU=RnD,OU=Workstations,DC=corp,DC=local"
            },
            "user": {
              "username": "m.chen@corp.local",
              "domain": "CORP",
              "logon_type": "RemoteInteractive"
            },
            "detection_details": {
              "files_accessed": 347,
              "unique_shares": 3,
              "time_window_sec": 2700,
              "data_volume_mb": 2305,
              "baseline_daily_avg": 27,
              "anomaly_score": 9.7,
              "shares_accessed": [
                "\\\\SRV-FS01\\rd\\prototypes",
                "\\\\SRV-FS01\\finance\\reports",
                "\\\\SRV-FS01\\exec\\strategy"
              ]
            },
            "ioc_context": {
              "process": "explorer.exe",
              "parent_process": "userinit.exe",
              "command_line": "N/A (GUI file browsing)",
              "network_connections": [
                {"dest_ip": "10.0.3.10", "dest_port": 445, "protocol": "SMB", "bytes_received": 2417041408}
              ]
            },
            "response_actions": [],
            "assigned_to": null,
            "status": "NEW"
          },
          "severity": "HIGH",
          "hostname": "WS-RDEV03",
          "username": "m.chen",
          "sourceIp": "10.200.0.88",
          "destIp": "10.0.3.10",
          "processName": "explorer.exe",
          "timestamp": "2025-07-22T23:52:03Z",
          "isEvidence": true,
          "evidenceTag": "EDR_BULK_FILE_ACCESS",
          "sortOrder": 4
        },
        {
          "logType": "SYSMON",
          "summary": "Sysmon Process Create showing 7-Zip being used to compress collected files into a password-protected archive named 'backup_july.7z'. This is data staging (T1074) prior to exfiltration.",
          "rawLog": {
            "EventID": 1,
            "EventType": "ProcessCreate",
            "UtcTime": "2025-07-23T00:08:44Z",
            "ProcessGuid": "{WS-RDEV03-8a9b0c1d-0005-0005-ef01-23456789abcd}",
            "ProcessId": 11204,
            "Image": "C:\\Program Files\\7-Zip\\7z.exe",
            "CommandLine": "\"C:\\Program Files\\7-Zip\\7z.exe\" a -t7z -mhe=on -p\"R3dact3d!\" C:\\Users\\m.chen\\Documents\\backup_july.7z C:\\Users\\m.chen\\AppData\\Local\\Temp\\collected\\*",
            "FileVersion": "23.01",
            "Description": "7-Zip Console",
            "Product": "7-Zip",
            "Company": "Igor Pavlov",
            "OriginalFileName": "7z.exe",
            "CurrentDirectory": "C:\\Users\\m.chen\\Documents\\",
            "User": "CORP\\m.chen",
            "LogonGuid": "{WS-RDEV03-6e7f8a9b-0002-0002-1234-567890abcdef}",
            "LogonId": "0x8b2c4d5",
            "TerminalSessionId": 1,
            "IntegrityLevel": "Medium",
            "Hashes": "SHA256=2DC13B88C3858E2C22D96B1A472E9D2E42F3AA08E24E8A01927FF6D5A8E9B381",
            "ParentProcessGuid": "{WS-RDEV03-6e7f8a9b-0003-0003-abcd-ef0123456789}",
            "ParentProcessId": 5204,
            "ParentImage": "C:\\Windows\\explorer.exe",
            "ParentCommandLine": "C:\\Windows\\explorer.exe",
            "RuleName": "technique_id=T1074,technique_name=Data Staged",
            "SourceHostname": "WS-RDEV03",
            "SourceIp": "10.200.0.88",
            "_analysis_note": "The -mhe=on flag enables header encryption (hides filenames inside archive). The -p flag sets a password. This is consistent with data staging before exfiltration."
          },
          "severity": "HIGH",
          "hostname": "WS-RDEV03",
          "username": "m.chen",
          "sourceIp": "10.200.0.88",
          "processName": "7z.exe",
          "eventId": "1",
          "timestamp": "2025-07-23T00:08:44Z",
          "isEvidence": true,
          "evidenceTag": "DATA_STAGING_COMPRESSION",
          "sortOrder": 5
        },
        {
          "logType": "NETWORK_FLOW",
          "summary": "NetFlow data showing a large SMB data transfer spike from the file server (10.0.3.10) to the employee's VPN IP (10.200.0.88). Total of 2.3 GB transferred over 45 minutes — 11.5x the user's daily average.",
          "rawLog": {
            "flow_id": "NF-20250722-2348-88421",
            "timestamp_start": "2025-07-22T23:18:42Z",
            "timestamp_end": "2025-07-23T00:03:17Z",
            "duration_sec": 2675,
            "src_ip": "10.0.3.10",
            "src_port": 445,
            "dst_ip": "10.200.0.88",
            "dst_port": 49672,
            "protocol": "TCP",
            "application": "SMB/CIFS",
            "bytes_to_client": 2417041408,
            "bytes_to_server": 14729216,
            "packets_to_client": 1698841,
            "packets_to_server": 892441,
            "tcp_flags": "SYN,ACK,PSH,FIN",
            "src_hostname": "SRV-FS01",
            "dst_hostname": "WS-RDEV03 (VPN: 10.200.0.88)",
            "src_asset_criticality": "HIGH",
            "dst_user": "m.chen@corp.local",
            "interface": "eth0",
            "collector": "NFLOW-CORE-01",
            "baseline_comparison": {
              "user_daily_avg_bytes": 209715200,
              "current_session_bytes": 2417041408,
              "deviation_factor": 11.5,
              "percentile": 99.8
            }
          },
          "severity": "HIGH",
          "hostname": "NFLOW-CORE-01",
          "username": "m.chen",
          "sourceIp": "10.0.3.10",
          "destIp": "10.200.0.88",
          "timestamp": "2025-07-23T00:03:17Z",
          "isEvidence": true,
          "evidenceTag": "ANOMALOUS_DATA_TRANSFER_VOLUME",
          "sortOrder": 6
        }
      ],
      "hints": [
        {
          "content": "Examine the command line in the Sysmon logs carefully. The 'dir /s /b' command recursively lists all files and subdirectories. Why would someone redirect this output to a text file?",
          "pointsPenalty": 3,
          "sortOrder": 1
        },
        {
          "content": "The 7-Zip command line contains two critical flags: '-mhe=on' encrypts the archive headers (hiding filenames) and '-p' sets a password. This is classic data staging behavior.",
          "pointsPenalty": 4,
          "sortOrder": 2
        },
        {
          "content": "Compare the number of files accessed (347) to the 90-day daily average (27). Calculate the deviation factor. Also note that three separate restricted shares were accessed — this suggests targeted collection, not casual browsing.",
          "pointsPenalty": 5,
          "sortOrder": 3
        }
      ]
    },
