{
  "name": "Lateral Movement — Pass-the-Hash & WMI",
  "description": "An intermediate scenario that walks SOC analysts through a full lateral movement campaign: from initial credential dumping via LSASS memory access, through network reconnaissance and Pass-the-Hash authentication, to domain controller compromise. Covers NTLM authentication abuse, WMI-based remote execution, and DCSync attacks.",
  "difficulty": "INTERMEDIATE",
  "category": "Lateral Movement",
  "mitreAttackIds": ["T1550.002", "T1047", "T1003.001", "T1021.006", "T1570", "T1087"],
  "briefing": "## Scenario Briefing — Lateral Movement Investigation\n\nYour EDR system has flagged a **critical alert** on workstation **WS-PC08** — a process attempted to read LSASS memory, which is a strong indicator of credential theft. The user, **s.patel** from Engineering, claims they didn't run anything unusual. This could be the start of a lateral movement campaign.\n\n### What We Know So Far\n\n- **Source host:** WS-PC08 (10.0.1.108) — assigned to s.patel (Engineering)\n- **Alert type:** LSASS memory access — credential dumping suspected\n- **Time of alert:** 2025-08-05 14:32 UTC (during business hours)\n- **User statement:** s.patel denies running any administrative tools\n- **Network segment:** Corporate workstations (10.0.1.0/24)\n\n### Your Mission\n\n1. **Analyze the credential dumping activity** on WS-PC08 and determine the technique used\n2. **Identify any reconnaissance** the attacker performed after harvesting credentials\n3. **Track lateral movement** — did the attacker pivot to other systems using stolen credentials?\n4. **Assess the blast radius** — how far did the attacker get? Were any critical servers compromised?\n\n### Environment Context\n\n| Host | IP Address | Role |\n|---|---|---|\n| WS-PC08 | 10.0.1.108 | s.patel's workstation (initial compromise) |\n| WS-PC12 | 10.0.1.55 | Lateral movement target |\n| SRV-FS02 | 10.0.3.15 | File server |\n| SRV-APP01 | 10.0.3.20 | Application server |\n| SRV-DC01 | 10.0.2.5 | Domain Controller |\n\n**Tip:** Pay close attention to authentication events (Event 4624), logon types, and which authentication protocol is used (NTLM vs Kerberos). Lateral movement with Pass-the-Hash always uses NTLM.",
  "lessonContent": "# Lateral Movement — Pass-the-Hash & WMI\n\n## Pre-Investigation Lesson\n\nBefore diving into the investigation, review these core concepts about credential theft and lateral movement techniques.\n\n---\n\n## 1. Credential Dumping Techniques\n\nCredential dumping is the process of extracting authentication credentials (passwords, hashes, tickets) from a compromised system. It is one of the most critical steps an attacker takes because it enables lateral movement.\n\n### LSASS (Local Security Authority Subsystem Service)\n\nLSASS (`lsass.exe`) is the Windows process responsible for enforcing the security policy on the system. It stores credentials in memory for single sign-on purposes, including:\n\n- **NTLM password hashes** — Used for NTLM authentication\n- **Kerberos tickets (TGTs)** — Used for Kerberos authentication\n- **Plaintext passwords** — In some configurations (WDigest enabled)\n- **Credential keys** — Used by newer Windows versions\n\n### Common Credential Dumping Tools\n\n| Tool | Technique | Detection Indicators |\n|---|---|---|\n| **Mimikatz** | Directly reads LSASS memory | Process accessing lsass.exe with `PROCESS_VM_READ`; known hashes/signatures |\n| **procdump.exe** | Creates a memory dump of LSASS | Sysmon Event 1 showing `procdump.exe -ma lsass.exe` |\n| **comsvcs.dll** | Uses MiniDump export via rundll32 | `rundll32.exe C:\\Windows\\System32\\comsvcs.dll, MiniDump <PID> <outfile> full` |\n| **Task Manager** | GUI-based process dump | Creates `lsass.DMP` in temp directory |\n| **nanodump** | Stealthier LSASS dump using syscalls | Harder to detect; look for unusual memory access patterns |\n\n### Key Detection: Sysmon Event ID 10 (Process Access)\n\nSysmon Event ID 10 logs when one process opens a handle to another process. When a process accesses `lsass.exe` with `PROCESS_VM_READ` permissions, this is a strong credential theft indicator.\n\n```\nGrantedAccess: 0x1010  → PROCESS_QUERY_LIMITED_INFORMATION + PROCESS_VM_READ\nGrantedAccess: 0x1FFFFF → PROCESS_ALL_ACCESS (extremely suspicious)\n```\n\n---\n\n## 2. Pass-the-Hash (PtH) Explained\n\nPass-the-Hash is a technique where an attacker uses a stolen NTLM hash to authenticate to a remote system **without needing the plaintext password**.\n\n### How NTLM Authentication Works\n\n1. **Client** sends username and domain to the server\n2. **Server** responds with a random challenge (nonce)\n3. **Client** encrypts the challenge using the user's NTLM hash and sends it back\n4. **Server** verifies by performing the same operation and comparing results\n\n**The critical insight:** At no point does the server need the plaintext password. The NTLM hash alone is sufficient to complete authentication. If an attacker has the hash, they can authenticate as that user.\n\n### NTLM vs Kerberos\n\n| Feature | NTLM | Kerberos |\n|---|---|---|\n| **Authentication** | Challenge-response with hash | Ticket-based via KDC |\n| **Pass-the-Hash** | Vulnerable | Not directly (but Pass-the-Ticket exists) |\n| **Mutual auth** | No (server doesn't prove identity) | Yes (both sides authenticate) |\n| **Event log indicator** | `AuthenticationPackageName: NTLM` | `AuthenticationPackageName: Kerberos` |\n| **Default in AD** | Fallback protocol | Preferred protocol |\n\n### Why PtH Uses NTLM\n\nIn a domain environment, Kerberos is the default authentication protocol. When you see **NTLM authentication for a network logon (Type 3) to a server that should use Kerberos**, this is a red flag. Pass-the-Hash forces NTLM because the attacker has the NTLM hash but not a valid Kerberos ticket.\n\n### Detection: Windows Event 4624 with NTLM\n\nLook for these combined indicators:\n- **Event ID 4624** (Successful Logon)\n- **Logon Type 3** (Network)\n- **Authentication Package: NTLM** (instead of Kerberos)\n- **Source IP that doesn't match the user's known workstation**\n- **No preceding 4768/4769** (Kerberos ticket events) for this session\n\n---\n\n## 3. WMI and WinRM for Lateral Movement\n\n### Windows Management Instrumentation (WMI)\n\nWMI (T1047) allows remote process execution, system querying, and event subscription. Attackers abuse it because:\n\n- It's a **built-in Windows feature** (no tools to upload)\n- It runs as `WmiPrvSE.exe` under SYSTEM\n- Process creation via WMI shows `WmiPrvSE.exe` as the parent — not the attacker's tool\n- Often allowed through firewalls (DCOM/RPC ports)\n\n**Detection:**\n- Sysmon Event 1 where `ParentImage` is `WmiPrvSE.exe` and the child process is suspicious\n- Windows Event 4688 showing process creation with `WmiPrvSE.exe` as creator\n- Network connections on TCP port 135 (RPC) followed by dynamic high ports\n\n### Windows Remote Management (WinRM)\n\nWinRM (T1021.006) uses HTTP/HTTPS (ports 5985/5986) for remote PowerShell and management:\n\n- `Enter-PSSession` for interactive remote shell\n- `Invoke-Command` for remote command execution\n- Process parent chain: `wsmprovhost.exe` → attacker's commands\n\n---\n\n## 4. Detecting Lateral Movement in Event Logs\n\n### The Lateral Movement Fingerprint\n\nWhen an attacker moves laterally using Pass-the-Hash, the following event sequence appears on the **target** host:\n\n1. **Event 4624 (Logon Type 3 + NTLM)** — The stolen hash authenticates\n2. **Event 4672 (Special Privileges)** — If the stolen account has admin rights\n3. **Event 4688 / Sysmon 1** — Processes created by the attacker via WMI/PsExec/etc.\n\nOn the **source** host:\n- **Event 4648 (Explicit Credential Logon)** — Shows an account was used with explicit credentials (not the logged-in user's)\n\nOn the **Domain Controller:**\n- **Event 4776 (NTLM Authentication)** — DC validates the NTLM authentication\n- **No Event 4768/4769** — Absence of Kerberos ticket events for this session\n\n### Network-Level Indicators\n\n| Protocol | Ports | Lateral Movement Tool |\n|---|---|---|\n| SMB | TCP 445 | PsExec, file copy, share access |\n| WMI/DCOM | TCP 135 + dynamic | WMI remote execution |\n| WinRM | TCP 5985/5986 | PowerShell Remoting |\n| RDP | TCP 3389 | Remote Desktop |\n\n---\n\n## 5. DCSync and Domain Controller Compromise\n\n### What is DCSync?\n\nDCSync (part of T1003.001) is a technique where an attacker impersonates a domain controller and requests password data via the Directory Replication Service (DRS) protocol. With domain admin privileges, an attacker can:\n\n- Extract the NTLM hash of **any account** in the domain (including krbtgt)\n- Perform this attack **remotely** without touching the DC's disk\n- Use Mimikatz `lsadump::dcsync /user:krbtgt` to request replication data\n\n### NTDS.dit Theft\n\nAlternatively, attackers may directly steal the Active Directory database:\n\n1. **Volume Shadow Copy:** `vssadmin create shadow /for=C:` then copy `ntds.dit` from the shadow\n2. **ntdsutil:** `ntdsutil \"activate instance ntds\" \"ifm\" \"create full C:\\temp\"` — creates an IFM (Install From Media) backup containing ntds.dit\n\n### Detection\n\n- **Event 4662** with `DS-Replication-Get-Changes` rights — indicates DCSync\n- **Sysmon Event 1** showing `ntdsutil.exe` or `vssadmin.exe` on a DC\n- **Event 7045** (New Service) on DC — attackers may install services for persistence\n- **Event 4672** on DC showing a non-DC account with replication privileges\n\n---\n\n## 6. Investigation Tips for This Scenario\n\n1. **Follow the credentials:** Track which accounts were compromised and where they were used\n2. **Map the movement:** Build a timeline showing source host → target host for each lateral hop\n3. **Check authentication types:** NTLM on Type 3 logons in a Kerberos environment is abnormal\n4. **Look for timing patterns:** Lateral movement often happens in rapid succession (minutes apart)\n5. **Assess privilege escalation:** Did the attacker go from a standard user to domain admin?\n\n---\n\n## Ready?\n\nWhen you're ready, click **Continue to Investigation** to begin analyzing the credential dumping and lateral movement chain. Good luck, analyst!",
  "estimatedMinutes": 55,
  "isActive": true,
  "stages": [
    {
      "stageNumber": 1,
      "title": "Credential Dumping on WS-PC08",
      "description": "The attacker has gained initial access to s.patel's workstation and is now dumping credentials from LSASS memory. Analyze the logs to identify the credential theft technique and the tools used.",
      "unlockCondition": "AFTER_PREVIOUS",
      "logs": [
        {
          "logType": "SYSMON",
          "summary": "Sysmon Event ID 10 — Process Access: An unknown process (svchelper.exe) accessed lsass.exe with PROCESS_VM_READ permissions on WS-PC08. This is a strong indicator of credential dumping.",
          "rawLog": {
            "EventID": 10,
            "Source": "Microsoft-Windows-Sysmon",
            "UtcTime": "2025-08-05T14:32:18Z",
            "SourceProcessGUID": "{e8a4b2c1-3f7d-66b1-a401-000000001200}",
            "SourceProcessId": 6284,
            "SourceImage": "C:\\Users\\s.patel\\AppData\\Local\\Temp\\svchelper.exe",
            "SourceCommandLine": "C:\\Users\\s.patel\\AppData\\Local\\Temp\\svchelper.exe privilege::debug sekurlsa::logonpasswords exit",
            "TargetProcessGUID": "{e8a4b2c1-0001-66b1-0000-000000000700}",
            "TargetProcessId": 672,
            "TargetImage": "C:\\Windows\\System32\\lsass.exe",
            "GrantedAccess": "0x1010",
            "CallTrace": "C:\\Windows\\SYSTEM32\\ntdll.dll+9C4E4|C:\\Windows\\System32\\KERNELBASE.dll+2C0FE|C:\\Users\\s.patel\\AppData\\Local\\Temp\\svchelper.exe+6C24A",
            "User": "CORP\\s.patel",
            "Computer": "WS-PC08.corp.local"
          },
          "severity": "CRITICAL",
          "hostname": "WS-PC08",
          "username": "s.patel",
          "processName": "svchelper.exe",
          "eventId": "10",
          "sourceIp": "10.0.1.108",
          "timestamp": "2025-08-05T14:32:18Z",
          "isEvidence": true,
          "evidenceTag": "LSASS_MEMORY_ACCESS",
          "sortOrder": 1
        },
        {
          "logType": "EDR_ALERT",
          "summary": "EDR Alert — Critical severity: Credential theft tool detected on WS-PC08. Process svchelper.exe accessed LSASS memory. Behavioral signature matches Mimikatz credential dumper.",
          "rawLog": {
            "alertId": "EDR-2025-14872",
            "severity": "CRITICAL",
            "timestamp": "2025-08-05T14:32:19Z",
            "hostname": "WS-PC08",
            "username": "CORP\\s.patel",
            "processName": "svchelper.exe",
            "processPath": "C:\\Users\\s.patel\\AppData\\Local\\Temp\\svchelper.exe",
            "processHash": "SHA256:e3b0c44298fc1c149afbf4c8996fb92427ae41e4649b934ca495991b7852b855",
            "commandLine": "svchelper.exe privilege::debug sekurlsa::logonpasswords exit",
            "parentProcess": "cmd.exe",
            "parentProcessPath": "C:\\Windows\\System32\\cmd.exe",
            "parentPid": 5108,
            "alertType": "Credential Theft — LSASS Memory Access",
            "detectionRule": "CRED_DUMP_LSASS_ACCESS_MIMIKATZ_BEHAVIOR",
            "mitreTactic": "Credential Access",
            "mitreTechnique": "T1003.001",
            "description": "Process accessed LSASS memory with read permissions. Command-line arguments match known Mimikatz syntax (sekurlsa::logonpasswords). The binary is located in a user temp directory and is not digitally signed.",
            "recommendation": "Isolate the host immediately. Assume all cached credentials on this workstation are compromised."
          },
          "severity": "CRITICAL",
          "hostname": "WS-PC08",
          "username": "s.patel",
          "processName": "svchelper.exe",
          "timestamp": "2025-08-05T14:32:19Z",
          "isEvidence": true,
          "evidenceTag": "EDR_CREDENTIAL_THEFT_ALERT",
          "sortOrder": 2
        },
        {
          "logType": "WINDOWS_EVENT",
          "summary": "Windows Event 4672 — Special privileges assigned to new logon for s.patel on WS-PC08. SeDebugPrivilege was granted, which allows the process to access other processes' memory — required for LSASS credential dumping.",
          "rawLog": {
            "EventID": 4672,
            "Source": "Microsoft-Windows-Security-Auditing",
            "TimeCreated": "2025-08-05T14:32:15Z",
            "Computer": "WS-PC08.corp.local",
            "Channel": "Security",
            "SubjectUserSid": "S-1-5-21-3623811015-3361044348-30300820-1134",
            "SubjectUserName": "s.patel",
            "SubjectDomainName": "CORP",
            "SubjectLogonId": "0x3E7A91C",
            "PrivilegeList": "SeDebugPrivilege\n\t\tSeImpersonatePrivilege\n\t\tSeTcbPrivilege"
          },
          "severity": "HIGH",
          "hostname": "WS-PC08",
          "username": "s.patel",
          "eventId": "4672",
          "sourceIp": "10.0.1.108",
          "timestamp": "2025-08-05T14:32:15Z",
          "isEvidence": true,
          "evidenceTag": "DEBUG_PRIVILEGE_ASSIGNED",
          "sortOrder": 3
        },
        {
          "logType": "SYSMON",
          "summary": "Sysmon Event ID 1 — Process creation: rundll32.exe launched on WS-PC08 loading comsvcs.dll with the MiniDump function, targeting LSASS process ID 672. This is a known LSASS dump technique using a legitimate Windows DLL.",
          "rawLog": {
            "EventID": 1,
            "Source": "Microsoft-Windows-Sysmon",
            "UtcTime": "2025-08-05T14:33:42Z",
            "ProcessGuid": "{e8a4b2c1-3f82-66b1-a501-000000001200}",
            "ProcessId": 7340,
            "Image": "C:\\Windows\\System32\\rundll32.exe",
            "FileVersion": "10.0.19041.1",
            "Description": "Windows host process (Rundll32)",
            "CommandLine": "C:\\Windows\\System32\\rundll32.exe C:\\Windows\\System32\\comsvcs.dll, MiniDump 672 C:\\Users\\s.patel\\AppData\\Local\\Temp\\debug.dmp full",
            "CurrentDirectory": "C:\\Users\\s.patel\\AppData\\Local\\Temp\\",
            "User": "CORP\\s.patel",
            "LogonGuid": "{e8a4b2c1-3f10-66b1-a401-000000001200}",
            "LogonId": "0x3E7A91C",
            "TerminalSessionId": 1,
            "IntegrityLevel": "High",
            "Hashes": "SHA256:F5B3CC5A4FDDD40F3A7D3A7C3453F76E0A37C04AB8BB4FA0C7C5F5E37B2B6E3D",
            "ParentProcessGuid": "{e8a4b2c1-3f7a-66b1-a301-000000001200}",
            "ParentProcessId": 5108,
            "ParentImage": "C:\\Windows\\System32\\cmd.exe",
            "ParentCommandLine": "\"C:\\Windows\\System32\\cmd.exe\"",
            "Computer": "WS-PC08.corp.local"
          },
          "severity": "CRITICAL",
          "hostname": "WS-PC08",
          "username": "s.patel",
          "processName": "rundll32.exe",
          "eventId": "1",
          "sourceIp": "10.0.1.108",
          "timestamp": "2025-08-05T14:33:42Z",
          "isEvidence": true,
          "evidenceTag": "LSASS_DUMP_VIA_COMSVCS",
          "sortOrder": 4
        },
        {
          "logType": "WINDOWS_EVENT",
          "summary": "Windows Event 4688 — Process creation on WS-PC08: cmd.exe spawned by explorer.exe under s.patel's session. This is the beginning of the attacker's process chain leading to credential dumping.",
          "rawLog": {
            "EventID": 4688,
            "Source": "Microsoft-Windows-Security-Auditing",
            "TimeCreated": "2025-08-05T14:31:55Z",
            "Computer": "WS-PC08.corp.local",
            "Channel": "Security",
            "SubjectUserSid": "S-1-5-21-3623811015-3361044348-30300820-1134",
            "SubjectUserName": "s.patel",
            "SubjectDomainName": "CORP",
            "SubjectLogonId": "0x3E7A91C",
            "NewProcessId": "0x13F4",
            "NewProcessName": "C:\\Windows\\System32\\cmd.exe",
            "TokenElevationType": "%%1937",
            "ProcessId": "0x0864",
            "CommandLine": "\"C:\\Windows\\System32\\cmd.exe\"",
            "ParentProcessName": "C:\\Windows\\explorer.exe",
            "MandatoryLabel": "S-1-16-12288"
          },
          "severity": "MEDIUM",
          "hostname": "WS-PC08",
          "username": "s.patel",
          "processName": "cmd.exe",
          "eventId": "4688",
          "sourceIp": "10.0.1.108",
          "timestamp": "2025-08-05T14:31:55Z",
          "isEvidence": true,
          "evidenceTag": "INITIAL_CMD_SHELL",
          "sortOrder": 5
        },
        {
          "logType": "SYSMON",
          "summary": "Sysmon Event ID 11 — File creation: debug.dmp written to s.patel's Temp directory on WS-PC08. This is the LSASS memory dump file created by the comsvcs.dll MiniDump call.",
          "rawLog": {
            "EventID": 11,
            "Source": "Microsoft-Windows-Sysmon",
            "UtcTime": "2025-08-05T14:33:48Z",
            "ProcessGuid": "{e8a4b2c1-3f82-66b1-a501-000000001200}",
            "ProcessId": 7340,
            "Image": "C:\\Windows\\System32\\rundll32.exe",
            "TargetFilename": "C:\\Users\\s.patel\\AppData\\Local\\Temp\\debug.dmp",
            "CreationUtcTime": "2025-08-05T14:33:48Z",
            "User": "CORP\\s.patel",
            "Computer": "WS-PC08.corp.local"
          },
          "severity": "HIGH",
          "hostname": "WS-PC08",
          "username": "s.patel",
          "processName": "rundll32.exe",
          "eventId": "11",
          "sourceIp": "10.0.1.108",
          "timestamp": "2025-08-05T14:33:48Z",
          "isEvidence": true,
          "evidenceTag": "LSASS_DUMP_FILE_CREATED",
          "sortOrder": 6
        }
      ],
      "hints": [
        {
          "content": "Look at the command-line arguments for svchelper.exe — do those arguments match any well-known credential dumping tool? The syntax 'privilege::debug sekurlsa::logonpasswords' is highly distinctive.",
          "pointsPenalty": 3,
          "sortOrder": 1
        },
        {
          "content": "The attacker used two different LSASS dumping methods: one using a renamed binary (svchelper.exe = Mimikatz) and a second using the legitimate comsvcs.dll MiniDump export via rundll32. Both target LSASS process ID 672.",
          "pointsPenalty": 5,
          "sortOrder": 2
        },
        {
          "content": "Event 4672 with SeDebugPrivilege is critical because this privilege is required to open a handle to LSASS. Normal users should never need SeDebugPrivilege during standard operations.",
          "pointsPenalty": 3,
          "sortOrder": 3
        }
      ]
    },
    {
      "stageNumber": 2,
      "title": "Network Reconnaissance",
      "description": "After dumping credentials, the attacker is now mapping the domain environment — identifying domain controllers, enumerating accounts, and scanning for accessible systems. Analyze the reconnaissance activity to understand the attacker's next targets.",
      "unlockCondition": "AFTER_PREVIOUS",
      "logs": [
        {
          "logType": "SYSMON",
          "summary": "Sysmon Event ID 1 — Process creation: net.exe executed on WS-PC08 with 'net group \"Domain Admins\" /domain' to enumerate domain administrator accounts.",
          "rawLog": {
            "EventID": 1,
            "Source": "Microsoft-Windows-Sysmon",
            "UtcTime": "2025-08-05T14:36:22Z",
            "ProcessGuid": "{e8a4b2c1-3f90-66b1-a601-000000001200}",
            "ProcessId": 8104,
            "Image": "C:\\Windows\\System32\\net.exe",
            "CommandLine": "net group \"Domain Admins\" /domain",
            "CurrentDirectory": "C:\\Users\\s.patel\\AppData\\Local\\Temp\\",
            "User": "CORP\\s.patel",
            "LogonGuid": "{e8a4b2c1-3f10-66b1-a401-000000001200}",
            "LogonId": "0x3E7A91C",
            "IntegrityLevel": "High",
            "Hashes": "SHA256:D0B15B0A8BEAB9366E208BD68F3E4D0D3F8A5E7BC9E1D4F5A6B7C8D9E0F1A2B3",
            "ParentProcessGuid": "{e8a4b2c1-3f7a-66b1-a301-000000001200}",
            "ParentProcessId": 5108,
            "ParentImage": "C:\\Windows\\System32\\cmd.exe",
            "ParentCommandLine": "\"C:\\Windows\\System32\\cmd.exe\"",
            "Computer": "WS-PC08.corp.local"
          },
          "severity": "MEDIUM",
          "hostname": "WS-PC08",
          "username": "s.patel",
          "processName": "net.exe",
          "eventId": "1",
          "sourceIp": "10.0.1.108",
          "timestamp": "2025-08-05T14:36:22Z",
          "isEvidence": true,
          "evidenceTag": "DOMAIN_ADMIN_ENUMERATION",
          "sortOrder": 1
        },
        {
          "logType": "SYSMON",
          "summary": "Sysmon Event ID 1 — Process creation: nltest.exe executed on WS-PC08 to discover domain controllers via '/dclist:corp.local'.",
          "rawLog": {
            "EventID": 1,
            "Source": "Microsoft-Windows-Sysmon",
            "UtcTime": "2025-08-05T14:36:45Z",
            "ProcessGuid": "{e8a4b2c1-3f91-66b1-a701-000000001200}",
            "ProcessId": 8220,
            "Image": "C:\\Windows\\System32\\nltest.exe",
            "CommandLine": "nltest /dclist:corp.local",
            "CurrentDirectory": "C:\\Users\\s.patel\\AppData\\Local\\Temp\\",
            "User": "CORP\\s.patel",
            "LogonGuid": "{e8a4b2c1-3f10-66b1-a401-000000001200}",
            "LogonId": "0x3E7A91C",
            "IntegrityLevel": "High",
            "Hashes": "SHA256:1A2B3C4D5E6F7A8B9C0D1E2F3A4B5C6D7E8F9A0B1C2D3E4F5A6B7C8D9E0F1A2B",
            "ParentProcessGuid": "{e8a4b2c1-3f7a-66b1-a301-000000001200}",
            "ParentProcessId": 5108,
            "ParentImage": "C:\\Windows\\System32\\cmd.exe",
            "ParentCommandLine": "\"C:\\Windows\\System32\\cmd.exe\"",
            "Computer": "WS-PC08.corp.local"
          },
          "severity": "MEDIUM",
          "hostname": "WS-PC08",
          "username": "s.patel",
          "processName": "nltest.exe",
          "eventId": "1",
          "sourceIp": "10.0.1.108",
          "timestamp": "2025-08-05T14:36:45Z",
          "isEvidence": true,
          "evidenceTag": "DC_DISCOVERY",
          "sortOrder": 2
        },
        {
          "logType": "DNS",
          "summary": "DNS query from WS-PC08 for _ldap._tcp.dc._msdcs.corp.local — SRV record lookup to locate domain controllers via DNS service discovery.",
          "rawLog": {
            "timestamp": "2025-08-05T14:36:50Z",
            "sourceIp": "10.0.1.108",
            "sourcePort": 54821,
            "destIp": "10.0.2.1",
            "destPort": 53,
            "queryName": "_ldap._tcp.dc._msdcs.corp.local",
            "queryType": "SRV",
            "responseCode": "NOERROR",
            "responseData": "0 100 389 srv-dc01.corp.local",
            "protocol": "UDP",
            "hostname": "WS-PC08"
          },
          "severity": "LOW",
          "hostname": "WS-PC08",
          "sourceIp": "10.0.1.108",
          "destIp": "10.0.2.1",
          "timestamp": "2025-08-05T14:36:50Z",
          "isEvidence": false,
          "sortOrder": 3
        },
        {
          "logType": "NETWORK_FLOW",
          "summary": "Network Flow — SMB port scanning detected: WS-PC08 (10.0.1.108) made rapid sequential connection attempts to port 445 across multiple hosts in the 10.0.1.0/24 and 10.0.3.0/24 subnets. 47 connections in 30 seconds.",
          "rawLog": {
            "timestamp": "2025-08-05T14:37:15Z",
            "srcIp": "10.0.1.108",
            "srcPort": 49890,
            "dstIp": "10.0.1.0/24, 10.0.3.0/24 (multiple)",
            "dstPort": 445,
            "protocol": "TCP",
            "connectionCount": 47,
            "timeWindow": "30s",
            "successfulConnections": [
              {"ip": "10.0.1.55", "hostname": "WS-PC12", "responseTime": "2ms"},
              {"ip": "10.0.3.15", "hostname": "SRV-FS02", "responseTime": "1ms"},
              {"ip": "10.0.3.20", "hostname": "SRV-APP01", "responseTime": "1ms"},
              {"ip": "10.0.2.5", "hostname": "SRV-DC01", "responseTime": "1ms"}
            ],
            "failedConnections": 43,
            "action": "ALLOW",
            "flowDirection": "outbound",
            "hostname": "WS-PC08"
          },
          "severity": "HIGH",
          "hostname": "WS-PC08",
          "sourceIp": "10.0.1.108",
          "timestamp": "2025-08-05T14:37:15Z",
          "isEvidence": true,
          "evidenceTag": "SMB_PORT_SCAN",
          "sortOrder": 4
        },
        {
          "logType": "EDR_ALERT",
          "summary": "EDR Alert — Reconnaissance activity detected on WS-PC08: Multiple discovery commands executed in rapid succession (net.exe, nltest.exe, dsquery.exe) consistent with domain enumeration playbook.",
          "rawLog": {
            "alertId": "EDR-2025-14875",
            "severity": "HIGH",
            "timestamp": "2025-08-05T14:37:30Z",
            "hostname": "WS-PC08",
            "username": "CORP\\s.patel",
            "alertType": "Discovery — Domain Enumeration",
            "detectionRule": "RECON_RAPID_DISCOVERY_COMMANDS",
            "mitreTactic": "Discovery",
            "mitreTechnique": "T1087.002",
            "correlatedProcesses": [
              {"process": "net.exe", "args": "group \"Domain Admins\" /domain", "time": "14:36:22Z"},
              {"process": "nltest.exe", "args": "/dclist:corp.local", "time": "14:36:45Z"},
              {"process": "dsquery.exe", "args": "computer -limit 0", "time": "14:37:01Z"},
              {"process": "net.exe", "args": "view /all /domain:corp", "time": "14:37:08Z"}
            ],
            "description": "Four distinct discovery/enumeration tools executed within a 46-second window from the same parent process (cmd.exe PID 5108). This pattern strongly indicates post-compromise reconnaissance.",
            "recommendation": "Investigate the parent process chain. Check if credentials have been dumped from this host. Alert the SOC lead for potential lateral movement."
          },
          "severity": "HIGH",
          "hostname": "WS-PC08",
          "username": "s.patel",
          "processName": "dsquery.exe",
          "timestamp": "2025-08-05T14:37:30Z",
          "isEvidence": true,
          "evidenceTag": "RECON_ACTIVITY_CORRELATED",
          "sortOrder": 5
        },
        {
          "logType": "SYSMON",
          "summary": "Sysmon Event ID 1 — Process creation: dsquery.exe executed on WS-PC08 to enumerate all computer objects in the domain. This is part of the attacker's reconnaissance to map potential lateral movement targets.",
          "rawLog": {
            "EventID": 1,
            "Source": "Microsoft-Windows-Sysmon",
            "UtcTime": "2025-08-05T14:37:01Z",
            "ProcessGuid": "{e8a4b2c1-3f92-66b1-a801-000000001200}",
            "ProcessId": 8452,
            "Image": "C:\\Windows\\System32\\dsquery.exe",
            "CommandLine": "dsquery computer -limit 0",
            "CurrentDirectory": "C:\\Users\\s.patel\\AppData\\Local\\Temp\\",
            "User": "CORP\\s.patel",
            "LogonGuid": "{e8a4b2c1-3f10-66b1-a401-000000001200}",
            "LogonId": "0x3E7A91C",
            "IntegrityLevel": "High",
            "Hashes": "SHA256:2B3C4D5E6F7A8B9C0D1E2F3A4B5C6D7E8F9A0B1C2D3E4F5A6B7C8D9E0F1A2B3C",
            "ParentProcessGuid": "{e8a4b2c1-3f7a-66b1-a301-000000001200}",
            "ParentProcessId": 5108,
            "ParentImage": "C:\\Windows\\System32\\cmd.exe",
            "ParentCommandLine": "\"C:\\Windows\\System32\\cmd.exe\"",
            "Computer": "WS-PC08.corp.local"
          },
          "severity": "MEDIUM",
          "hostname": "WS-PC08",
          "username": "s.patel",
          "processName": "dsquery.exe",
          "eventId": "1",
          "sourceIp": "10.0.1.108",
          "timestamp": "2025-08-05T14:37:01Z",
          "isEvidence": false,
          "sortOrder": 6
        }
      ],
      "hints": [
        {
          "content": "The attacker is running multiple discovery commands in rapid succession — net.exe, nltest.exe, and dsquery.exe. These are all legitimate Windows tools being abused for domain enumeration (T1087).",
          "pointsPenalty": 3,
          "sortOrder": 1
        },
        {
          "content": "The SMB scan (port 445) across two subnets shows the attacker is looking for accessible hosts. The successful connections (WS-PC12, SRV-FS02, SRV-APP01, SRV-DC01) are likely the next lateral movement targets.",
          "pointsPenalty": 4,
          "sortOrder": 2
        },
        {
          "content": "Notice that all reconnaissance commands share the same parent process — cmd.exe PID 5108 — the same command shell that launched the credential dumping tools in Stage 1. This is a single attacker session.",
          "pointsPenalty": 3,
          "sortOrder": 3
        }
      ]
    },
    {
      "stageNumber": 3,
      "title": "Pass-the-Hash Lateral Movement",
      "description": "Armed with stolen NTLM hashes and a map of the network, the attacker now moves laterally using Pass-the-Hash authentication and WMI remote execution. Track the movement across the environment.",
      "unlockCondition": "AFTER_PREVIOUS",
      "logs": [
        {
          "logType": "WINDOWS_EVENT",
          "summary": "Windows Event 4624 — Successful network logon (Type 3) on SRV-FS02 using NTLM authentication for domain admin account 'a.johnson'. Source is WS-PC08 (10.0.1.108). No prior Kerberos ticket events — strong Pass-the-Hash indicator.",
          "rawLog": {
            "EventID": 4624,
            "Source": "Microsoft-Windows-Security-Auditing",
            "TimeCreated": "2025-08-05T14:42:08Z",
            "Computer": "SRV-FS02.corp.local",
            "Channel": "Security",
            "SubjectUserSid": "S-1-0-0",
            "SubjectUserName": "-",
            "SubjectDomainName": "-",
            "SubjectLogonId": "0x0",
            "TargetUserSid": "S-1-5-21-3623811015-3361044348-30300820-1001",
            "TargetUserName": "a.johnson",
            "TargetDomainName": "CORP",
            "TargetLogonId": "0x4B8C2D1",
            "LogonType": 3,
            "LogonProcessName": "NtLmSsp",
            "AuthenticationPackageName": "NTLM",
            "WorkstationName": "WS-PC08",
            "LogonGuid": "{00000000-0000-0000-0000-000000000000}",
            "TransmittedServices": "-",
            "LmPackageName": "NTLM V2",
            "KeyLength": 128,
            "ProcessId": "0x0",
            "ProcessName": "-",
            "IpAddress": "10.0.1.108",
            "IpPort": "49912"
          },
          "severity": "HIGH",
          "hostname": "SRV-FS02",
          "username": "a.johnson",
          "eventId": "4624",
          "sourceIp": "10.0.1.108",
          "destIp": "10.0.3.15",
          "timestamp": "2025-08-05T14:42:08Z",
          "isEvidence": true,
          "evidenceTag": "PTH_LOGON_FILE_SERVER",
          "sortOrder": 1
        },
        {
          "logType": "WINDOWS_EVENT",
          "summary": "Windows Event 4648 — Explicit credential logon on WS-PC08: s.patel's session used a.johnson's credentials to connect to SRV-FS02 (10.0.3.15). This confirms credential misuse — s.patel should never use a.johnson's (domain admin) credentials.",
          "rawLog": {
            "EventID": 4648,
            "Source": "Microsoft-Windows-Security-Auditing",
            "TimeCreated": "2025-08-05T14:42:06Z",
            "Computer": "WS-PC08.corp.local",
            "Channel": "Security",
            "SubjectUserSid": "S-1-5-21-3623811015-3361044348-30300820-1134",
            "SubjectUserName": "s.patel",
            "SubjectDomainName": "CORP",
            "SubjectLogonId": "0x3E7A91C",
            "TargetUserName": "a.johnson",
            "TargetDomainName": "CORP",
            "TargetLogonId": "0x0",
            "TargetServerName": "SRV-FS02",
            "TargetInfo": "SRV-FS02.corp.local",
            "ProcessId": "0x18A4",
            "ProcessName": "C:\\Users\\s.patel\\AppData\\Local\\Temp\\svchelper.exe",
            "IpAddress": "10.0.3.15",
            "IpPort": "445"
          },
          "severity": "HIGH",
          "hostname": "WS-PC08",
          "username": "s.patel",
          "eventId": "4648",
          "sourceIp": "10.0.1.108",
          "destIp": "10.0.3.15",
          "timestamp": "2025-08-05T14:42:06Z",
          "isEvidence": true,
          "evidenceTag": "EXPLICIT_CREDENTIAL_USE",
          "sortOrder": 2
        },
        {
          "logType": "SYSMON",
          "summary": "Sysmon Event ID 1 — WMI remote process creation on SRV-APP01: WmiPrvSE.exe spawned cmd.exe which executed 'whoami && ipconfig /all && net localgroup administrators'. The attacker is using WMI to execute commands on SRV-APP01 after authenticating with stolen credentials.",
          "rawLog": {
            "EventID": 1,
            "Source": "Microsoft-Windows-Sysmon",
            "UtcTime": "2025-08-05T14:44:32Z",
            "ProcessGuid": "{d2b7a8f3-4c91-66b1-b201-000000000800}",
            "ProcessId": 3864,
            "Image": "C:\\Windows\\System32\\cmd.exe",
            "CommandLine": "cmd.exe /c \"whoami && ipconfig /all && net localgroup administrators\"",
            "CurrentDirectory": "C:\\Windows\\System32\\",
            "User": "CORP\\a.johnson",
            "LogonGuid": "{d2b7a8f3-4c8e-66b1-b101-000000000800}",
            "LogonId": "0x5D2F1A8",
            "IntegrityLevel": "High",
            "Hashes": "SHA256:B94317B7E1B6C81A14A14B4F tried2C3D4E5F6A7B8C9D0E1F2A3B4C5D6E7F8",
            "ParentProcessGuid": "{d2b7a8f3-0012-66b1-0001-000000000800}",
            "ParentProcessId": 1288,
            "ParentImage": "C:\\Windows\\System32\\wbem\\WmiPrvSE.exe",
            "ParentCommandLine": "C:\\Windows\\System32\\wbem\\WmiPrvSE.exe",
            "Computer": "SRV-APP01.corp.local"
          },
          "severity": "HIGH",
          "hostname": "SRV-APP01",
          "username": "a.johnson",
          "processName": "cmd.exe",
          "eventId": "1",
          "sourceIp": "10.0.1.108",
          "destIp": "10.0.3.20",
          "timestamp": "2025-08-05T14:44:32Z",
          "isEvidence": true,
          "evidenceTag": "WMI_REMOTE_EXECUTION",
          "sortOrder": 3
        },
        {
          "logType": "NETWORK_FLOW",
          "summary": "Network Flow — Multiple SMB connections from WS-PC08 to lateral targets: SRV-FS02 (10.0.3.15), SRV-APP01 (10.0.3.20), and WS-PC12 (10.0.1.55) over port 445. Significant data transfer (48 MB outbound to SRV-FS02).",
          "rawLog": {
            "timestamp": "2025-08-05T14:43:00Z",
            "flows": [
              {
                "srcIp": "10.0.1.108",
                "srcPort": 49912,
                "dstIp": "10.0.3.15",
                "dstPort": 445,
                "protocol": "TCP",
                "bytesIn": 2048,
                "bytesOut": 50331648,
                "duration": 45.2,
                "application": "SMB",
                "action": "ALLOW"
              },
              {
                "srcIp": "10.0.1.108",
                "srcPort": 49928,
                "dstIp": "10.0.3.20",
                "dstPort": 445,
                "protocol": "TCP",
                "bytesIn": 4096,
                "bytesOut": 8192,
                "duration": 12.8,
                "application": "SMB",
                "action": "ALLOW"
              },
              {
                "srcIp": "10.0.1.108",
                "srcPort": 49935,
                "dstIp": "10.0.1.55",
                "dstPort": 445,
                "protocol": "TCP",
                "bytesIn": 2048,
                "bytesOut": 4096,
                "duration": 5.1,
                "application": "SMB",
                "action": "ALLOW"
              }
            ],
            "hostname": "WS-PC08"
          },
          "severity": "HIGH",
          "hostname": "WS-PC08",
          "sourceIp": "10.0.1.108",
          "timestamp": "2025-08-05T14:43:00Z",
          "isEvidence": true,
          "evidenceTag": "LATERAL_MOVEMENT_SMB_FLOWS",
          "sortOrder": 4
        },
        {
          "logType": "EDR_ALERT",
          "summary": "EDR Alert — Pass-the-Hash detected: NTLM Type 3 logon for domain admin a.johnson originating from WS-PC08 (s.patel's workstation). a.johnson has never logged into WS-PC08 before. Hash-based authentication suspected.",
          "rawLog": {
            "alertId": "EDR-2025-14881",
            "severity": "CRITICAL",
            "timestamp": "2025-08-05T14:42:12Z",
            "hostname": "SRV-FS02",
            "username": "CORP\\a.johnson",
            "sourceHost": "WS-PC08",
            "sourceIp": "10.0.1.108",
            "alertType": "Lateral Movement — Pass-the-Hash Detected",
            "detectionRule": "LATERAL_PTH_NTLM_TYPE3_ANOMALY",
            "mitreTactic": "Lateral Movement",
            "mitreTechnique": "T1550.002",
            "description": "Domain admin account a.johnson authenticated via NTLM (Type 3 network logon) to SRV-FS02 from WS-PC08 (10.0.1.108). Baseline analysis shows a.johnson has never authenticated from this workstation. The use of NTLM instead of Kerberos in a domain environment combined with the anomalous source host strongly suggests Pass-the-Hash.",
            "affectedAccounts": ["CORP\\a.johnson"],
            "targetHosts": ["SRV-FS02", "SRV-APP01", "WS-PC12"],
            "recommendation": "Immediately reset a.johnson's password. Isolate WS-PC08. Review all systems a.johnson has admin access to."
          },
          "severity": "CRITICAL",
          "hostname": "SRV-FS02",
          "username": "a.johnson",
          "sourceIp": "10.0.1.108",
          "destIp": "10.0.3.15",
          "timestamp": "2025-08-05T14:42:12Z",
          "isEvidence": true,
          "evidenceTag": "PTH_DETECTION_ALERT",
          "sortOrder": 5
        },
        {
          "logType": "WINDOWS_EVENT",
          "summary": "Windows Event 4776 — NTLM credential validation on SRV-DC01 for a.johnson. The domain controller validated the NTLM authentication request originating from WS-PC08. Status: Success.",
          "rawLog": {
            "EventID": 4776,
            "Source": "Microsoft-Windows-Security-Auditing",
            "TimeCreated": "2025-08-05T14:42:07Z",
            "Computer": "SRV-DC01.corp.local",
            "Channel": "Security",
            "AuthenticationPackage": "MICROSOFT_AUTHENTICATION_PACKAGE_V1_0",
            "LogonAccount": "a.johnson",
            "SourceWorkstation": "WS-PC08",
            "Status": "0x0",
            "FailureReason": "%%2304"
          },
          "severity": "MEDIUM",
          "hostname": "SRV-DC01",
          "username": "a.johnson",
          "eventId": "4776",
          "sourceIp": "10.0.1.108",
          "destIp": "10.0.2.5",
          "timestamp": "2025-08-05T14:42:07Z",
          "isEvidence": true,
          "evidenceTag": "DC_NTLM_VALIDATION",
          "sortOrder": 6
        }
      ],
      "hints": [
        {
          "content": "The key Pass-the-Hash indicator is Event 4624 with LogonType 3 and AuthenticationPackageName 'NTLM'. In a Kerberos domain, network logons should normally use Kerberos — NTLM fallback from a different workstation is suspicious.",
          "pointsPenalty": 3,
          "sortOrder": 1
        },
        {
          "content": "Event 4648 on WS-PC08 shows s.patel's session explicitly used a.johnson's credentials to connect to SRV-FS02. The ProcessName field reveals svchelper.exe (Mimikatz) was the tool used for the Pass-the-Hash operation.",
          "pointsPenalty": 4,
          "sortOrder": 2
        },
        {
          "content": "On SRV-APP01, the process parent is WmiPrvSE.exe — this means the attacker used WMI for remote command execution. WMI-based lateral movement creates processes under WmiPrvSE.exe rather than the attacker's tool.",
          "pointsPenalty": 5,
          "sortOrder": 3
        }
      ]
    },
    {
      "stageNumber": 4,
      "title": "Domain Controller Compromise",
      "description": "The attacker has reached the ultimate target — the domain controller. Analyze how the attacker gained access to SRV-DC01 and what actions they performed to maintain persistence and extract domain-wide credentials.",
      "unlockCondition": "AFTER_PREVIOUS",
      "logs": [
        {
          "logType": "WINDOWS_EVENT",
          "summary": "Windows Event 4624 — Successful network logon (Type 3) on SRV-DC01 (Domain Controller) using NTLM authentication for domain admin a.johnson. Source: WS-PC08 (10.0.1.108). The attacker has authenticated to the DC via Pass-the-Hash.",
          "rawLog": {
            "EventID": 4624,
            "Source": "Microsoft-Windows-Security-Auditing",
            "TimeCreated": "2025-08-05T14:48:55Z",
            "Computer": "SRV-DC01.corp.local",
            "Channel": "Security",
            "SubjectUserSid": "S-1-0-0",
            "SubjectUserName": "-",
            "SubjectDomainName": "-",
            "SubjectLogonId": "0x0",
            "TargetUserSid": "S-1-5-21-3623811015-3361044348-30300820-1001",
            "TargetUserName": "a.johnson",
            "TargetDomainName": "CORP",
            "TargetLogonId": "0x7A3F2E1",
            "LogonType": 3,
            "LogonProcessName": "NtLmSsp",
            "AuthenticationPackageName": "NTLM",
            "WorkstationName": "WS-PC08",
            "LogonGuid": "{00000000-0000-0000-0000-000000000000}",
            "TransmittedServices": "-",
            "LmPackageName": "NTLM V2",
            "KeyLength": 128,
            "ProcessId": "0x0",
            "ProcessName": "-",
            "IpAddress": "10.0.1.108",
            "IpPort": "49978"
          },
          "severity": "CRITICAL",
          "hostname": "SRV-DC01",
          "username": "a.johnson",
          "eventId": "4624",
          "sourceIp": "10.0.1.108",
          "destIp": "10.0.2.5",
          "timestamp": "2025-08-05T14:48:55Z",
          "isEvidence": true,
          "evidenceTag": "PTH_LOGON_DOMAIN_CONTROLLER",
          "sortOrder": 1
        },
        {
          "logType": "WINDOWS_EVENT",
          "summary": "Windows Event 4672 — Special privileges assigned to a.johnson on SRV-DC01. Full domain admin privileges including SeBackupPrivilege, SeRestorePrivilege, and SeDebugPrivilege — the attacker has full control of the domain controller.",
          "rawLog": {
            "EventID": 4672,
            "Source": "Microsoft-Windows-Security-Auditing",
            "TimeCreated": "2025-08-05T14:48:56Z",
            "Computer": "SRV-DC01.corp.local",
            "Channel": "Security",
            "SubjectUserSid": "S-1-5-21-3623811015-3361044348-30300820-1001",
            "SubjectUserName": "a.johnson",
            "SubjectDomainName": "CORP",
            "SubjectLogonId": "0x7A3F2E1",
            "PrivilegeList": "SeSecurityPrivilege\n\t\tSeBackupPrivilege\n\t\tSeRestorePrivilege\n\t\tSeTakeOwnershipPrivilege\n\t\tSeDebugPrivilege\n\t\tSeSystemEnvironmentPrivilege\n\t\tSeLoadDriverPrivilege\n\t\tSeImpersonatePrivilege\n\t\tSeDelegateSessionUserImpersonatePrivilege\n\t\tSeEnableDelegationPrivilege"
          },
          "severity": "CRITICAL",
          "hostname": "SRV-DC01",
          "username": "a.johnson",
          "eventId": "4672",
          "sourceIp": "10.0.1.108",
          "destIp": "10.0.2.5",
          "timestamp": "2025-08-05T14:48:56Z",
          "isEvidence": true,
          "evidenceTag": "DC_ADMIN_PRIVILEGES",
          "sortOrder": 2
        },
        {
          "logType": "SYSMON",
          "summary": "Sysmon Event ID 1 — Process creation on SRV-DC01: ntdsutil.exe executed with 'activate instance ntds' and 'ifm' commands to create an Install From Media backup, which includes a copy of ntds.dit (the Active Directory database containing all domain password hashes).",
          "rawLog": {
            "EventID": 1,
            "Source": "Microsoft-Windows-Sysmon",
            "UtcTime": "2025-08-05T14:51:18Z",
            "ProcessGuid": "{a1c3e5f7-5d22-66b1-c801-000000000400}",
            "ProcessId": 4712,
            "Image": "C:\\Windows\\System32\\ntdsutil.exe",
            "CommandLine": "ntdsutil \"activate instance ntds\" ifm \"create full C:\\Windows\\Temp\\ntds_backup\" quit quit",
            "CurrentDirectory": "C:\\Windows\\System32\\",
            "User": "CORP\\a.johnson",
            "LogonGuid": "{a1c3e5f7-5d1f-66b1-c701-000000000400}",
            "LogonId": "0x7A3F2E1",
            "IntegrityLevel": "High",
            "Hashes": "SHA256:4A5B6C7D8E9F0A1B2C3D4E5F6A7B8C9D0E1F2A3B4C5D6E7F8A9B0C1D2E3F4A5B",
            "ParentProcessGuid": "{a1c3e5f7-5d20-66b1-c701-000000000400}",
            "ParentProcessId": 2948,
            "ParentImage": "C:\\Windows\\System32\\wbem\\WmiPrvSE.exe",
            "ParentCommandLine": "C:\\Windows\\System32\\wbem\\WmiPrvSE.exe",
            "Computer": "SRV-DC01.corp.local"
          },
          "severity": "CRITICAL",
          "hostname": "SRV-DC01",
          "username": "a.johnson",
          "processName": "ntdsutil.exe",
          "eventId": "1",
          "destIp": "10.0.2.5",
          "timestamp": "2025-08-05T14:51:18Z",
          "isEvidence": true,
          "evidenceTag": "NTDS_DIT_THEFT",
          "sortOrder": 3
        },
